2025-01-17 22:48:53 INFO::Writing function arguments to log file
2025-01-17 22:48:53 DEBUG::Function arguments
2025-01-17 22:48:53 DEBUG::Output folder: G:/deeplearning/CRC/benchmarker/code/Meta_iTL/Result/feature//TL/Meta_iTL/FR-CRC_AT-CRC_ITA-CRC_JPN-CRC_US-CRC-2_US-CRC-3_CHN_SH-CRC-2_CHN_SH-CRC-3_CHN_WF-CRC/S0.3/US-CRC-3_MaAslin
2025-01-17 22:48:53 DEBUG::Min Abundance: 0.000000
2025-01-17 22:48:53 DEBUG::Min Prevalence: 0.000000
2025-01-17 22:48:53 DEBUG::Normalization: NONE
2025-01-17 22:48:53 DEBUG::Transform: LOG
2025-01-17 22:48:53 DEBUG::Analysis method: LM
2025-01-17 22:48:53 DEBUG::Max significance: 0.250000
2025-01-17 22:48:53 DEBUG::Random effects:
2025-01-17 22:48:53 DEBUG::Fixed effects: Group
2025-01-17 22:48:53 DEBUG::Correction method: BH
2025-01-17 22:48:53 DEBUG::Standardize: TRUE
2025-01-17 22:48:53 DEBUG::Cores: 1
2025-01-17 22:48:53 INFO::Verifying options selected are valid
2025-01-17 22:48:53 INFO::Determining format of input files
2025-01-17 22:48:53 INFO::Input format is data samples as rows and metadata samples as rows
2025-01-17 22:48:53 DEBUG::A total of 5 samples were found in both the data and metadata
2025-01-17 22:48:53 DEBUG::Reordering data/metadata to use same sample ordering
2025-01-17 22:48:53 INFO::Formula for fixed effects: expr ~  Group
2025-01-17 22:48:53 INFO::Filter data based on min abundance and min prevalence
2025-01-17 22:48:53 INFO::Total samples in data: 5
2025-01-17 22:48:53 INFO::Min samples required with min abundance for a feature not to be filtered: 0.000000
2025-01-17 22:48:53 INFO::Total filtered features: 162
2025-01-17 22:48:53 INFO::Filtered feature names from abundance and prevalence filtering:
2025-01-17 22:48:53 INFO::Total filtered features with variance filtering: 0
2025-01-17 22:48:53 INFO::Filtered feature names from variance filtering:
2025-01-17 22:48:53 INFO::Running selected normalization method: NONE
2025-01-17 22:48:53 INFO::Applying z-score to standardize continuous metadata
2025-01-17 22:48:53 INFO::Running selected transform method: LOG
2025-01-17 22:48:53 INFO::Running selected analysis method: LM
2025-01-17 22:48:53 INFO::Fitting model to feature number 1, Ruminococcus_bromii
2025-01-17 22:48:53 INFO::Fitting model to feature number 2, Coprococcus_eutactus
2025-01-17 22:48:53 INFO::Fitting model to feature number 3, Eubacterium_rectale
2025-01-17 22:48:53 INFO::Fitting model to feature number 4, Phocaeicola_vulgatus
2025-01-17 22:48:53 INFO::Fitting model to feature number 5, Bacteroides_uniformis
2025-01-17 22:48:53 INFO::Fitting model to feature number 6, Bacteroides_cellulosilyticus
2025-01-17 22:48:53 INFO::Fitting model to feature number 7, Phocaeicola_massiliensis
2025-01-17 22:48:53 INFO::Fitting model to feature number 8, GGB4684_SGB6478
2025-01-17 22:48:53 INFO::Fitting model to feature number 9, Clostridium_sp_1001270H_150608_G6
2025-01-17 22:48:54 INFO::Fitting model to feature number 10, Akkermansia_muciniphila
2025-01-17 22:48:54 INFO::Fitting model to feature number 11, GGB3277_SGB4327
2025-01-17 22:48:54 INFO::Fitting model to feature number 12, Alistipes_putredinis
2025-01-17 22:48:54 INFO::Fitting model to feature number 13, Enterocloster_SGB14313
2025-01-17 22:48:54 INFO::Fitting model to feature number 14, GGB9758_SGB15368
2025-01-17 22:48:54 INFO::Fitting model to feature number 15, Roseburia_inulinivorans
2025-01-17 22:48:54 INFO::Fitting model to feature number 16, Ruminococcus_lactaris
2025-01-17 22:48:54 INFO::Fitting model to feature number 17, Bacteroides_xylanisolvens
2025-01-17 22:48:54 INFO::Fitting model to feature number 18, Clostridium_sp_AM49_4BH
2025-01-17 22:48:54 INFO::Fitting model to feature number 19, Lachnospira_sp_NSJ_43
2025-01-17 22:48:54 INFO::Fitting model to feature number 20, GGB3256_SGB4303
2025-01-17 22:48:54 INFO::Fitting model to feature number 21, Clostridium_SGB4648
2025-01-17 22:48:54 INFO::Fitting model to feature number 22, Odoribacter_splanchnicus
2025-01-17 22:48:54 INFO::Fitting model to feature number 23, Dorea_longicatena
2025-01-17 22:48:54 INFO::Fitting model to feature number 24, Parabacteroides_distasonis
2025-01-17 22:48:54 INFO::Fitting model to feature number 25, Faecalibacterium_prausnitzii
2025-01-17 22:48:54 INFO::Fitting model to feature number 26, Roseburia_faecis
2025-01-17 22:48:54 INFO::Fitting model to feature number 27, Coprococcus_comes
2025-01-17 22:48:54 INFO::Fitting model to feature number 28, Barnesiella_intestinihominis
2025-01-17 22:48:54 INFO::Fitting model to feature number 29, Desulfovibrio_SGB5077
2025-01-17 22:48:54 INFO::Fitting model to feature number 30, Firmicutes_bacterium_AF16_15
2025-01-17 22:48:54 INFO::Fitting model to feature number 31, Bacteroides_caccae
2025-01-17 22:48:54 INFO::Fitting model to feature number 32, Ruminococcus_torques
2025-01-17 22:48:54 INFO::Fitting model to feature number 33, GGB9342_SGB14306
2025-01-17 22:48:54 INFO::Fitting model to feature number 34, Bacteroides_finegoldii
2025-01-17 22:48:54 INFO::Fitting model to feature number 35, Dorea_formicigenerans
2025-01-17 22:48:54 INFO::Fitting model to feature number 36, Ruminococcus_bicirculans
2025-01-17 22:48:54 INFO::Fitting model to feature number 37, Bacteroides_ovatus
2025-01-17 22:48:54 INFO::Fitting model to feature number 38, Lachnospiraceae_bacterium
2025-01-17 22:48:54 INFO::Fitting model to feature number 39, Faecalibacillus_intestinalis
2025-01-17 22:48:54 INFO::Fitting model to feature number 40, GGB3612_SGB4882
2025-01-17 22:48:54 INFO::Fitting model to feature number 41, Blautia_wexlerae
2025-01-17 22:48:54 INFO::Fitting model to feature number 42, Eubacterium_siraeum
2025-01-17 22:48:54 INFO::Fitting model to feature number 43, GGB3653_SGB4964
2025-01-17 22:48:54 INFO::Fitting model to feature number 44, Staphylococcus_SGB6340
2025-01-17 22:48:54 INFO::Fitting model to feature number 45, Parabacteroides_merdae
2025-01-17 22:48:54 INFO::Fitting model to feature number 46, Phascolarctobacterium_faecium
2025-01-17 22:48:54 INFO::Fitting model to feature number 47, Clostridiaceae_bacterium
2025-01-17 22:48:54 INFO::Fitting model to feature number 48, Faecalicatena_fissicatena
2025-01-17 22:48:54 INFO::Fitting model to feature number 49, Blautia_sp_Marseille_P3087
2025-01-17 22:48:54 INFO::Fitting model to feature number 50, Bacteroides_stercoris
2025-01-17 22:48:54 INFO::Fitting model to feature number 51, Clostridiales_bacterium_KLE1615
2025-01-17 22:48:54 INFO::Fitting model to feature number 52, Blautia_faecis
2025-01-17 22:48:54 INFO::Fitting model to feature number 53, GGB9512_SGB14909
2025-01-17 22:48:54 INFO::Fitting model to feature number 54, Candidatus_Cibionibacter_quicibialis
2025-01-17 22:48:54 INFO::Fitting model to feature number 55, Blautia_obeum
2025-01-17 22:48:54 INFO::Fitting model to feature number 56, Coprobacter_secundus
2025-01-17 22:48:54 INFO::Fitting model to feature number 57, Anaerostipes_hadrus
2025-01-17 22:48:54 INFO::Fitting model to feature number 58, Bacteroides_salyersiae
2025-01-17 22:48:54 INFO::Fitting model to feature number 59, Fusicatenibacter_saccharivorans
2025-01-17 22:48:54 INFO::Fitting model to feature number 60, Anaerobutyricum_hallii
2025-01-17 22:48:54 INFO::Fitting model to feature number 61, Clostridium_fessum
2025-01-17 22:48:54 INFO::Fitting model to feature number 62, Lachnospira_eligens
2025-01-17 22:48:54 INFO::Fitting model to feature number 63, Clostridium_sp_AF34_10BH
2025-01-17 22:48:54 INFO::Fitting model to feature number 64, Streptococcus_salivarius
2025-01-17 22:48:54 INFO::Fitting model to feature number 65, Haemophilus_parainfluenzae
2025-01-17 22:48:54 INFO::Fitting model to feature number 66, Roseburia_hominis
2025-01-17 22:48:55 INFO::Fitting model to feature number 67, Blautia_SGB4815
2025-01-17 22:48:55 INFO::Fitting model to feature number 68, Parasutterella_excrementihominis
2025-01-17 22:48:55 INFO::Fitting model to feature number 69, Clostridium_sp_AF20_17LB
2025-01-17 22:48:55 INFO::Fitting model to feature number 70, Clostridium_sp_AM22_11AC
2025-01-17 22:48:55 INFO::Fitting model to feature number 71, Clostridiaceae_bacterium_AF18_31LB
2025-01-17 22:48:55 INFO::Fitting model to feature number 72, Clostridiaceae_bacterium_Marseille_Q4149
2025-01-17 22:48:55 INFO::Fitting model to feature number 73, Collinsella_SGB14861
2025-01-17 22:48:55 INFO::Fitting model to feature number 74, Lacrimispora_celerecrescens
2025-01-17 22:48:55 INFO::Fitting model to feature number 75, Clostridium_sp_AF36_4
2025-01-17 22:48:55 INFO::Fitting model to feature number 76, Dysosmobacter_sp_BX15
2025-01-17 22:48:55 INFO::Fitting model to feature number 77, Coprococcus_catus
2025-01-17 22:48:55 INFO::Fitting model to feature number 78, Dorea_sp_AF24_7LB
2025-01-17 22:48:55 INFO::Fitting model to feature number 79, Coprococcus_SGB4669
2025-01-17 22:48:55 INFO::Fitting model to feature number 80, Faecalibacterium_SGB15346
2025-01-17 22:48:55 INFO::Fitting model to feature number 81, Catenibacterium_SGB4425
2025-01-17 22:48:55 INFO::Fitting model to feature number 82, Clostridium_sp_AF34_13
2025-01-17 22:48:55 INFO::Fitting model to feature number 83, Eubacterium_ramulus
2025-01-17 22:48:55 INFO::Fitting model to feature number 84, Alistipes_shahii
2025-01-17 22:48:55 INFO::Fitting model to feature number 85, GGB80011_SGB15267
2025-01-17 22:48:55 INFO::Fitting model to feature number 86, GGB2653_SGB3574
2025-01-17 22:48:55 INFO::Fitting model to feature number 87, Clostridium_sp_AM33_3
2025-01-17 22:48:55 INFO::Fitting model to feature number 88, Blautia_massiliensis
2025-01-17 22:48:55 INFO::Fitting model to feature number 89, Lacrimispora_amygdalina
2025-01-17 22:48:55 INFO::Fitting model to feature number 90, Blautia_glucerasea
2025-01-17 22:48:55 INFO::Fitting model to feature number 91, Agathobaculum_butyriciproducens
2025-01-17 22:48:55 INFO::Fitting model to feature number 92, Alistipes_onderdonkii
2025-01-17 22:48:55 INFO::Fitting model to feature number 93, GGB80140_SGB15224
2025-01-17 22:48:55 INFO::Fitting model to feature number 94, Clostridiaceae_bacterium_Marseille_Q4143
2025-01-17 22:48:55 INFO::Fitting model to feature number 95, Parasutterella_SGB9260
2025-01-17 22:48:55 INFO::Fitting model to feature number 96, GGB33469_SGB15236
2025-01-17 22:48:55 INFO::Fitting model to feature number 97, Turicibacter_bilis
2025-01-17 22:48:55 INFO::Fitting model to feature number 98, GGB79734_SGB15291
2025-01-17 22:48:55 INFO::Fitting model to feature number 99, Hydrogenoanaerobacterium_saccharovorans
2025-01-17 22:48:55 INFO::Fitting model to feature number 100, Desulfovibrio_piger
2025-01-17 22:48:55 INFO::Fitting model to feature number 101, Oscillibacter_sp_ER4
2025-01-17 22:48:55 INFO::Fitting model to feature number 102, Clostridiales_Family_XIII_bacterium_BX16
2025-01-17 22:48:55 INFO::Fitting model to feature number 103, GGB9713_SGB15249
2025-01-17 22:48:55 INFO::Fitting model to feature number 104, Klebsiella_pneumoniae
2025-01-17 22:48:55 INFO::Fitting model to feature number 105, Oscillospiraceae_unclassified_SGB15256
2025-01-17 22:48:55 INFO::Fitting model to feature number 106, Roseburia_sp_AF02_12
2025-01-17 22:48:55 INFO::Fitting model to feature number 107, Waltera_intestinalis
2025-01-17 22:48:55 INFO::Fitting model to feature number 108, Dorea_sp_AF36_15AT
2025-01-17 22:48:56 INFO::Fitting model to feature number 109, Bilophila_wadsworthia
2025-01-17 22:48:56 INFO::Fitting model to feature number 110, Lachnospiraceae_bacterium_Marseille_Q4251
2025-01-17 22:48:56 INFO::Fitting model to feature number 111, Bifidobacterium_longum
2025-01-17 22:48:56 INFO::Fitting model to feature number 112, Negativibacillus_massiliensis
2025-01-17 22:48:56 INFO::Fitting model to feature number 113, GGB9699_SGB15216
2025-01-17 22:48:56 INFO::Fitting model to feature number 114, Sutterella_wadsworthensis
2025-01-17 22:48:56 INFO::Fitting model to feature number 115, Clostridium_sp_AF27_2AA
2025-01-17 22:48:56 INFO::Fitting model to feature number 116, Roseburia_intestinalis
2025-01-17 22:48:56 INFO::Fitting model to feature number 117, Oscillospiraceae_bacterium
2025-01-17 22:48:56 INFO::Fitting model to feature number 118, GGB9760_SGB15374
2025-01-17 22:48:56 INFO::Fitting model to feature number 119, Alistipes_communis
2025-01-17 22:48:56 INFO::Fitting model to feature number 120, Bifidobacterium_adolescentis
2025-01-17 22:48:56 INFO::Fitting model to feature number 121, Prevotella_copri_clade_C
2025-01-17 22:48:56 INFO::Fitting model to feature number 122, Bifidobacterium_bifidum
2025-01-17 22:48:56 INFO::Fitting model to feature number 123, Prevotella_copri_clade_A
2025-01-17 22:48:56 INFO::Fitting model to feature number 124, Collinsella_aerofaciens
2025-01-17 22:48:56 INFO::Fitting model to feature number 125, Gemmiger_formicilis
2025-01-17 22:48:56 INFO::Fitting model to feature number 126, Bacteroides_thetaiotaomicron
2025-01-17 22:48:56 INFO::Fitting model to feature number 127, Bacteroides_fragilis
2025-01-17 22:48:56 INFO::Fitting model to feature number 128, Holdemanella_porci
2025-01-17 22:48:56 INFO::Fitting model to feature number 129, GGB9760_SGB15373
2025-01-17 22:48:56 INFO::Fitting model to feature number 130, Anaerotignum_faecicola
2025-01-17 22:48:56 INFO::Fitting model to feature number 131, Senegalimassilia_anaerobia
2025-01-17 22:48:56 INFO::Fitting model to feature number 132, GGB34797_SGB14322
2025-01-17 22:48:56 INFO::Fitting model to feature number 133, Holdemanella_biformis
2025-01-17 22:48:56 INFO::Fitting model to feature number 134, GGB33928_SGB15225
2025-01-17 22:48:56 INFO::Fitting model to feature number 135, Clostridiales_bacterium
2025-01-17 22:48:56 INFO::Fitting model to feature number 136, Eubacteriales_unclassified_SGB15145
2025-01-17 22:48:56 INFO::Fitting model to feature number 137, GGB9614_SGB15049
2025-01-17 22:48:56 INFO::Fitting model to feature number 138, Vescimonas_coprocola
2025-01-17 22:48:56 INFO::Fitting model to feature number 139, Flavonifractor_plautii
2025-01-17 22:48:56 INFO::Fitting model to feature number 140, Collinsella_SGB4121
2025-01-17 22:48:56 INFO::Fitting model to feature number 141, Faecalibacterium_SGB15315
2025-01-17 22:48:56 INFO::Fitting model to feature number 142, Dysosmobacter_welbionis
2025-01-17 22:48:56 INFO::Fitting model to feature number 143, Clostridium_leptum
2025-01-17 22:48:56 INFO::Fitting model to feature number 144, Eggerthella_lenta
2025-01-17 22:48:56 INFO::Fitting model to feature number 145, Prevotella_stercorea
2025-01-17 22:48:56 INFO::Fitting model to feature number 146, Phascolarctobacterium_succinatutens
2025-01-17 22:48:56 INFO::Fitting model to feature number 147, Lachnospira_pectinoschiza
2025-01-17 22:48:56 INFO::Fitting model to feature number 148, Anaerobutyricum_soehngenii
2025-01-17 22:48:56 INFO::Fitting model to feature number 149, GGB51647_SGB4348
2025-01-17 22:48:56 INFO::Fitting model to feature number 150, Butyricimonas_faecihominis
2025-01-17 22:48:57 INFO::Fitting model to feature number 151, Lawsonibacter_asaccharolyticus
2025-01-17 22:48:57 INFO::Fitting model to feature number 152, Dysosmobacter_sp_NSJ_60
2025-01-17 22:48:57 INFO::Fitting model to feature number 153, Intestinimonas_butyriciproducens
2025-01-17 22:48:57 INFO::Fitting model to feature number 154, GGB9708_SGB15234
2025-01-17 22:48:57 INFO::Fitting model to feature number 155, Faecalibacillus_faecis
2025-01-17 22:48:57 INFO::Fitting model to feature number 156, GGB9524_SGB14924
2025-01-17 22:48:57 INFO::Fitting model to feature number 157, GGB3321_SGB4394
2025-01-17 22:48:57 INFO::Fitting model to feature number 158, Ruthenibacterium_lactatiformans
2025-01-17 22:48:57 INFO::Fitting model to feature number 159, GGB47687_SGB2286
2025-01-17 22:48:57 INFO::Fitting model to feature number 160, GGB9619_SGB15067
2025-01-17 22:48:57 INFO::Fitting model to feature number 161, Clostridium_scindens
2025-01-17 22:48:57 INFO::Fitting model to feature number 162, Clostridium_SGB6179
2025-01-17 22:48:57 INFO::Fitting model to feature number 163, GGB9453_SGB14845
2025-01-17 22:48:57 INFO::Fitting model to feature number 164, Ruminococcus_sp_BSD2780120874_150323_B10
2025-01-17 22:48:57 INFO::Fitting model to feature number 165, GGB4566_SGB6305
2025-01-17 22:48:57 INFO::Fitting model to feature number 166, Eubacterium_sp_AF34_35BH
2025-01-17 22:48:57 INFO::Fitting model to feature number 167, Adlercreutzia_equolifaciens
2025-01-17 22:48:57 INFO::Fitting model to feature number 168, Alistipes_finegoldii
2025-01-17 22:48:57 INFO::Fitting model to feature number 169, Alistipes_ihumii
2025-01-17 22:48:57 INFO::Fitting model to feature number 170, Evtepia_gabavorous
2025-01-17 22:48:57 INFO::Fitting model to feature number 171, Ruminococcus_gnavus
2025-01-17 22:48:57 INFO::Fitting model to feature number 172, GGB3005_SGB3996
2025-01-17 22:48:57 INFO::Fitting model to feature number 173, Mediterraneibacter_glycyrrhizinilyticus
2025-01-17 22:48:57 INFO::Fitting model to feature number 174, Methylobacterium_SGB15164
2025-01-17 22:48:57 INFO::Fitting model to feature number 175, Clostridiaceae_bacterium_Marseille_Q3526
2025-01-17 22:48:57 INFO::Fitting model to feature number 176, Clostridium_sp_AT4
2025-01-17 22:48:57 INFO::Fitting model to feature number 177, Blautia_caecimuris
2025-01-17 22:48:57 INFO::Fitting model to feature number 178, Clostridia_bacterium
2025-01-17 22:48:57 INFO::Fitting model to feature number 179, GGB3819_SGB5184
2025-01-17 22:48:57 INFO::Fitting model to feature number 180, Butyricimonas_SGB15260
2025-01-17 22:48:57 INFO::Fitting model to feature number 181, Blautia_stercoris
2025-01-17 22:48:57 INFO::Fitting model to feature number 182, GGB79973_SGB14341
2025-01-17 22:48:57 INFO::Fitting model to feature number 183, Clostridiaceae_unclassified_SGB15090
2025-01-17 22:48:57 INFO::Fitting model to feature number 184, GGB42994_SGB4746
2025-01-17 22:48:57 INFO::Fitting model to feature number 185, Sanguibacter_SGB15121
2025-01-17 22:48:57 INFO::Fitting model to feature number 186, Vescimonas_SGB15087
2025-01-17 22:48:57 INFO::Fitting model to feature number 187, GGB9453_SGB14844
2025-01-17 22:48:57 INFO::Fitting model to feature number 188, Alistipes_dispar
2025-01-17 22:48:57 INFO::Fitting model to feature number 189, GGB3363_SGB4447
2025-01-17 22:48:57 INFO::Fitting model to feature number 190, Blautia_producta
2025-01-17 22:48:57 INFO::Fitting model to feature number 191, Monoglobus_pectinilyticus
2025-01-17 22:48:57 INFO::Fitting model to feature number 192, Dialister_hominis
2025-01-17 22:48:57 INFO::Counting total values for each feature
2025-01-17 22:48:57 INFO::Writing residuals to file G:/deeplearning/CRC/benchmarker/code/Meta_iTL/Result/feature//TL/Meta_iTL/FR-CRC_AT-CRC_ITA-CRC_JPN-CRC_US-CRC-2_US-CRC-3_CHN_SH-CRC-2_CHN_SH-CRC-3_CHN_WF-CRC/S0.3/US-CRC-3_MaAslin/residuals.rds
2025-01-17 22:48:57 INFO::Writing fitted values to file G:/deeplearning/CRC/benchmarker/code/Meta_iTL/Result/feature//TL/Meta_iTL/FR-CRC_AT-CRC_ITA-CRC_JPN-CRC_US-CRC-2_US-CRC-3_CHN_SH-CRC-2_CHN_SH-CRC-3_CHN_WF-CRC/S0.3/US-CRC-3_MaAslin/fitted.rds
2025-01-17 22:48:57 INFO::Writing all results to file (ordered by increasing q-values): G:/deeplearning/CRC/benchmarker/code/Meta_iTL/Result/feature//TL/Meta_iTL/FR-CRC_AT-CRC_ITA-CRC_JPN-CRC_US-CRC-2_US-CRC-3_CHN_SH-CRC-2_CHN_SH-CRC-3_CHN_WF-CRC/S0.3/US-CRC-3_MaAslin/all_results.tsv
2025-01-17 22:48:57 INFO::Writing the significant results (those which are less than or equal to the threshold of 0.250000 ) to file (ordered by increasing q-values): G:/deeplearning/CRC/benchmarker/code/Meta_iTL/Result/feature//TL/Meta_iTL/FR-CRC_AT-CRC_ITA-CRC_JPN-CRC_US-CRC-2_US-CRC-3_CHN_SH-CRC-2_CHN_SH-CRC-3_CHN_WF-CRC/S0.3/US-CRC-3_MaAslin/significant_results.tsv
2025-01-17 22:48:57 INFO::Writing heatmap of significant results to file: G:/deeplearning/CRC/benchmarker/code/Meta_iTL/Result/feature//TL/Meta_iTL/FR-CRC_AT-CRC_ITA-CRC_JPN-CRC_US-CRC-2_US-CRC-3_CHN_SH-CRC-2_CHN_SH-CRC-3_CHN_WF-CRC/S0.3/US-CRC-3_MaAslin/heatmap.pdf
2025-01-17 22:48:57 INFO::Writing association plots (one for each significant association) to output folder: G:/deeplearning/CRC/benchmarker/code/Meta_iTL/Result/feature//TL/Meta_iTL/FR-CRC_AT-CRC_ITA-CRC_JPN-CRC_US-CRC-2_US-CRC-3_CHN_SH-CRC-2_CHN_SH-CRC-3_CHN_WF-CRC/S0.3/US-CRC-3_MaAslin
2025-01-17 22:48:57 INFO::Plotting associations from most to least significant, grouped by metadata
2025-01-17 22:48:57 INFO::Plotting data for metadata number 1, Group
2025-01-17 22:48:57 INFO::Creating boxplot for categorical data, Group vs Ruminococcus_lactaris
2025-01-17 22:48:58 INFO::Creating boxplot for categorical data, Group vs Clostridium_sp_AF27_2AA
2025-01-17 22:48:58 INFO::Creating boxplot for categorical data, Group vs Collinsella_SGB14861
2025-01-17 22:48:58 INFO::Creating boxplot for categorical data, Group vs Klebsiella_pneumoniae
2025-01-17 22:48:58 INFO::Creating boxplot for categorical data, Group vs Faecalibacillus_intestinalis
2025-01-17 22:48:58 INFO::Creating boxplot for categorical data, Group vs Staphylococcus_SGB6340
2025-01-17 22:48:59 INFO::Creating boxplot for categorical data, Group vs Blautia_glucerasea
2025-01-17 22:48:59 INFO::Creating boxplot for categorical data, Group vs Alistipes_ihumii
2025-01-17 22:48:59 INFO::Creating boxplot for categorical data, Group vs GGB3612_SGB4882
2025-01-17 22:48:59 INFO::Creating boxplot for categorical data, Group vs Clostridium_sp_AF20_17LB
2025-01-17 22:48:59 INFO::Creating boxplot for categorical data, Group vs GGB9453_SGB14845
2025-01-17 22:48:59 INFO::Creating boxplot for categorical data, Group vs Vescimonas_SGB15087
2025-01-17 22:49:00 INFO::Creating boxplot for categorical data, Group vs Eubacterium_sp_AF34_35BH
2025-01-17 22:49:00 INFO::Creating boxplot for categorical data, Group vs Hydrogenoanaerobacterium_saccharovorans
2025-01-17 22:49:00 INFO::Creating boxplot for categorical data, Group vs GGB2653_SGB3574
2025-01-17 22:49:00 INFO::Creating boxplot for categorical data, Group vs Eubacterium_ramulus
2025-01-17 22:49:00 INFO::Creating boxplot for categorical data, Group vs GGB9453_SGB14844
2025-01-17 22:49:00 INFO::Creating boxplot for categorical data, Group vs GGB9619_SGB15067
2025-01-17 22:49:01 INFO::Creating boxplot for categorical data, Group vs GGB4566_SGB6305
2025-01-17 22:49:01 INFO::Creating boxplot for categorical data, Group vs GGB9708_SGB15234
2025-01-17 22:49:01 INFO::Creating boxplot for categorical data, Group vs Odoribacter_splanchnicus
2025-01-17 22:49:01 INFO::Creating boxplot for categorical data, Group vs Adlercreutzia_equolifaciens
2025-01-17 22:49:01 INFO::Creating boxplot for categorical data, Group vs Bacteroides_cellulosilyticus
2025-01-17 22:49:01 INFO::Creating boxplot for categorical data, Group vs Blautia_producta
2025-01-17 22:49:02 INFO::Creating boxplot for categorical data, Group vs Firmicutes_bacterium_AF16_15
2025-01-17 22:49:02 INFO::Creating boxplot for categorical data, Group vs Eggerthella_lenta
