2025-01-17 22:47:39 INFO::Writing function arguments to log file
2025-01-17 22:47:39 DEBUG::Function arguments
2025-01-17 22:47:39 DEBUG::Output folder: G:/deeplearning/CRC/benchmarker/code/Meta_iTL/Result/feature//TL/Meta_iTL/FR-CRC_AT-CRC_ITA-CRC_JPN-CRC_US-CRC-2_US-CRC-3_CHN_SH-CRC-2_CHN_SH-CRC-3_CHN_WF-CRC/S0.2/US-CRC-3_MaAslin
2025-01-17 22:47:39 DEBUG::Min Abundance: 0.000000
2025-01-17 22:47:39 DEBUG::Min Prevalence: 0.000000
2025-01-17 22:47:39 DEBUG::Normalization: NONE
2025-01-17 22:47:39 DEBUG::Transform: LOG
2025-01-17 22:47:39 DEBUG::Analysis method: LM
2025-01-17 22:47:39 DEBUG::Max significance: 0.250000
2025-01-17 22:47:39 DEBUG::Random effects:
2025-01-17 22:47:39 DEBUG::Fixed effects: Group
2025-01-17 22:47:39 DEBUG::Correction method: BH
2025-01-17 22:47:39 DEBUG::Standardize: TRUE
2025-01-17 22:47:39 DEBUG::Cores: 1
2025-01-17 22:47:39 INFO::Verifying options selected are valid
2025-01-17 22:47:39 INFO::Determining format of input files
2025-01-17 22:47:39 INFO::Input format is data samples as rows and metadata samples as rows
2025-01-17 22:47:39 DEBUG::A total of 4 samples were found in both the data and metadata
2025-01-17 22:47:39 DEBUG::Reordering data/metadata to use same sample ordering
2025-01-17 22:47:39 INFO::Formula for fixed effects: expr ~  Group
2025-01-17 22:47:39 INFO::Filter data based on min abundance and min prevalence
2025-01-17 22:47:39 INFO::Total samples in data: 4
2025-01-17 22:47:39 INFO::Min samples required with min abundance for a feature not to be filtered: 0.000000
2025-01-17 22:47:39 INFO::Total filtered features: 176
2025-01-17 22:47:39 INFO::Filtered feature names from abundance and prevalence filtering:
2025-01-17 22:47:39 INFO::Total filtered features with variance filtering: 0
2025-01-17 22:47:39 INFO::Filtered feature names from variance filtering:
2025-01-17 22:47:39 INFO::Running selected normalization method: NONE
2025-01-17 22:47:39 INFO::Applying z-score to standardize continuous metadata
2025-01-17 22:47:39 INFO::Running selected transform method: LOG
2025-01-17 22:47:39 INFO::Running selected analysis method: LM
2025-01-17 22:47:39 INFO::Fitting model to feature number 1, Ruminococcus_bromii
2025-01-17 22:47:39 INFO::Fitting model to feature number 2, Eubacterium_rectale
2025-01-17 22:47:39 INFO::Fitting model to feature number 3, Phocaeicola_vulgatus
2025-01-17 22:47:39 INFO::Fitting model to feature number 4, Bacteroides_uniformis
2025-01-17 22:47:39 INFO::Fitting model to feature number 5, Bacteroides_cellulosilyticus
2025-01-17 22:47:39 INFO::Fitting model to feature number 6, Phocaeicola_massiliensis
2025-01-17 22:47:39 INFO::Fitting model to feature number 7, GGB4684_SGB6478
2025-01-17 22:47:39 INFO::Fitting model to feature number 8, Clostridium_sp_1001270H_150608_G6
2025-01-17 22:47:39 INFO::Fitting model to feature number 9, GGB3277_SGB4327
2025-01-17 22:47:39 INFO::Fitting model to feature number 10, Alistipes_putredinis
2025-01-17 22:47:39 INFO::Fitting model to feature number 11, Enterocloster_SGB14313
2025-01-17 22:47:39 INFO::Fitting model to feature number 12, GGB9758_SGB15368
2025-01-17 22:47:39 INFO::Fitting model to feature number 13, Roseburia_inulinivorans
2025-01-17 22:47:39 INFO::Fitting model to feature number 14, Ruminococcus_lactaris
2025-01-17 22:47:39 INFO::Fitting model to feature number 15, Bacteroides_xylanisolvens
2025-01-17 22:47:39 INFO::Fitting model to feature number 16, Clostridium_sp_AM49_4BH
2025-01-17 22:47:39 INFO::Fitting model to feature number 17, Lachnospira_sp_NSJ_43
2025-01-17 22:47:39 INFO::Fitting model to feature number 18, Odoribacter_splanchnicus
2025-01-17 22:47:39 INFO::Fitting model to feature number 19, Dorea_longicatena
2025-01-17 22:47:39 INFO::Fitting model to feature number 20, Parabacteroides_distasonis
2025-01-17 22:47:39 INFO::Fitting model to feature number 21, Faecalibacterium_prausnitzii
2025-01-17 22:47:39 INFO::Fitting model to feature number 22, Roseburia_faecis
2025-01-17 22:47:39 INFO::Fitting model to feature number 23, Coprococcus_comes
2025-01-17 22:47:40 INFO::Fitting model to feature number 24, Barnesiella_intestinihominis
2025-01-17 22:47:40 INFO::Fitting model to feature number 25, Desulfovibrio_SGB5077
2025-01-17 22:47:40 INFO::Fitting model to feature number 26, Firmicutes_bacterium_AF16_15
2025-01-17 22:47:40 INFO::Fitting model to feature number 27, Bacteroides_caccae
2025-01-17 22:47:40 INFO::Fitting model to feature number 28, Ruminococcus_torques
2025-01-17 22:47:40 INFO::Fitting model to feature number 29, GGB9342_SGB14306
2025-01-17 22:47:40 INFO::Fitting model to feature number 30, Dorea_formicigenerans
2025-01-17 22:47:40 INFO::Fitting model to feature number 31, Phocaeicola_dorei
2025-01-17 22:47:40 INFO::Fitting model to feature number 32, Bacteroides_ovatus
2025-01-17 22:47:40 INFO::Fitting model to feature number 33, Lachnospiraceae_bacterium
2025-01-17 22:47:40 INFO::Fitting model to feature number 34, Faecalibacillus_intestinalis
2025-01-17 22:47:40 INFO::Fitting model to feature number 35, GGB3612_SGB4882
2025-01-17 22:47:40 INFO::Fitting model to feature number 36, Blautia_wexlerae
2025-01-17 22:47:40 INFO::Fitting model to feature number 37, Eubacterium_siraeum
2025-01-17 22:47:40 INFO::Fitting model to feature number 38, Eubacteriaceae_bacterium
2025-01-17 22:47:40 INFO::Fitting model to feature number 39, GGB3653_SGB4964
2025-01-17 22:47:40 INFO::Fitting model to feature number 40, Staphylococcus_SGB6340
2025-01-17 22:47:40 INFO::Fitting model to feature number 41, Parabacteroides_merdae
2025-01-17 22:47:40 INFO::Fitting model to feature number 42, Phascolarctobacterium_faecium
2025-01-17 22:47:40 INFO::Fitting model to feature number 43, Clostridiaceae_bacterium
2025-01-17 22:47:40 INFO::Fitting model to feature number 44, Faecalicatena_fissicatena
2025-01-17 22:47:40 INFO::Fitting model to feature number 45, Blautia_sp_Marseille_P3087
2025-01-17 22:47:40 INFO::Fitting model to feature number 46, Butyricimonas_virosa
2025-01-17 22:47:40 INFO::Fitting model to feature number 47, Bacteroides_stercoris
2025-01-17 22:47:40 INFO::Fitting model to feature number 48, Clostridiales_bacterium_KLE1615
2025-01-17 22:47:40 INFO::Fitting model to feature number 49, Blautia_faecis
2025-01-17 22:47:40 INFO::Fitting model to feature number 50, GGB9512_SGB14909
2025-01-17 22:47:40 INFO::Fitting model to feature number 51, Candidatus_Cibionibacter_quicibialis
2025-01-17 22:47:40 INFO::Fitting model to feature number 52, Blautia_obeum
2025-01-17 22:47:40 INFO::Fitting model to feature number 53, Anaerostipes_hadrus
2025-01-17 22:47:40 INFO::Fitting model to feature number 54, Bacteroides_salyersiae
2025-01-17 22:47:40 INFO::Fitting model to feature number 55, Fusicatenibacter_saccharivorans
2025-01-17 22:47:40 INFO::Fitting model to feature number 56, Anaerobutyricum_hallii
2025-01-17 22:47:40 INFO::Fitting model to feature number 57, Clostridium_fessum
2025-01-17 22:47:40 INFO::Fitting model to feature number 58, Lachnospira_eligens
2025-01-17 22:47:40 INFO::Fitting model to feature number 59, Clostridium_sp_AF34_10BH
2025-01-17 22:47:40 INFO::Fitting model to feature number 60, Streptococcus_salivarius
2025-01-17 22:47:40 INFO::Fitting model to feature number 61, Haemophilus_parainfluenzae
2025-01-17 22:47:40 INFO::Fitting model to feature number 62, Roseburia_hominis
2025-01-17 22:47:40 INFO::Fitting model to feature number 63, Blautia_SGB4815
2025-01-17 22:47:40 INFO::Fitting model to feature number 64, Parasutterella_excrementihominis
2025-01-17 22:47:40 INFO::Fitting model to feature number 65, Clostridium_sp_AF20_17LB
2025-01-17 22:47:40 INFO::Fitting model to feature number 66, Clostridium_sp_AM22_11AC
2025-01-17 22:47:41 INFO::Fitting model to feature number 67, Clostridiaceae_bacterium_AF18_31LB
2025-01-17 22:47:41 INFO::Fitting model to feature number 68, Clostridiaceae_bacterium_Marseille_Q4149
2025-01-17 22:47:41 INFO::Fitting model to feature number 69, Collinsella_SGB14861
2025-01-17 22:47:41 INFO::Fitting model to feature number 70, Lacrimispora_celerecrescens
2025-01-17 22:47:41 INFO::Fitting model to feature number 71, Clostridium_sp_AF36_4
2025-01-17 22:47:41 INFO::Fitting model to feature number 72, Dysosmobacter_sp_BX15
2025-01-17 22:47:41 INFO::Fitting model to feature number 73, Coprobacter_fastidiosus
2025-01-17 22:47:41 INFO::Fitting model to feature number 74, Coprococcus_catus
2025-01-17 22:47:41 INFO::Fitting model to feature number 75, Dorea_sp_AF24_7LB
2025-01-17 22:47:41 INFO::Fitting model to feature number 76, Coprococcus_SGB4669
2025-01-17 22:47:41 INFO::Fitting model to feature number 77, Faecalibacterium_SGB15346
2025-01-17 22:47:41 INFO::Fitting model to feature number 78, Clostridium_sp_AF34_13
2025-01-17 22:47:41 INFO::Fitting model to feature number 79, Eubacterium_ramulus
2025-01-17 22:47:41 INFO::Fitting model to feature number 80, Alistipes_shahii
2025-01-17 22:47:41 INFO::Fitting model to feature number 81, GGB80011_SGB15267
2025-01-17 22:47:41 INFO::Fitting model to feature number 82, GGB2653_SGB3574
2025-01-17 22:47:41 INFO::Fitting model to feature number 83, Blautia_massiliensis
2025-01-17 22:47:41 INFO::Fitting model to feature number 84, Lacrimispora_amygdalina
2025-01-17 22:47:41 INFO::Fitting model to feature number 85, Blautia_glucerasea
2025-01-17 22:47:41 INFO::Fitting model to feature number 86, Agathobaculum_butyriciproducens
2025-01-17 22:47:41 INFO::Fitting model to feature number 87, Alistipes_onderdonkii
2025-01-17 22:47:41 INFO::Fitting model to feature number 88, GGB80140_SGB15224
2025-01-17 22:47:41 INFO::Fitting model to feature number 89, Clostridiaceae_bacterium_Marseille_Q4143
2025-01-17 22:47:41 INFO::Fitting model to feature number 90, GGB33469_SGB15236
2025-01-17 22:47:41 INFO::Fitting model to feature number 91, Turicibacter_bilis
2025-01-17 22:47:41 INFO::Fitting model to feature number 92, Hydrogenoanaerobacterium_saccharovorans
2025-01-17 22:47:41 INFO::Fitting model to feature number 93, Desulfovibrio_piger
2025-01-17 22:47:41 INFO::Fitting model to feature number 94, Oscillibacter_sp_ER4
2025-01-17 22:47:41 INFO::Fitting model to feature number 95, Clostridiaceae_bacterium_Marseille_Q4145
2025-01-17 22:47:41 INFO::Fitting model to feature number 96, Clostridiales_Family_XIII_bacterium_BX16
2025-01-17 22:47:41 INFO::Fitting model to feature number 97, GGB9713_SGB15249
2025-01-17 22:47:41 INFO::Fitting model to feature number 98, Klebsiella_pneumoniae
2025-01-17 22:47:41 INFO::Fitting model to feature number 99, Oscillospiraceae_unclassified_SGB15256
2025-01-17 22:47:41 INFO::Fitting model to feature number 100, Roseburia_sp_AF02_12
2025-01-17 22:47:41 INFO::Fitting model to feature number 101, Dorea_sp_AF36_15AT
2025-01-17 22:47:41 INFO::Fitting model to feature number 102, Bilophila_wadsworthia
2025-01-17 22:47:41 INFO::Fitting model to feature number 103, Lachnospiraceae_bacterium_Marseille_Q4251
2025-01-17 22:47:41 INFO::Fitting model to feature number 104, Bifidobacterium_longum
2025-01-17 22:47:41 INFO::Fitting model to feature number 105, Negativibacillus_massiliensis
2025-01-17 22:47:41 INFO::Fitting model to feature number 106, GGB9699_SGB15216
2025-01-17 22:47:41 INFO::Fitting model to feature number 107, Sutterella_wadsworthensis
2025-01-17 22:47:41 INFO::Fitting model to feature number 108, Clostridium_sp_AF27_2AA
2025-01-17 22:47:41 INFO::Fitting model to feature number 109, Clostridium_SGB4750
2025-01-17 22:47:41 INFO::Fitting model to feature number 110, Roseburia_intestinalis
2025-01-17 22:47:41 INFO::Fitting model to feature number 111, GGB9760_SGB15374
2025-01-17 22:47:41 INFO::Fitting model to feature number 112, Butyricimonas_paravirosa
2025-01-17 22:47:41 INFO::Fitting model to feature number 113, Alistipes_communis
2025-01-17 22:47:41 INFO::Fitting model to feature number 114, Prevotella_copri_clade_C
2025-01-17 22:47:41 INFO::Fitting model to feature number 115, Prevotella_copri_clade_A
2025-01-17 22:47:41 INFO::Fitting model to feature number 116, Collinsella_aerofaciens
2025-01-17 22:47:41 INFO::Fitting model to feature number 117, Bacteroides_thetaiotaomicron
2025-01-17 22:47:41 INFO::Fitting model to feature number 118, Bacteroides_fragilis
2025-01-17 22:47:41 INFO::Fitting model to feature number 119, Holdemanella_porci
2025-01-17 22:47:41 INFO::Fitting model to feature number 120, GGB9760_SGB15373
2025-01-17 22:47:41 INFO::Fitting model to feature number 121, Senegalimassilia_anaerobia
2025-01-17 22:47:41 INFO::Fitting model to feature number 122, GGB34797_SGB14322
2025-01-17 22:47:41 INFO::Fitting model to feature number 123, Holdemanella_biformis
2025-01-17 22:47:41 INFO::Fitting model to feature number 124, Desulfovibrio_SGB5076
2025-01-17 22:47:41 INFO::Fitting model to feature number 125, GGB33928_SGB15225
2025-01-17 22:47:41 INFO::Fitting model to feature number 126, Alistipes_indistinctus
2025-01-17 22:47:41 INFO::Fitting model to feature number 127, Clostridiales_bacterium
2025-01-17 22:47:41 INFO::Fitting model to feature number 128, Eubacteriales_unclassified_SGB15145
2025-01-17 22:47:41 INFO::Fitting model to feature number 129, GGB9614_SGB15049
2025-01-17 22:47:41 INFO::Fitting model to feature number 130, Vescimonas_coprocola
2025-01-17 22:47:41 INFO::Fitting model to feature number 131, Flavonifractor_plautii
2025-01-17 22:47:41 INFO::Fitting model to feature number 132, Collinsella_SGB4121
2025-01-17 22:47:41 INFO::Fitting model to feature number 133, Faecalibacterium_SGB15315
2025-01-17 22:47:41 INFO::Fitting model to feature number 134, Dysosmobacter_welbionis
2025-01-17 22:47:41 INFO::Fitting model to feature number 135, Clostridium_leptum
2025-01-17 22:47:41 INFO::Fitting model to feature number 136, Eggerthella_lenta
2025-01-17 22:47:41 INFO::Fitting model to feature number 137, Prevotella_stercorea
2025-01-17 22:47:41 INFO::Fitting model to feature number 138, Phascolarctobacterium_succinatutens
2025-01-17 22:47:41 INFO::Fitting model to feature number 139, Lachnospira_pectinoschiza
2025-01-17 22:47:41 INFO::Fitting model to feature number 140, Anaerobutyricum_soehngenii
2025-01-17 22:47:41 INFO::Fitting model to feature number 141, GGB51647_SGB4348
2025-01-17 22:47:41 INFO::Fitting model to feature number 142, Lawsonibacter_asaccharolyticus
2025-01-17 22:47:41 INFO::Fitting model to feature number 143, Intestinimonas_butyriciproducens
2025-01-17 22:47:41 INFO::Fitting model to feature number 144, GGB9708_SGB15234
2025-01-17 22:47:41 INFO::Fitting model to feature number 145, GGB3321_SGB4394
2025-01-17 22:47:41 INFO::Fitting model to feature number 146, Enterocloster_aldenensis
2025-01-17 22:47:41 INFO::Fitting model to feature number 147, Enterocloster_bolteae
2025-01-17 22:47:41 INFO::Fitting model to feature number 148, GGB9619_SGB15067
2025-01-17 22:47:41 INFO::Fitting model to feature number 149, Clostridium_SGB6179
2025-01-17 22:47:41 INFO::Fitting model to feature number 150, Erysipelatoclostridium_ramosum
2025-01-17 22:47:41 INFO::Fitting model to feature number 151, GGB9453_SGB14845
2025-01-17 22:47:41 INFO::Fitting model to feature number 152, GGB4566_SGB6305
2025-01-17 22:47:41 INFO::Fitting model to feature number 153, Eubacterium_sp_AF34_35BH
2025-01-17 22:47:41 INFO::Fitting model to feature number 154, Adlercreutzia_equolifaciens
2025-01-17 22:47:41 INFO::Fitting model to feature number 155, Alistipes_finegoldii
2025-01-17 22:47:41 INFO::Fitting model to feature number 156, Alistipes_ihumii
2025-01-17 22:47:41 INFO::Fitting model to feature number 157, Evtepia_gabavorous
2025-01-17 22:47:41 INFO::Fitting model to feature number 158, Ruminococcus_gnavus
2025-01-17 22:47:42 INFO::Fitting model to feature number 159, Mediterraneibacter_glycyrrhizinilyticus
2025-01-17 22:47:42 INFO::Fitting model to feature number 160, Methylobacterium_SGB15164
2025-01-17 22:47:42 INFO::Fitting model to feature number 161, Clostridiaceae_bacterium_Marseille_Q3526
2025-01-17 22:47:42 INFO::Fitting model to feature number 162, Clostridium_sp_AT4
2025-01-17 22:47:42 INFO::Fitting model to feature number 163, Eisenbergiella_massiliensis
2025-01-17 22:47:42 INFO::Fitting model to feature number 164, Blautia_caecimuris
2025-01-17 22:47:42 INFO::Fitting model to feature number 165, Clostridia_bacterium
2025-01-17 22:47:42 INFO::Fitting model to feature number 166, Butyricimonas_SGB15260
2025-01-17 22:47:42 INFO::Fitting model to feature number 167, Tyzzerella_nexilis
2025-01-17 22:47:42 INFO::Fitting model to feature number 168, Bacteroides_eggerthii
2025-01-17 22:47:42 INFO::Fitting model to feature number 169, Bacteroides_intestinalis
2025-01-17 22:47:42 INFO::Fitting model to feature number 170, GGB42994_SGB4746
2025-01-17 22:47:42 INFO::Fitting model to feature number 171, Sanguibacter_SGB15121
2025-01-17 22:47:42 INFO::Fitting model to feature number 172, Vescimonas_SGB15087
2025-01-17 22:47:42 INFO::Fitting model to feature number 173, GGB9453_SGB14844
2025-01-17 22:47:42 INFO::Fitting model to feature number 174, Longicatena_caecimuris
2025-01-17 22:47:42 INFO::Fitting model to feature number 175, Blautia_hansenii
2025-01-17 22:47:42 INFO::Fitting model to feature number 176, Blautia_producta
2025-01-17 22:47:42 INFO::Fitting model to feature number 177, Faecalimonas_umbilicata
2025-01-17 22:47:42 INFO::Fitting model to feature number 178, Enterocloster_clostridioformis
2025-01-17 22:47:42 INFO::Counting total values for each feature
2025-01-17 22:47:42 INFO::Writing residuals to file G:/deeplearning/CRC/benchmarker/code/Meta_iTL/Result/feature//TL/Meta_iTL/FR-CRC_AT-CRC_ITA-CRC_JPN-CRC_US-CRC-2_US-CRC-3_CHN_SH-CRC-2_CHN_SH-CRC-3_CHN_WF-CRC/S0.2/US-CRC-3_MaAslin/residuals.rds
2025-01-17 22:47:42 INFO::Writing fitted values to file G:/deeplearning/CRC/benchmarker/code/Meta_iTL/Result/feature//TL/Meta_iTL/FR-CRC_AT-CRC_ITA-CRC_JPN-CRC_US-CRC-2_US-CRC-3_CHN_SH-CRC-2_CHN_SH-CRC-3_CHN_WF-CRC/S0.2/US-CRC-3_MaAslin/fitted.rds
2025-01-17 22:47:42 INFO::Writing all results to file (ordered by increasing q-values): G:/deeplearning/CRC/benchmarker/code/Meta_iTL/Result/feature//TL/Meta_iTL/FR-CRC_AT-CRC_ITA-CRC_JPN-CRC_US-CRC-2_US-CRC-3_CHN_SH-CRC-2_CHN_SH-CRC-3_CHN_WF-CRC/S0.2/US-CRC-3_MaAslin/all_results.tsv
2025-01-17 22:47:42 INFO::Writing the significant results (those which are less than or equal to the threshold of 0.250000 ) to file (ordered by increasing q-values): G:/deeplearning/CRC/benchmarker/code/Meta_iTL/Result/feature//TL/Meta_iTL/FR-CRC_AT-CRC_ITA-CRC_JPN-CRC_US-CRC-2_US-CRC-3_CHN_SH-CRC-2_CHN_SH-CRC-3_CHN_WF-CRC/S0.2/US-CRC-3_MaAslin/significant_results.tsv
2025-01-17 22:47:42 INFO::Writing heatmap of significant results to file: G:/deeplearning/CRC/benchmarker/code/Meta_iTL/Result/feature//TL/Meta_iTL/FR-CRC_AT-CRC_ITA-CRC_JPN-CRC_US-CRC-2_US-CRC-3_CHN_SH-CRC-2_CHN_SH-CRC-3_CHN_WF-CRC/S0.2/US-CRC-3_MaAslin/heatmap.pdf
2025-01-17 22:47:42 INFO::Writing association plots (one for each significant association) to output folder: G:/deeplearning/CRC/benchmarker/code/Meta_iTL/Result/feature//TL/Meta_iTL/FR-CRC_AT-CRC_ITA-CRC_JPN-CRC_US-CRC-2_US-CRC-3_CHN_SH-CRC-2_CHN_SH-CRC-3_CHN_WF-CRC/S0.2/US-CRC-3_MaAslin
2025-01-17 22:47:42 INFO::Plotting associations from most to least significant, grouped by metadata
2025-01-17 22:47:42 INFO::Plotting data for metadata number 1, Group
2025-01-17 22:47:42 INFO::Creating boxplot for categorical data, Group vs GGB9619_SGB15067
2025-01-17 22:47:42 INFO::Creating boxplot for categorical data, Group vs Faecalibacillus_intestinalis
2025-01-17 22:47:43 INFO::Creating boxplot for categorical data, Group vs Staphylococcus_SGB6340
2025-01-17 22:47:43 INFO::Creating boxplot for categorical data, Group vs Clostridium_sp_AF34_13
2025-01-17 22:47:43 INFO::Creating boxplot for categorical data, Group vs Klebsiella_pneumoniae
2025-01-17 22:47:43 INFO::Creating boxplot for categorical data, Group vs Eubacterium_sp_AF34_35BH
2025-01-17 22:47:43 INFO::Creating boxplot for categorical data, Group vs Bacteroides_cellulosilyticus
2025-01-17 22:47:44 INFO::Creating boxplot for categorical data, Group vs GGB9453_SGB14845
2025-01-17 22:47:44 INFO::Creating boxplot for categorical data, Group vs Bacteroides_xylanisolvens
2025-01-17 22:47:44 INFO::Creating boxplot for categorical data, Group vs Lachnospira_sp_NSJ_43
2025-01-17 22:47:44 INFO::Creating boxplot for categorical data, Group vs GGB3612_SGB4882
2025-01-17 22:47:44 INFO::Creating boxplot for categorical data, Group vs GGB2653_SGB3574
2025-01-17 22:47:44 INFO::Creating boxplot for categorical data, Group vs GGB9760_SGB15373
2025-01-17 22:47:45 INFO::Creating boxplot for categorical data, Group vs GGB9708_SGB15234
2025-01-17 22:47:45 INFO::Creating boxplot for categorical data, Group vs Vescimonas_SGB15087
2025-01-17 22:47:45 INFO::Creating boxplot for categorical data, Group vs Blautia_glucerasea
2025-01-17 22:47:45 INFO::Creating boxplot for categorical data, Group vs GGB4566_SGB6305
2025-01-17 22:47:45 INFO::Creating boxplot for categorical data, Group vs Coprococcus_catus
2025-01-17 22:47:46 INFO::Creating boxplot for categorical data, Group vs Clostridium_sp_AF27_2AA
2025-01-17 22:47:46 INFO::Creating boxplot for categorical data, Group vs Alistipes_ihumii
2025-01-17 22:47:46 INFO::Creating boxplot for categorical data, Group vs GGB9453_SGB14844
2025-01-17 22:47:46 INFO::Creating boxplot for categorical data, Group vs Faecalicatena_fissicatena
2025-01-17 22:47:46 INFO::Creating boxplot for categorical data, Group vs Lachnospiraceae_bacterium
2025-01-17 22:47:47 INFO::Creating boxplot for categorical data, Group vs Clostridiales_bacterium_KLE1615
2025-01-17 22:47:47 INFO::Creating boxplot for categorical data, Group vs Collinsella_SGB14861
2025-01-17 22:47:47 INFO::Creating boxplot for categorical data, Group vs Clostridiaceae_bacterium_Marseille_Q4143
