2025-01-17 22:48:35 INFO::Writing function arguments to log file
2025-01-17 22:48:35 DEBUG::Function arguments
2025-01-17 22:48:36 DEBUG::Output folder: G:/deeplearning/CRC/benchmarker/code/Meta_iTL/Result/feature//TL/Meta_iTL/FR-CRC_AT-CRC_ITA-CRC_JPN-CRC_US-CRC-2_US-CRC-3_CHN_SH-CRC-2_CHN_SH-CRC-3_CHN_WF-CRC/S0.3/JPN-CRC_MaAslin
2025-01-17 22:48:36 DEBUG::Min Abundance: 0.000000
2025-01-17 22:48:36 DEBUG::Min Prevalence: 0.000000
2025-01-17 22:48:36 DEBUG::Normalization: NONE
2025-01-17 22:48:36 DEBUG::Transform: LOG
2025-01-17 22:48:36 DEBUG::Analysis method: LM
2025-01-17 22:48:36 DEBUG::Max significance: 0.250000
2025-01-17 22:48:36 DEBUG::Random effects:
2025-01-17 22:48:36 DEBUG::Fixed effects: Group
2025-01-17 22:48:36 DEBUG::Correction method: BH
2025-01-17 22:48:36 DEBUG::Standardize: TRUE
2025-01-17 22:48:36 DEBUG::Cores: 1
2025-01-17 22:48:36 INFO::Verifying options selected are valid
2025-01-17 22:48:36 INFO::Determining format of input files
2025-01-17 22:48:36 INFO::Input format is data samples as rows and metadata samples as rows
2025-01-17 22:48:36 DEBUG::A total of 9 samples were found in both the data and metadata
2025-01-17 22:48:36 DEBUG::Reordering data/metadata to use same sample ordering
2025-01-17 22:48:36 INFO::Formula for fixed effects: expr ~  Group
2025-01-17 22:48:36 INFO::Filter data based on min abundance and min prevalence
2025-01-17 22:48:36 INFO::Total samples in data: 9
2025-01-17 22:48:36 INFO::Min samples required with min abundance for a feature not to be filtered: 0.000000
2025-01-17 22:48:36 INFO::Total filtered features: 68
2025-01-17 22:48:36 INFO::Filtered feature names from abundance and prevalence filtering:
2025-01-17 22:48:36 INFO::Total filtered features with variance filtering: 0
2025-01-17 22:48:36 INFO::Filtered feature names from variance filtering:
2025-01-17 22:48:36 INFO::Running selected normalization method: NONE
2025-01-17 22:48:36 INFO::Applying z-score to standardize continuous metadata
2025-01-17 22:48:36 INFO::Running selected transform method: LOG
2025-01-17 22:48:36 INFO::Running selected analysis method: LM
2025-01-17 22:48:36 INFO::Fitting model to feature number 1, Ruminococcus_bromii
2025-01-17 22:48:36 INFO::Fitting model to feature number 2, Coprococcus_eutactus
2025-01-17 22:48:36 INFO::Fitting model to feature number 3, Dialister_invisus
2025-01-17 22:48:36 INFO::Fitting model to feature number 4, Eubacterium_rectale
2025-01-17 22:48:36 INFO::Fitting model to feature number 5, Phocaeicola_vulgatus
2025-01-17 22:48:36 INFO::Fitting model to feature number 6, Bacteroides_uniformis
2025-01-17 22:48:36 INFO::Fitting model to feature number 7, Bacteroides_cellulosilyticus
2025-01-17 22:48:36 INFO::Fitting model to feature number 8, Phocaeicola_massiliensis
2025-01-17 22:48:36 INFO::Fitting model to feature number 9, Clostridium_sp_1001270H_150608_G6
2025-01-17 22:48:36 INFO::Fitting model to feature number 10, Akkermansia_muciniphila
2025-01-17 22:48:36 INFO::Fitting model to feature number 11, GGB3277_SGB4327
2025-01-17 22:48:36 INFO::Fitting model to feature number 12, Alistipes_putredinis
2025-01-17 22:48:36 INFO::Fitting model to feature number 13, GGB9758_SGB15368
2025-01-17 22:48:36 INFO::Fitting model to feature number 14, Roseburia_inulinivorans
2025-01-17 22:48:36 INFO::Fitting model to feature number 15, Ruminococcus_lactaris
2025-01-17 22:48:36 INFO::Fitting model to feature number 16, Bacteroides_xylanisolvens
2025-01-17 22:48:36 INFO::Fitting model to feature number 17, Clostridium_sp_AM49_4BH
2025-01-17 22:48:36 INFO::Fitting model to feature number 18, Lachnospira_sp_NSJ_43
2025-01-17 22:48:36 INFO::Fitting model to feature number 19, GGB3256_SGB4303
2025-01-17 22:48:36 INFO::Fitting model to feature number 20, Paraprevotella_clara
2025-01-17 22:48:36 INFO::Fitting model to feature number 21, Eubacterium_ventriosum
2025-01-17 22:48:36 INFO::Fitting model to feature number 22, GGB9345_SGB14311
2025-01-17 22:48:36 INFO::Fitting model to feature number 23, Odoribacter_splanchnicus
2025-01-17 22:48:36 INFO::Fitting model to feature number 24, Dorea_longicatena
2025-01-17 22:48:36 INFO::Fitting model to feature number 25, Parabacteroides_distasonis
2025-01-17 22:48:36 INFO::Fitting model to feature number 26, Faecalibacterium_prausnitzii
2025-01-17 22:48:36 INFO::Fitting model to feature number 27, Roseburia_faecis
2025-01-17 22:48:36 INFO::Fitting model to feature number 28, Coprococcus_comes
2025-01-17 22:48:36 INFO::Fitting model to feature number 29, Bacteroides_faecis
2025-01-17 22:48:36 INFO::Fitting model to feature number 30, Barnesiella_intestinihominis
2025-01-17 22:48:36 INFO::Fitting model to feature number 31, GGB3746_SGB5089
2025-01-17 22:48:36 INFO::Fitting model to feature number 32, Intestinibacter_bartlettii
2025-01-17 22:48:36 INFO::Fitting model to feature number 33, Desulfovibrio_SGB5077
2025-01-17 22:48:36 INFO::Fitting model to feature number 34, Firmicutes_bacterium_AF16_15
2025-01-17 22:48:36 INFO::Fitting model to feature number 35, Bacteroides_caccae
2025-01-17 22:48:36 INFO::Fitting model to feature number 36, Ruminococcus_torques
2025-01-17 22:48:36 INFO::Fitting model to feature number 37, GGB9342_SGB14306
2025-01-17 22:48:36 INFO::Fitting model to feature number 38, GGB9359_SGB14334
2025-01-17 22:48:36 INFO::Fitting model to feature number 39, Dorea_formicigenerans
2025-01-17 22:48:36 INFO::Fitting model to feature number 40, Veillonella_rogosae
2025-01-17 22:48:36 INFO::Fitting model to feature number 41, Clostridium_sp_1001270J_160509_D11
2025-01-17 22:48:36 INFO::Fitting model to feature number 42, Phocaeicola_dorei
2025-01-17 22:48:36 INFO::Fitting model to feature number 43, Ruminococcus_bicirculans
2025-01-17 22:48:36 INFO::Fitting model to feature number 44, Bacteroides_ovatus
2025-01-17 22:48:36 INFO::Fitting model to feature number 45, Lachnospiraceae_bacterium
2025-01-17 22:48:36 INFO::Fitting model to feature number 46, Faecalibacillus_intestinalis
2025-01-17 22:48:36 INFO::Fitting model to feature number 47, GGB3612_SGB4882
2025-01-17 22:48:36 INFO::Fitting model to feature number 48, Blautia_wexlerae
2025-01-17 22:48:36 INFO::Fitting model to feature number 49, Eubacterium_siraeum
2025-01-17 22:48:36 INFO::Fitting model to feature number 50, Eubacteriaceae_bacterium
2025-01-17 22:48:36 INFO::Fitting model to feature number 51, GGB3653_SGB4964
2025-01-17 22:48:36 INFO::Fitting model to feature number 52, Parabacteroides_merdae
2025-01-17 22:48:37 INFO::Fitting model to feature number 53, Phascolarctobacterium_faecium
2025-01-17 22:48:37 INFO::Fitting model to feature number 54, Clostridiaceae_bacterium
2025-01-17 22:48:37 INFO::Fitting model to feature number 55, Faecalicatena_fissicatena
2025-01-17 22:48:37 INFO::Fitting model to feature number 56, GGB51269_SGB5062
2025-01-17 22:48:37 INFO::Fitting model to feature number 57, Blautia_sp_Marseille_P3087
2025-01-17 22:48:37 INFO::Fitting model to feature number 58, Butyricimonas_virosa
2025-01-17 22:48:37 INFO::Fitting model to feature number 59, Escherichia_coli
2025-01-17 22:48:37 INFO::Fitting model to feature number 60, Streptococcus_thermophilus
2025-01-17 22:48:37 INFO::Fitting model to feature number 61, Bacteroides_stercoris
2025-01-17 22:48:37 INFO::Fitting model to feature number 62, GGB9747_SGB15356
2025-01-17 22:48:37 INFO::Fitting model to feature number 63, Clostridiales_bacterium_KLE1615
2025-01-17 22:48:37 INFO::Fitting model to feature number 64, Blautia_faecis
2025-01-17 22:48:37 INFO::Fitting model to feature number 65, GGB9512_SGB14909
2025-01-17 22:48:37 INFO::Fitting model to feature number 66, Candidatus_Cibionibacter_quicibialis
2025-01-17 22:48:37 INFO::Fitting model to feature number 67, Blautia_obeum
2025-01-17 22:48:37 INFO::Fitting model to feature number 68, GGB9635_SGB15106
2025-01-17 22:48:37 INFO::Fitting model to feature number 69, Coprobacter_secundus
2025-01-17 22:48:37 INFO::Fitting model to feature number 70, Anaerostipes_hadrus
2025-01-17 22:48:37 INFO::Fitting model to feature number 71, Bacteroides_salyersiae
2025-01-17 22:48:37 INFO::Fitting model to feature number 72, Fusicatenibacter_saccharivorans
2025-01-17 22:48:37 INFO::Fitting model to feature number 73, Anaerobutyricum_hallii
2025-01-17 22:48:37 INFO::Fitting model to feature number 74, Clostridium_fessum
2025-01-17 22:48:37 INFO::Fitting model to feature number 75, Lachnospira_eligens
2025-01-17 22:48:37 INFO::Fitting model to feature number 76, Clostridium_sp_AF34_10BH
2025-01-17 22:48:37 INFO::Fitting model to feature number 77, Lachnospiraceae_bacterium_BX3
2025-01-17 22:48:37 INFO::Fitting model to feature number 78, Streptococcus_salivarius
2025-01-17 22:48:37 INFO::Fitting model to feature number 79, Clostridiaceae_unclassified_SGB4771
2025-01-17 22:48:37 INFO::Fitting model to feature number 80, Haemophilus_parainfluenzae
2025-01-17 22:48:37 INFO::Fitting model to feature number 81, Bacteroides_clarus
2025-01-17 22:48:37 INFO::Fitting model to feature number 82, Roseburia_hominis
2025-01-17 22:48:37 INFO::Fitting model to feature number 83, Blautia_SGB4815
2025-01-17 22:48:37 INFO::Fitting model to feature number 84, Parasutterella_excrementihominis
2025-01-17 22:48:37 INFO::Fitting model to feature number 85, Clostridium_sp_AF20_17LB
2025-01-17 22:48:37 INFO::Fitting model to feature number 86, Clostridium_sp_AM22_11AC
2025-01-17 22:48:37 INFO::Fitting model to feature number 87, Clostridiaceae_bacterium_AF18_31LB
2025-01-17 22:48:37 INFO::Fitting model to feature number 88, Clostridiaceae_bacterium_Marseille_Q4149
2025-01-17 22:48:37 INFO::Fitting model to feature number 89, Collinsella_SGB14861
2025-01-17 22:48:37 INFO::Fitting model to feature number 90, Lacrimispora_celerecrescens
2025-01-17 22:48:37 INFO::Fitting model to feature number 91, Roseburia_sp_AM16_25
2025-01-17 22:48:37 INFO::Fitting model to feature number 92, Clostridium_sp_AF36_4
2025-01-17 22:48:37 INFO::Fitting model to feature number 93, Oscillospiraceae_bacterium_Marseille_Q3528
2025-01-17 22:48:37 INFO::Fitting model to feature number 94, Dysosmobacter_sp_BX15
2025-01-17 22:48:37 INFO::Fitting model to feature number 95, Coprobacter_fastidiosus
2025-01-17 22:48:37 INFO::Fitting model to feature number 96, Coprococcus_catus
2025-01-17 22:48:37 INFO::Fitting model to feature number 97, Butyricicoccus_sp_AM29_23AC
2025-01-17 22:48:37 INFO::Fitting model to feature number 98, GGB2982_SGB3964
2025-01-17 22:48:37 INFO::Fitting model to feature number 99, Faecalibacterium_SGB15346
2025-01-17 22:48:37 INFO::Fitting model to feature number 100, Catenibacterium_SGB4425
2025-01-17 22:48:37 INFO::Fitting model to feature number 101, Clostridium_sp_AF34_13
2025-01-17 22:48:37 INFO::Fitting model to feature number 102, Eubacterium_ramulus
2025-01-17 22:48:37 INFO::Fitting model to feature number 103, Clostridium_saudiense
2025-01-17 22:48:37 INFO::Fitting model to feature number 104, Alistipes_shahii
2025-01-17 22:48:38 INFO::Fitting model to feature number 105, GGB80011_SGB15267
2025-01-17 22:48:38 INFO::Fitting model to feature number 106, GGB2653_SGB3574
2025-01-17 22:48:38 INFO::Fitting model to feature number 107, Clostridium_sp_AM33_3
2025-01-17 22:48:38 INFO::Fitting model to feature number 108, Blautia_massiliensis
2025-01-17 22:48:38 INFO::Fitting model to feature number 109, GGB9708_SGB15233
2025-01-17 22:48:38 INFO::Fitting model to feature number 110, GGB14025_SGB14906
2025-01-17 22:48:38 INFO::Fitting model to feature number 111, Lacrimispora_amygdalina
2025-01-17 22:48:38 INFO::Fitting model to feature number 112, Blautia_glucerasea
2025-01-17 22:48:38 INFO::Fitting model to feature number 113, Bifidobacterium_catenulatum
2025-01-17 22:48:38 INFO::Fitting model to feature number 114, Agathobaculum_butyriciproducens
2025-01-17 22:48:38 INFO::Fitting model to feature number 115, Alistipes_onderdonkii
2025-01-17 22:48:38 INFO::Fitting model to feature number 116, GGB80140_SGB15224
2025-01-17 22:48:38 INFO::Fitting model to feature number 117, Clostridiaceae_bacterium_Marseille_Q4143
2025-01-17 22:48:38 INFO::Fitting model to feature number 118, Parasutterella_SGB9260
2025-01-17 22:48:38 INFO::Fitting model to feature number 119, GGB33469_SGB15236
2025-01-17 22:48:38 INFO::Fitting model to feature number 120, Turicibacter_bilis
2025-01-17 22:48:38 INFO::Fitting model to feature number 121, GGB79734_SGB15291
2025-01-17 22:48:38 INFO::Fitting model to feature number 122, Hydrogenoanaerobacterium_saccharovorans
2025-01-17 22:48:38 INFO::Fitting model to feature number 123, Desulfovibrio_piger
2025-01-17 22:48:38 INFO::Fitting model to feature number 124, Blautia_luti
2025-01-17 22:48:38 INFO::Fitting model to feature number 125, Oscillibacter_sp_ER4
2025-01-17 22:48:38 INFO::Fitting model to feature number 126, Clostridiales_Family_XIII_bacterium_BX16
2025-01-17 22:48:38 INFO::Fitting model to feature number 127, GGB9713_SGB15249
2025-01-17 22:48:38 INFO::Fitting model to feature number 128, Klebsiella_pneumoniae
2025-01-17 22:48:38 INFO::Fitting model to feature number 129, Roseburia_sp_AF02_12
2025-01-17 22:48:38 INFO::Fitting model to feature number 130, GGB9602_SGB15031
2025-01-17 22:48:38 INFO::Fitting model to feature number 131, Waltera_intestinalis
2025-01-17 22:48:38 INFO::Fitting model to feature number 132, Dorea_sp_AF36_15AT
2025-01-17 22:48:38 INFO::Fitting model to feature number 133, Bilophila_wadsworthia
2025-01-17 22:48:38 INFO::Fitting model to feature number 134, Romboutsia_timonensis
2025-01-17 22:48:38 INFO::Fitting model to feature number 135, GGB9559_SGB14969
2025-01-17 22:48:38 INFO::Fitting model to feature number 136, Lachnospiraceae_bacterium_Marseille_Q4251
2025-01-17 22:48:38 INFO::Fitting model to feature number 137, Bifidobacterium_longum
2025-01-17 22:48:38 INFO::Fitting model to feature number 138, Negativibacillus_massiliensis
2025-01-17 22:48:38 INFO::Fitting model to feature number 139, GGB9699_SGB15216
2025-01-17 22:48:38 INFO::Fitting model to feature number 140, Sutterella_wadsworthensis
2025-01-17 22:48:38 INFO::Fitting model to feature number 141, Clostridium_sp_AF27_2AA
2025-01-17 22:48:38 INFO::Fitting model to feature number 142, GGB9634_SGB15093
2025-01-17 22:48:38 INFO::Fitting model to feature number 143, Clostridium_SGB4750
2025-01-17 22:48:38 INFO::Fitting model to feature number 144, GGB9707_SGB15229
2025-01-17 22:48:38 INFO::Fitting model to feature number 145, Roseburia_intestinalis
2025-01-17 22:48:38 INFO::Fitting model to feature number 146, Alistipes_communis
2025-01-17 22:48:39 INFO::Fitting model to feature number 147, Bifidobacterium_adolescentis
2025-01-17 22:48:39 INFO::Fitting model to feature number 148, Prevotella_copri_clade_C
2025-01-17 22:48:39 INFO::Fitting model to feature number 149, Ruminococcus_callidus
2025-01-17 22:48:39 INFO::Fitting model to feature number 150, Prevotella_copri_clade_A
2025-01-17 22:48:39 INFO::Fitting model to feature number 151, Collinsella_aerofaciens
2025-01-17 22:48:39 INFO::Fitting model to feature number 152, Gemmiger_formicilis
2025-01-17 22:48:39 INFO::Fitting model to feature number 153, Bacteroides_thetaiotaomicron
2025-01-17 22:48:39 INFO::Fitting model to feature number 154, Bacteroides_fragilis
2025-01-17 22:48:39 INFO::Fitting model to feature number 155, Holdemanella_porci
2025-01-17 22:48:39 INFO::Fitting model to feature number 156, Anaerotignum_faecicola
2025-01-17 22:48:39 INFO::Fitting model to feature number 157, GGB9642_SGB15119
2025-01-17 22:48:39 INFO::Fitting model to feature number 158, Ellagibacter_isourolithinifaciens
2025-01-17 22:48:39 INFO::Fitting model to feature number 159, Desulfovibrio_SGB5076
2025-01-17 22:48:39 INFO::Fitting model to feature number 160, Alistipes_indistinctus
2025-01-17 22:48:39 INFO::Fitting model to feature number 161, Streptococcus_parasanguinis
2025-01-17 22:48:39 INFO::Fitting model to feature number 162, GGB9627_SGB15081
2025-01-17 22:48:39 INFO::Fitting model to feature number 163, Clostridiales_bacterium
2025-01-17 22:48:39 INFO::Fitting model to feature number 164, Eubacteriales_unclassified_SGB15145
2025-01-17 22:48:39 INFO::Fitting model to feature number 165, GGB80011_SGB15265
2025-01-17 22:48:39 INFO::Fitting model to feature number 166, GGB2998_SGB3988
2025-01-17 22:48:39 INFO::Fitting model to feature number 167, GGB9614_SGB15049
2025-01-17 22:48:39 INFO::Fitting model to feature number 168, Rheinheimera_SGB14999
2025-01-17 22:48:39 INFO::Fitting model to feature number 169, Vescimonas_coprocola
2025-01-17 22:48:39 INFO::Fitting model to feature number 170, Flavonifractor_plautii
2025-01-17 22:48:39 INFO::Fitting model to feature number 171, Collinsella_SGB4121
2025-01-17 22:48:39 INFO::Fitting model to feature number 172, Veillonella_dispar
2025-01-17 22:48:39 INFO::Fitting model to feature number 173, Anaerotruncus_colihominis
2025-01-17 22:48:39 INFO::Fitting model to feature number 174, Rothia_mucilaginosa
2025-01-17 22:48:39 INFO::Fitting model to feature number 175, Veillonella_parvula
2025-01-17 22:48:39 INFO::Fitting model to feature number 176, Gemmiger_SGB15295
2025-01-17 22:48:39 INFO::Fitting model to feature number 177, Phocaeicola_SGB6473
2025-01-17 22:48:39 INFO::Fitting model to feature number 178, Dysosmobacter_welbionis
2025-01-17 22:48:39 INFO::Fitting model to feature number 179, Clostridium_leptum
2025-01-17 22:48:39 INFO::Fitting model to feature number 180, Streptococcus_infantis
2025-01-17 22:48:39 INFO::Fitting model to feature number 181, Veillonella_atypica
2025-01-17 22:48:39 INFO::Fitting model to feature number 182, Eggerthella_lenta
2025-01-17 22:48:39 INFO::Fitting model to feature number 183, Bifidobacterium_pseudocatenulatum
2025-01-17 22:48:39 INFO::Fitting model to feature number 184, GGB3278_SGB4328
2025-01-17 22:48:39 INFO::Fitting model to feature number 185, GGB3304_SGB4367
2025-01-17 22:48:39 INFO::Fitting model to feature number 186, Phascolarctobacterium_succinatutens
2025-01-17 22:48:40 INFO::Fitting model to feature number 187, Lachnospira_pectinoschiza
2025-01-17 22:48:40 INFO::Fitting model to feature number 188, Anaerobutyricum_soehngenii
2025-01-17 22:48:40 INFO::Fitting model to feature number 189, GGB3109_SGB4119
2025-01-17 22:48:40 INFO::Fitting model to feature number 190, Lawsonibacter_asaccharolyticus
2025-01-17 22:48:40 INFO::Fitting model to feature number 191, GGB9621_SGB15073
2025-01-17 22:48:40 INFO::Fitting model to feature number 192, GGB6569_SGB9281
2025-01-17 22:48:40 INFO::Fitting model to feature number 193, Dysosmobacter_sp_NSJ_60
2025-01-17 22:48:40 INFO::Fitting model to feature number 194, Intestinimonas_butyriciproducens
2025-01-17 22:48:40 INFO::Fitting model to feature number 195, Enterocloster_citroniae
2025-01-17 22:48:40 INFO::Fitting model to feature number 196, Hungatella_hathewayi
2025-01-17 22:48:40 INFO::Fitting model to feature number 197, GGB9708_SGB15234
2025-01-17 22:48:40 INFO::Fitting model to feature number 198, Enterococcus_faecium
2025-01-17 22:48:40 INFO::Fitting model to feature number 199, Faecalibacillus_faecis
2025-01-17 22:48:40 INFO::Fitting model to feature number 200, Streptococcus_gordonii
2025-01-17 22:48:40 INFO::Fitting model to feature number 201, GGB3321_SGB4394
2025-01-17 22:48:40 INFO::Fitting model to feature number 202, Streptococcus_mitis
2025-01-17 22:48:40 INFO::Fitting model to feature number 203, Enterocloster_aldenensis
2025-01-17 22:48:40 INFO::Fitting model to feature number 204, GGB9534_SGB14937
2025-01-17 22:48:40 INFO::Fitting model to feature number 205, Streptococcus_australis
2025-01-17 22:48:40 INFO::Fitting model to feature number 206, Ruthenibacterium_lactatiformans
2025-01-17 22:48:40 INFO::Fitting model to feature number 207, Gemella_sanguinis
2025-01-17 22:48:40 INFO::Fitting model to feature number 208, Enterocloster_bolteae
2025-01-17 22:48:40 INFO::Fitting model to feature number 209, Clostridium_butyricum
2025-01-17 22:48:40 INFO::Fitting model to feature number 210, Lacrimispora_saccharolytica
2025-01-17 22:48:40 INFO::Fitting model to feature number 211, Streptococcus_vestibularis
2025-01-17 22:48:40 INFO::Fitting model to feature number 212, Allisonella_histaminiformans
2025-01-17 22:48:40 INFO::Fitting model to feature number 213, GGB9770_SGB15390
2025-01-17 22:48:40 INFO::Fitting model to feature number 214, GGB47687_SGB2286
2025-01-17 22:48:40 INFO::Fitting model to feature number 215, GGB9619_SGB15067
2025-01-17 22:48:40 INFO::Fitting model to feature number 216, Streptococcus_anginosus
2025-01-17 22:48:40 INFO::Fitting model to feature number 217, Clostridium_symbiosum
2025-01-17 22:48:40 INFO::Fitting model to feature number 218, Eisenbergiella_tayi
2025-01-17 22:48:40 INFO::Fitting model to feature number 219, Granulicatella_SGB8255
2025-01-17 22:48:40 INFO::Fitting model to feature number 220, Clostridium_scindens
2025-01-17 22:48:40 INFO::Fitting model to feature number 221, GGB9719_SGB15272
2025-01-17 22:48:40 INFO::Fitting model to feature number 222, Clostridium_SGB6179
2025-01-17 22:48:40 INFO::Fitting model to feature number 223, Bacteroides_nordii
2025-01-17 22:48:40 INFO::Fitting model to feature number 224, Erysipelatoclostridium_ramosum
2025-01-17 22:48:40 INFO::Fitting model to feature number 225, GGB9453_SGB14845
2025-01-17 22:48:40 INFO::Fitting model to feature number 226, Anaeromassilibacillus_sp_An250
2025-01-17 22:48:40 INFO::Fitting model to feature number 227, Bifidobacterium_dentium
2025-01-17 22:48:40 INFO::Fitting model to feature number 228, Ruminococcus_sp_BSD2780120874_150323_B10
2025-01-17 22:48:40 INFO::Fitting model to feature number 229, GGB4566_SGB6305
2025-01-17 22:48:40 INFO::Fitting model to feature number 230, Eubacterium_sp_AF34_35BH
2025-01-17 22:48:40 INFO::Fitting model to feature number 231, Parabacteroides_goldsteinii
2025-01-17 22:48:40 INFO::Fitting model to feature number 232, Adlercreutzia_equolifaciens
2025-01-17 22:48:40 INFO::Fitting model to feature number 233, Alistipes_sp_AF17_16
2025-01-17 22:48:40 INFO::Fitting model to feature number 234, Alistipes_finegoldii
2025-01-17 22:48:40 INFO::Fitting model to feature number 235, Alistipes_ihumii
2025-01-17 22:48:40 INFO::Fitting model to feature number 236, Evtepia_gabavorous
2025-01-17 22:48:40 INFO::Fitting model to feature number 237, Ruminococcus_gnavus
2025-01-17 22:48:40 INFO::Fitting model to feature number 238, Holdemania_filiformis
2025-01-17 22:48:40 INFO::Fitting model to feature number 239, GGB3005_SGB3996
2025-01-17 22:48:40 INFO::Fitting model to feature number 240, Mediterraneibacter_glycyrrhizinilyticus
2025-01-17 22:48:40 INFO::Fitting model to feature number 241, Methylobacterium_SGB15164
2025-01-17 22:48:40 INFO::Fitting model to feature number 242, Clostridium_sp_AT4
2025-01-17 22:48:40 INFO::Fitting model to feature number 243, Eisenbergiella_massiliensis
2025-01-17 22:48:40 INFO::Fitting model to feature number 244, Blautia_caecimuris
2025-01-17 22:48:40 INFO::Fitting model to feature number 245, Clostridia_bacterium_UC5_1_1D1
2025-01-17 22:48:40 INFO::Fitting model to feature number 246, GGB1495_SGB2071
2025-01-17 22:48:40 INFO::Fitting model to feature number 247, GGB3819_SGB5184
2025-01-17 22:48:40 INFO::Fitting model to feature number 248, Butyricimonas_SGB15260
2025-01-17 22:48:40 INFO::Fitting model to feature number 249, Phocaeicola_coprocola
2025-01-17 22:48:40 INFO::Fitting model to feature number 250, Tyzzerella_nexilis
2025-01-17 22:48:40 INFO::Fitting model to feature number 251, Bacteroides_eggerthii
2025-01-17 22:48:40 INFO::Fitting model to feature number 252, GGB3363_SGB4448
2025-01-17 22:48:40 INFO::Fitting model to feature number 253, Blautia_stercoris
2025-01-17 22:48:40 INFO::Fitting model to feature number 254, GGB3490_SGB4664
2025-01-17 22:48:40 INFO::Fitting model to feature number 255, Bacteroides_intestinalis
2025-01-17 22:48:40 INFO::Fitting model to feature number 256, Clostridiaceae_unclassified_SGB15090
2025-01-17 22:48:40 INFO::Fitting model to feature number 257, GGB42994_SGB4746
2025-01-17 22:48:40 INFO::Fitting model to feature number 258, Parabacteroides_johnsonii
2025-01-17 22:48:40 INFO::Fitting model to feature number 259, Sanguibacter_SGB15121
2025-01-17 22:48:40 INFO::Fitting model to feature number 260, Vescimonas_SGB15087
2025-01-17 22:48:40 INFO::Fitting model to feature number 261, Turicibacter_sanguinis
2025-01-17 22:48:40 INFO::Fitting model to feature number 262, Clostridiales_bacterium_Choco116
2025-01-17 22:48:40 INFO::Fitting model to feature number 263, Sellimonas_intestinalis
2025-01-17 22:48:40 INFO::Fitting model to feature number 264, GGB9453_SGB14844
2025-01-17 22:48:40 INFO::Fitting model to feature number 265, Alistipes_dispar
2025-01-17 22:48:40 INFO::Fitting model to feature number 266, Merdimonas_faecis
2025-01-17 22:48:40 INFO::Fitting model to feature number 267, GGB3363_SGB4447
2025-01-17 22:48:40 INFO::Fitting model to feature number 268, Longicatena_caecimuris
2025-01-17 22:48:40 INFO::Fitting model to feature number 269, Blautia_hansenii
2025-01-17 22:48:40 INFO::Fitting model to feature number 270, Clostridia_bacterium_UC5_1_1E11
2025-01-17 22:48:40 INFO::Fitting model to feature number 271, Blautia_producta
2025-01-17 22:48:40 INFO::Fitting model to feature number 272, Anaerostipes_caccae
2025-01-17 22:48:40 INFO::Fitting model to feature number 273, Ruminococcus_SGB4421
2025-01-17 22:48:40 INFO::Fitting model to feature number 274, GGB33512_SGB15201
2025-01-17 22:48:40 INFO::Fitting model to feature number 275, Ligilactobacillus_salivarius
2025-01-17 22:48:40 INFO::Fitting model to feature number 276, Megamonas_funiformis
2025-01-17 22:48:40 INFO::Fitting model to feature number 277, GGB1420_SGB1957
2025-01-17 22:48:40 INFO::Fitting model to feature number 278, Veillonella_tobetsuensis
2025-01-17 22:48:40 INFO::Fitting model to feature number 279, Citrobacter_freundii
2025-01-17 22:48:40 INFO::Fitting model to feature number 280, Faecalimonas_umbilicata
2025-01-17 22:48:40 INFO::Fitting model to feature number 281, Enterocloster_clostridioformis
2025-01-17 22:48:40 INFO::Fitting model to feature number 282, Mesosutterella_multiformis
2025-01-17 22:48:40 INFO::Fitting model to feature number 283, Ruminococcus_sp_AF13_28
2025-01-17 22:48:40 INFO::Fitting model to feature number 284, Megasphaera_micronuciformis
2025-01-17 22:48:40 INFO::Fitting model to feature number 285, Clostridium_sp_AM42_4
2025-01-17 22:48:40 INFO::Fitting model to feature number 286, Eubacterium_sp_NSJ_61
2025-01-17 22:48:41 INFO::Counting total values for each feature
2025-01-17 22:48:41 INFO::Writing residuals to file G:/deeplearning/CRC/benchmarker/code/Meta_iTL/Result/feature//TL/Meta_iTL/FR-CRC_AT-CRC_ITA-CRC_JPN-CRC_US-CRC-2_US-CRC-3_CHN_SH-CRC-2_CHN_SH-CRC-3_CHN_WF-CRC/S0.3/JPN-CRC_MaAslin/residuals.rds
2025-01-17 22:48:41 INFO::Writing fitted values to file G:/deeplearning/CRC/benchmarker/code/Meta_iTL/Result/feature//TL/Meta_iTL/FR-CRC_AT-CRC_ITA-CRC_JPN-CRC_US-CRC-2_US-CRC-3_CHN_SH-CRC-2_CHN_SH-CRC-3_CHN_WF-CRC/S0.3/JPN-CRC_MaAslin/fitted.rds
2025-01-17 22:48:41 INFO::Writing all results to file (ordered by increasing q-values): G:/deeplearning/CRC/benchmarker/code/Meta_iTL/Result/feature//TL/Meta_iTL/FR-CRC_AT-CRC_ITA-CRC_JPN-CRC_US-CRC-2_US-CRC-3_CHN_SH-CRC-2_CHN_SH-CRC-3_CHN_WF-CRC/S0.3/JPN-CRC_MaAslin/all_results.tsv
2025-01-17 22:48:41 INFO::Writing the significant results (those which are less than or equal to the threshold of 0.250000 ) to file (ordered by increasing q-values): G:/deeplearning/CRC/benchmarker/code/Meta_iTL/Result/feature//TL/Meta_iTL/FR-CRC_AT-CRC_ITA-CRC_JPN-CRC_US-CRC-2_US-CRC-3_CHN_SH-CRC-2_CHN_SH-CRC-3_CHN_WF-CRC/S0.3/JPN-CRC_MaAslin/significant_results.tsv
2025-01-17 22:48:41 INFO::Writing heatmap of significant results to file: G:/deeplearning/CRC/benchmarker/code/Meta_iTL/Result/feature//TL/Meta_iTL/FR-CRC_AT-CRC_ITA-CRC_JPN-CRC_US-CRC-2_US-CRC-3_CHN_SH-CRC-2_CHN_SH-CRC-3_CHN_WF-CRC/S0.3/JPN-CRC_MaAslin/heatmap.pdf
2025-01-17 22:48:41 INFO::Writing association plots (one for each significant association) to output folder: G:/deeplearning/CRC/benchmarker/code/Meta_iTL/Result/feature//TL/Meta_iTL/FR-CRC_AT-CRC_ITA-CRC_JPN-CRC_US-CRC-2_US-CRC-3_CHN_SH-CRC-2_CHN_SH-CRC-3_CHN_WF-CRC/S0.3/JPN-CRC_MaAslin
