2025-01-17 22:51:06 INFO::Writing function arguments to log file
2025-01-17 22:51:06 DEBUG::Function arguments
2025-01-17 22:51:06 DEBUG::Output folder: G:/deeplearning/CRC/benchmarker/code/Meta_iTL/Result/feature//TL/Meta_iTL/FR-CRC_AT-CRC_ITA-CRC_JPN-CRC_US-CRC-2_US-CRC-3_CHN_SH-CRC-2_CHN_SH-CRC-3_CHN_WF-CRC/S0.5/Meta_iTL_all_cohort_MaAslin/
2025-01-17 22:51:06 DEBUG::Min Abundance: 0.000000
2025-01-17 22:51:06 DEBUG::Min Prevalence: 0.000000
2025-01-17 22:51:06 DEBUG::Normalization: NONE
2025-01-17 22:51:06 DEBUG::Transform: LOG
2025-01-17 22:51:06 DEBUG::Analysis method: LM
2025-01-17 22:51:06 DEBUG::Max significance: 0.250000
2025-01-17 22:51:06 DEBUG::Random effects: Study
2025-01-17 22:51:06 DEBUG::Fixed effects: Group
2025-01-17 22:51:06 DEBUG::Correction method: BH
2025-01-17 22:51:06 DEBUG::Standardize: TRUE
2025-01-17 22:51:06 DEBUG::Cores: 1
2025-01-17 22:51:06 INFO::Verifying options selected are valid
2025-01-17 22:51:06 INFO::Determining format of input files
2025-01-17 22:51:06 INFO::Input format is data samples as rows and metadata samples as rows
2025-01-17 22:51:06 DEBUG::A total of 284 samples were found in both the data and metadata
2025-01-17 22:51:06 DEBUG::Reordering data/metadata to use same sample ordering
2025-01-17 22:51:06 INFO::Formula for random effects: expr ~ (1 | Study)
2025-01-17 22:51:06 INFO::Formula for fixed effects: expr ~  Group
2025-01-17 22:51:06 INFO::Filter data based on min abundance and min prevalence
2025-01-17 22:51:06 INFO::Total samples in data: 284
2025-01-17 22:51:06 INFO::Min samples required with min abundance for a feature not to be filtered: 0.000000
2025-01-17 22:51:06 INFO::Total filtered features: 0
2025-01-17 22:51:06 INFO::Filtered feature names from abundance and prevalence filtering:
2025-01-17 22:51:06 INFO::Total filtered features with variance filtering: 0
2025-01-17 22:51:06 INFO::Filtered feature names from variance filtering:
2025-01-17 22:51:06 INFO::Running selected normalization method: NONE
2025-01-17 22:51:06 INFO::Applying z-score to standardize continuous metadata
2025-01-17 22:51:06 INFO::Running selected transform method: LOG
2025-01-17 22:51:06 INFO::Running selected analysis method: LM
2025-01-17 22:51:06 INFO::Fitting model to feature number 1, Ruminococcus_bromii
2025-01-17 22:51:07 INFO::Fitting model to feature number 2, Coprococcus_eutactus
2025-01-17 22:51:07 INFO::Fitting model to feature number 3, Dialister_invisus
2025-01-17 22:51:07 INFO::Fitting model to feature number 4, Eubacterium_rectale
2025-01-17 22:51:07 INFO::Fitting model to feature number 5, Phocaeicola_vulgatus
2025-01-17 22:51:07 INFO::Fitting model to feature number 6, Bacteroides_uniformis
2025-01-17 22:51:07 INFO::Fitting model to feature number 7, GGB3619_SGB4894
2025-01-17 22:51:07 INFO::Fitting model to feature number 8, Bacteroides_cellulosilyticus
2025-01-17 22:51:07 INFO::Fitting model to feature number 9, Phocaeicola_massiliensis
2025-01-17 22:51:07 INFO::Fitting model to feature number 10, GGB4684_SGB6478
2025-01-17 22:51:07 INFO::Fitting model to feature number 11, Clostridium_sp_1001270H_150608_G6
2025-01-17 22:51:07 INFO::Fitting model to feature number 12, Akkermansia_muciniphila
2025-01-17 22:51:07 INFO::Fitting model to feature number 13, GGB3277_SGB4327
2025-01-17 22:51:08 INFO::Fitting model to feature number 14, Alistipes_putredinis
2025-01-17 22:51:08 INFO::Fitting model to feature number 15, Enterocloster_SGB14313
2025-01-17 22:51:08 INFO::Fitting model to feature number 16, GGB9758_SGB15368
2025-01-17 22:51:08 INFO::Fitting model to feature number 17, Roseburia_inulinivorans
2025-01-17 22:51:08 INFO::Fitting model to feature number 18, Ruminococcus_lactaris
2025-01-17 22:51:08 INFO::Fitting model to feature number 19, Bacteroides_xylanisolvens
2025-01-17 22:51:08 INFO::Fitting model to feature number 20, Clostridium_sp_AM49_4BH
2025-01-17 22:51:08 INFO::Fitting model to feature number 21, Lachnospira_sp_NSJ_43
2025-01-17 22:51:08 INFO::Fitting model to feature number 22, GGB3256_SGB4303
2025-01-17 22:51:09 INFO::Fitting model to feature number 23, Paraprevotella_clara
2025-01-17 22:51:09 INFO::Fitting model to feature number 24, Eubacterium_SGB6276
2025-01-17 22:51:09 INFO::Fitting model to feature number 25, Clostridium_SGB4648
2025-01-17 22:51:09 INFO::Fitting model to feature number 26, Eubacterium_ventriosum
2025-01-17 22:51:09 INFO::Fitting model to feature number 27, GGB9345_SGB14311
2025-01-17 22:51:09 INFO::Fitting model to feature number 28, Odoribacter_splanchnicus
2025-01-17 22:51:09 INFO::Fitting model to feature number 29, Dorea_longicatena
2025-01-17 22:51:09 INFO::Fitting model to feature number 30, Parabacteroides_distasonis
2025-01-17 22:51:09 INFO::Fitting model to feature number 31, Faecalibacterium_prausnitzii
2025-01-17 22:51:09 INFO::Fitting model to feature number 32, Roseburia_faecis
2025-01-17 22:51:09 INFO::Fitting model to feature number 33, Coprococcus_comes
2025-01-17 22:51:09 INFO::Fitting model to feature number 34, Bacteroides_faecis
2025-01-17 22:51:10 INFO::Fitting model to feature number 35, Barnesiella_intestinihominis
2025-01-17 22:51:10 INFO::Fitting model to feature number 36, GGB3746_SGB5089
2025-01-17 22:51:10 INFO::Fitting model to feature number 37, Intestinibacter_bartlettii
2025-01-17 22:51:10 INFO::Fitting model to feature number 38, Desulfovibrio_SGB5077
2025-01-17 22:51:10 INFO::Fitting model to feature number 39, Firmicutes_bacterium_AF16_15
2025-01-17 22:51:10 INFO::Fitting model to feature number 40, Bacteroides_caccae
2025-01-17 22:51:10 INFO::Fitting model to feature number 41, Ruminococcus_torques
2025-01-17 22:51:10 INFO::Fitting model to feature number 42, GGB9342_SGB14306
2025-01-17 22:51:10 INFO::Fitting model to feature number 43, Clostridium_sp_AF12_28
2025-01-17 22:51:10 INFO::Fitting model to feature number 44, Bacteroides_finegoldii
2025-01-17 22:51:10 INFO::Fitting model to feature number 45, GGB9359_SGB14334
2025-01-17 22:51:10 INFO::Fitting model to feature number 46, Dorea_formicigenerans
2025-01-17 22:51:11 INFO::Fitting model to feature number 47, Veillonella_rogosae
2025-01-17 22:51:11 INFO::Fitting model to feature number 48, Clostridium_sp_1001270J_160509_D11
2025-01-17 22:51:11 INFO::Fitting model to feature number 49, GGB9636_SGB15107
2025-01-17 22:51:11 INFO::Fitting model to feature number 50, Phocaeicola_dorei
2025-01-17 22:51:11 INFO::Fitting model to feature number 51, Ruminococcus_bicirculans
2025-01-17 22:51:11 INFO::Fitting model to feature number 52, Bacteroides_ovatus
2025-01-17 22:51:11 INFO::Fitting model to feature number 53, Lachnospiraceae_bacterium
2025-01-17 22:51:11 INFO::Fitting model to feature number 54, Faecalibacillus_intestinalis
2025-01-17 22:51:11 INFO::Fitting model to feature number 55, GGB3612_SGB4882
2025-01-17 22:51:11 INFO::Fitting model to feature number 56, Blautia_wexlerae
2025-01-17 22:51:11 INFO::Fitting model to feature number 57, Eubacterium_siraeum
2025-01-17 22:51:11 INFO::Fitting model to feature number 58, Eubacteriaceae_bacterium
2025-01-17 22:51:12 INFO::Fitting model to feature number 59, GGB3653_SGB4964
2025-01-17 22:51:12 INFO::Fitting model to feature number 60, GGB3614_SGB4886
2025-01-17 22:51:12 INFO::Fitting model to feature number 61, Staphylococcus_SGB6340
2025-01-17 22:51:12 INFO::Fitting model to feature number 62, Parabacteroides_merdae
2025-01-17 22:51:12 INFO::Fitting model to feature number 63, Phascolarctobacterium_faecium
2025-01-17 22:51:12 INFO::Fitting model to feature number 64, Clostridiaceae_bacterium
2025-01-17 22:51:12 INFO::Fitting model to feature number 65, Faecalicatena_fissicatena
2025-01-17 22:51:12 INFO::Fitting model to feature number 66, GGB51269_SGB5062
2025-01-17 22:51:12 INFO::Fitting model to feature number 67, Blautia_sp_Marseille_P3087
2025-01-17 22:51:12 INFO::Fitting model to feature number 68, Butyricimonas_virosa
2025-01-17 22:51:12 INFO::Fitting model to feature number 69, Escherichia_coli
2025-01-17 22:51:12 INFO::Fitting model to feature number 70, Streptococcus_thermophilus
2025-01-17 22:51:13 INFO::Fitting model to feature number 71, Bacteroides_stercoris
2025-01-17 22:51:13 INFO::Fitting model to feature number 72, GGB9747_SGB15356
2025-01-17 22:51:13 INFO::Fitting model to feature number 73, Clostridiales_bacterium_KLE1615
2025-01-17 22:51:13 INFO::Fitting model to feature number 74, Blautia_faecis
2025-01-17 22:51:13 INFO::Fitting model to feature number 75, GGB9512_SGB14909
2025-01-17 22:51:13 INFO::Fitting model to feature number 76, Candidatus_Cibionibacter_quicibialis
2025-01-17 22:51:13 INFO::Fitting model to feature number 77, Blautia_obeum
2025-01-17 22:51:13 INFO::Fitting model to feature number 78, GGB9635_SGB15106
2025-01-17 22:51:13 INFO::Fitting model to feature number 79, Coprobacter_secundus
2025-01-17 22:51:13 INFO::Fitting model to feature number 80, Anaerostipes_hadrus
2025-01-17 22:51:13 INFO::Fitting model to feature number 81, Lachnospiraceae_bacterium_AM48_27BH
2025-01-17 22:51:13 INFO::Fitting model to feature number 82, Blautia_sp_MSK_20_85
2025-01-17 22:51:14 INFO::Fitting model to feature number 83, Bacteroides_salyersiae
2025-01-17 22:51:14 INFO::Fitting model to feature number 84, Fusicatenibacter_saccharivorans
2025-01-17 22:51:14 INFO::Fitting model to feature number 85, Anaerobutyricum_hallii
2025-01-17 22:51:14 INFO::Fitting model to feature number 86, Clostridium_fessum
2025-01-17 22:51:14 INFO::Fitting model to feature number 87, Lachnospira_eligens
2025-01-17 22:51:14 INFO::Fitting model to feature number 88, Clostridium_sp_AF34_10BH
2025-01-17 22:51:14 INFO::Fitting model to feature number 89, Eubacterium_sp_AF16_48
2025-01-17 22:51:14 INFO::Fitting model to feature number 90, Lachnospiraceae_bacterium_BX3
2025-01-17 22:51:14 INFO::Fitting model to feature number 91, Streptococcus_salivarius
2025-01-17 22:51:14 INFO::Fitting model to feature number 92, Clostridiaceae_unclassified_SGB4771
2025-01-17 22:51:15 INFO::Fitting model to feature number 93, Haemophilus_parainfluenzae
2025-01-17 22:51:15 INFO::Fitting model to feature number 94, Bacteroides_clarus
2025-01-17 22:51:15 INFO::Fitting model to feature number 95, Roseburia_hominis
2025-01-17 22:51:15 INFO::Fitting model to feature number 96, Blautia_SGB4815
2025-01-17 22:51:15 INFO::Fitting model to feature number 97, Parasutterella_excrementihominis
2025-01-17 22:51:15 INFO::Fitting model to feature number 98, GGB9712_SGB15244
2025-01-17 22:51:15 INFO::Fitting model to feature number 99, Clostridium_sp_AF20_17LB
2025-01-17 22:51:15 INFO::Fitting model to feature number 100, Clostridium_sp_AM22_11AC
2025-01-17 22:51:15 INFO::Fitting model to feature number 101, Clostridiaceae_bacterium_AF18_31LB
2025-01-17 22:51:15 INFO::Fitting model to feature number 102, Clostridiaceae_bacterium_Marseille_Q4149
2025-01-17 22:51:15 INFO::Fitting model to feature number 103, Collinsella_SGB14861
2025-01-17 22:51:15 INFO::Fitting model to feature number 104, Lacrimispora_celerecrescens
2025-01-17 22:51:16 INFO::Fitting model to feature number 105, Roseburia_sp_AM16_25
2025-01-17 22:51:16 INFO::Fitting model to feature number 106, Clostridium_sp_AF36_4
2025-01-17 22:51:16 INFO::Fitting model to feature number 107, Oscillospiraceae_bacterium_Marseille_Q3528
2025-01-17 22:51:16 INFO::Fitting model to feature number 108, Dysosmobacter_sp_BX15
2025-01-17 22:51:16 INFO::Fitting model to feature number 109, Coprobacter_fastidiosus
2025-01-17 22:51:16 INFO::Fitting model to feature number 110, Coprococcus_catus
2025-01-17 22:51:16 INFO::Fitting model to feature number 111, Butyricicoccus_sp_AM29_23AC
2025-01-17 22:51:16 INFO::Fitting model to feature number 112, Dorea_sp_AF24_7LB
2025-01-17 22:51:16 INFO::Fitting model to feature number 113, GGB2982_SGB3964
2025-01-17 22:51:16 INFO::Fitting model to feature number 114, Coprococcus_SGB4669
2025-01-17 22:51:16 INFO::Fitting model to feature number 115, Faecalibacterium_SGB15346
2025-01-17 22:51:17 INFO::Fitting model to feature number 116, Catenibacterium_SGB4425
2025-01-17 22:51:17 INFO::Fitting model to feature number 117, Clostridium_sp_AF34_13
2025-01-17 22:51:17 INFO::Fitting model to feature number 118, Eubacterium_ramulus
2025-01-17 22:51:17 INFO::Fitting model to feature number 119, Clostridium_saudiense
2025-01-17 22:51:17 INFO::Fitting model to feature number 120, Alistipes_shahii
2025-01-17 22:51:17 INFO::Fitting model to feature number 121, GGB80011_SGB15267
2025-01-17 22:51:17 INFO::Fitting model to feature number 122, GGB9767_SGB15385
2025-01-17 22:51:17 INFO::Fitting model to feature number 123, GGB2653_SGB3574
2025-01-17 22:51:17 INFO::Fitting model to feature number 124, Clostridium_sp_AM33_3
2025-01-17 22:51:17 INFO::Fitting model to feature number 125, Blautia_massiliensis
2025-01-17 22:51:17 INFO::Fitting model to feature number 126, GGB9708_SGB15233
2025-01-17 22:51:17 INFO::Fitting model to feature number 127, GGB14025_SGB14906
2025-01-17 22:51:17 INFO::Fitting model to feature number 128, Lacrimispora_amygdalina
2025-01-17 22:51:18 INFO::Fitting model to feature number 129, Blautia_glucerasea
2025-01-17 22:51:18 INFO::Fitting model to feature number 130, Bifidobacterium_catenulatum
2025-01-17 22:51:18 INFO::Fitting model to feature number 131, Agathobaculum_butyriciproducens
2025-01-17 22:51:18 INFO::Fitting model to feature number 132, Alistipes_onderdonkii
2025-01-17 22:51:18 INFO::Fitting model to feature number 133, GGB80140_SGB15224
2025-01-17 22:51:18 INFO::Fitting model to feature number 134, Clostridiaceae_bacterium_Marseille_Q4143
2025-01-17 22:51:18 INFO::Fitting model to feature number 135, Parasutterella_SGB9260
2025-01-17 22:51:18 INFO::Fitting model to feature number 136, GGB33469_SGB15236
2025-01-17 22:51:18 INFO::Fitting model to feature number 137, Turicibacter_bilis
2025-01-17 22:51:18 INFO::Fitting model to feature number 138, GGB79734_SGB15291
2025-01-17 22:51:18 INFO::Fitting model to feature number 139, Hydrogenoanaerobacterium_saccharovorans
2025-01-17 22:51:18 INFO::Fitting model to feature number 140, Desulfovibrio_piger
2025-01-17 22:51:19 INFO::Fitting model to feature number 141, Blautia_luti
2025-01-17 22:51:19 INFO::Fitting model to feature number 142, Oscillibacter_sp_ER4
2025-01-17 22:51:19 INFO::Fitting model to feature number 143, Clostridiaceae_bacterium_Marseille_Q4145
2025-01-17 22:51:19 INFO::Fitting model to feature number 144, Clostridiales_Family_XIII_bacterium_BX16
2025-01-17 22:51:19 INFO::Fitting model to feature number 145, GGB4578_SGB6328
2025-01-17 22:51:19 INFO::Fitting model to feature number 146, GGB9713_SGB15249
2025-01-17 22:51:19 INFO::Fitting model to feature number 147, Klebsiella_pneumoniae
2025-01-17 22:51:19 INFO::Fitting model to feature number 148, GGB9602_SGB15028
2025-01-17 22:51:19 INFO::Fitting model to feature number 149, Oscillospiraceae_unclassified_SGB15256
2025-01-17 22:51:19 INFO::Fitting model to feature number 150, Roseburia_sp_AF02_12
2025-01-17 22:51:19 INFO::Fitting model to feature number 151, GGB9602_SGB15031
2025-01-17 22:51:20 INFO::Fitting model to feature number 152, Waltera_intestinalis
2025-01-17 22:51:20 INFO::Fitting model to feature number 153, Dorea_sp_AF36_15AT
2025-01-17 22:51:20 INFO::Fitting model to feature number 154, Bilophila_wadsworthia
2025-01-17 22:51:20 INFO::Fitting model to feature number 155, GGB9677_SGB15180
2025-01-17 22:51:20 INFO::Fitting model to feature number 156, Romboutsia_timonensis
2025-01-17 22:51:20 INFO::Fitting model to feature number 157, GGB9559_SGB14969
2025-01-17 22:51:20 INFO::Fitting model to feature number 158, Clostridium_SGB4909
2025-01-17 22:51:20 INFO::Fitting model to feature number 159, Clostridium_SGB4751
2025-01-17 22:51:20 INFO::Fitting model to feature number 160, Lachnospiraceae_bacterium_Marseille_Q4251
2025-01-17 22:51:20 INFO::Fitting model to feature number 161, Bifidobacterium_longum
2025-01-17 22:51:20 INFO::Fitting model to feature number 162, Negativibacillus_massiliensis
2025-01-17 22:51:20 INFO::Fitting model to feature number 163, GGB9699_SGB15216
2025-01-17 22:51:21 INFO::Fitting model to feature number 164, Sutterella_wadsworthensis
2025-01-17 22:51:21 INFO::Fitting model to feature number 165, Clostridium_sp_AF27_2AA
2025-01-17 22:51:21 INFO::Fitting model to feature number 166, Lachnospiraceae_bacterium_OM04_12BH
2025-01-17 22:51:21 INFO::Fitting model to feature number 167, GGB9634_SGB15093
2025-01-17 22:51:21 INFO::Fitting model to feature number 168, GGB9293_SGB14250
2025-01-17 22:51:21 INFO::Fitting model to feature number 169, Clostridium_SGB4750
2025-01-17 22:51:21 INFO::Fitting model to feature number 170, GGB9707_SGB15229
2025-01-17 22:51:21 INFO::Fitting model to feature number 171, Roseburia_intestinalis
2025-01-17 22:51:21 INFO::Fitting model to feature number 172, GGB9608_SGB15041
2025-01-17 22:51:21 INFO::Fitting model to feature number 173, Oscillospiraceae_bacterium
2025-01-17 22:51:21 INFO::Fitting model to feature number 174, GGB9760_SGB15374
2025-01-17 22:51:21 INFO::Fitting model to feature number 175, Butyricimonas_paravirosa
2025-01-17 22:51:22 INFO::Fitting model to feature number 176, Alistipes_communis
2025-01-17 22:51:22 INFO::Fitting model to feature number 177, Bifidobacterium_adolescentis
2025-01-17 22:51:22 INFO::Fitting model to feature number 178, Prevotella_copri_clade_C
2025-01-17 22:51:22 INFO::Fitting model to feature number 179, Bifidobacterium_bifidum
2025-01-17 22:51:22 INFO::Fitting model to feature number 180, Ruminococcus_callidus
2025-01-17 22:51:22 INFO::Fitting model to feature number 181, Prevotella_copri_clade_A
2025-01-17 22:51:22 INFO::Fitting model to feature number 182, Collinsella_aerofaciens
2025-01-17 22:51:22 INFO::Fitting model to feature number 183, Gemmiger_formicilis
2025-01-17 22:51:22 INFO::Fitting model to feature number 184, Bacteroides_thetaiotaomicron
2025-01-17 22:51:22 INFO::Fitting model to feature number 185, Bacteroides_fragilis
2025-01-17 22:51:22 INFO::Fitting model to feature number 186, Holdemanella_porci
2025-01-17 22:51:22 INFO::Fitting model to feature number 187, GGB9760_SGB15373
2025-01-17 22:51:23 INFO::Fitting model to feature number 188, Anaerotignum_faecicola
2025-01-17 22:51:23 INFO::Fitting model to feature number 189, GGB13493_SGB15238
2025-01-17 22:51:23 INFO::Fitting model to feature number 190, GGB9642_SGB15119
2025-01-17 22:51:23 INFO::Fitting model to feature number 191, Senegalimassilia_anaerobia
2025-01-17 22:51:23 INFO::Fitting model to feature number 192, GGB34797_SGB14322
2025-01-17 22:51:23 INFO::Fitting model to feature number 193, Holdemanella_biformis
2025-01-17 22:51:23 INFO::Fitting model to feature number 194, GGB9759_SGB15370
2025-01-17 22:51:23 INFO::Fitting model to feature number 195, Alistipes_senegalensis
2025-01-17 22:51:23 INFO::Fitting model to feature number 196, Ellagibacter_isourolithinifaciens
2025-01-17 22:51:23 INFO::Fitting model to feature number 197, Desulfovibrio_SGB5076
2025-01-17 22:51:23 INFO::Fitting model to feature number 198, GGB33928_SGB15225
2025-01-17 22:51:23 INFO::Fitting model to feature number 199, Alistipes_indistinctus
2025-01-17 22:51:24 INFO::Fitting model to feature number 200, Slackia_isoflavoniconvertens
2025-01-17 22:51:24 INFO::Fitting model to feature number 201, Ruminococcus_sp_AF41_9
2025-01-17 22:51:24 INFO::Fitting model to feature number 202, Streptococcus_parasanguinis
2025-01-17 22:51:24 INFO::Fitting model to feature number 203, GGB9627_SGB15081
2025-01-17 22:51:24 INFO::Fitting model to feature number 204, Clostridiales_bacterium
2025-01-17 22:51:24 INFO::Fitting model to feature number 205, Eubacteriales_unclassified_SGB15145
2025-01-17 22:51:24 INFO::Fitting model to feature number 206, GGB80011_SGB15265
2025-01-17 22:51:24 INFO::Fitting model to feature number 207, Gemmiger_SGB15299
2025-01-17 22:51:24 INFO::Fitting model to feature number 208, GGB2998_SGB3988
2025-01-17 22:51:24 INFO::Fitting model to feature number 209, GGB9614_SGB15049
2025-01-17 22:51:24 INFO::Fitting model to feature number 210, Rheinheimera_SGB14999
2025-01-17 22:51:24 INFO::Fitting model to feature number 211, Vescimonas_coprocola
2025-01-17 22:51:25 INFO::Fitting model to feature number 212, Flavonifractor_plautii
2025-01-17 22:51:25 INFO::Fitting model to feature number 213, Collinsella_SGB4121
2025-01-17 22:51:25 INFO::Fitting model to feature number 214, Veillonella_dispar
2025-01-17 22:51:25 INFO::Fitting model to feature number 215, GGB9616_SGB15051
2025-01-17 22:51:25 INFO::Fitting model to feature number 216, Anaerotruncus_colihominis
2025-01-17 22:51:25 INFO::Fitting model to feature number 217, Rothia_mucilaginosa
2025-01-17 22:51:25 INFO::Fitting model to feature number 218, Veillonella_parvula
2025-01-17 22:51:25 INFO::Fitting model to feature number 219, Faecalibacterium_SGB15315
2025-01-17 22:51:25 INFO::Fitting model to feature number 220, Gemmiger_SGB15295
2025-01-17 22:51:25 INFO::Fitting model to feature number 221, Phocaeicola_SGB6473
2025-01-17 22:51:25 INFO::Fitting model to feature number 222, Dysosmobacter_welbionis
2025-01-17 22:51:25 INFO::Fitting model to feature number 223, Clostridium_leptum
2025-01-17 22:51:26 INFO::Fitting model to feature number 224, Streptococcus_infantis
2025-01-17 22:51:26 INFO::Fitting model to feature number 225, Veillonella_atypica
2025-01-17 22:51:26 INFO::Fitting model to feature number 226, Eggerthella_lenta
2025-01-17 22:51:26 INFO::Fitting model to feature number 227, Bifidobacterium_pseudocatenulatum
2025-01-17 22:51:26 INFO::Fitting model to feature number 228, GGB3278_SGB4328
2025-01-17 22:51:26 INFO::Fitting model to feature number 229, Prevotella_stercorea
2025-01-17 22:51:26 INFO::Fitting model to feature number 230, GGB3304_SGB4367
2025-01-17 22:51:26 INFO::Fitting model to feature number 231, Phascolarctobacterium_succinatutens
2025-01-17 22:51:26 INFO::Fitting model to feature number 232, Phocaeicola_plebeius
2025-01-17 22:51:26 INFO::Fitting model to feature number 233, Lachnospira_pectinoschiza
2025-01-17 22:51:26 INFO::Fitting model to feature number 234, Anaerobutyricum_soehngenii
2025-01-17 22:51:26 INFO::Fitting model to feature number 235, GGB51647_SGB4348
2025-01-17 22:51:27 INFO::Fitting model to feature number 236, Butyricimonas_faecihominis
2025-01-17 22:51:27 INFO::Fitting model to feature number 237, GGB3109_SGB4119
2025-01-17 22:51:27 INFO::Fitting model to feature number 238, Lawsonibacter_asaccharolyticus
2025-01-17 22:51:27 INFO::Fitting model to feature number 239, GGB9621_SGB15073
2025-01-17 22:51:27 INFO::Fitting model to feature number 240, GGB6569_SGB9281
2025-01-17 22:51:27 INFO::Fitting model to feature number 241, Dysosmobacter_sp_NSJ_60
2025-01-17 22:51:27 INFO::Fitting model to feature number 242, Intestinimonas_butyriciproducens
2025-01-17 22:51:27 INFO::Fitting model to feature number 243, Enterocloster_citroniae
2025-01-17 22:51:27 INFO::Fitting model to feature number 244, Hungatella_hathewayi
2025-01-17 22:51:27 INFO::Fitting model to feature number 245, GGB9708_SGB15234
2025-01-17 22:51:27 INFO::Fitting model to feature number 246, Enterococcus_faecium
2025-01-17 22:51:27 INFO::Fitting model to feature number 247, Faecalibacillus_faecis
2025-01-17 22:51:28 INFO::Fitting model to feature number 248, Clostridium_sp_NSJ_42
2025-01-17 22:51:28 INFO::Fitting model to feature number 249, Streptococcus_gordonii
2025-01-17 22:51:28 INFO::Fitting model to feature number 250, GGB9524_SGB14924
2025-01-17 22:51:28 INFO::Fitting model to feature number 251, GGB3321_SGB4394
2025-01-17 22:51:28 INFO::Fitting model to feature number 252, Streptococcus_mitis
2025-01-17 22:51:28 INFO::Fitting model to feature number 253, Enterocloster_aldenensis
2025-01-17 22:51:28 INFO::Fitting model to feature number 254, GGB9534_SGB14937
2025-01-17 22:51:28 INFO::Fitting model to feature number 255, Streptococcus_australis
2025-01-17 22:51:28 INFO::Fitting model to feature number 256, Ruthenibacterium_lactatiformans
2025-01-17 22:51:28 INFO::Fitting model to feature number 257, GGB9595_SGB15019
2025-01-17 22:51:28 INFO::Fitting model to feature number 258, Gemella_sanguinis
2025-01-17 22:51:28 INFO::Fitting model to feature number 259, Enterocloster_bolteae
2025-01-17 22:51:29 INFO::Fitting model to feature number 260, Clostridium_butyricum
2025-01-17 22:51:29 INFO::Fitting model to feature number 261, Lacrimispora_saccharolytica
2025-01-17 22:51:29 INFO::Fitting model to feature number 262, Streptococcus_vestibularis
2025-01-17 22:51:29 INFO::Fitting model to feature number 263, Allisonella_histaminiformans
2025-01-17 22:51:29 INFO::Fitting model to feature number 264, Enterococcus_faecalis
2025-01-17 22:51:29 INFO::Fitting model to feature number 265, GGB9770_SGB15390
2025-01-17 22:51:29 INFO::Fitting model to feature number 266, GGB47687_SGB2286
2025-01-17 22:51:29 INFO::Fitting model to feature number 267, GGB9619_SGB15067
2025-01-17 22:51:29 INFO::Fitting model to feature number 268, Streptococcus_anginosus
2025-01-17 22:51:29 INFO::Fitting model to feature number 269, Clostridium_symbiosum
2025-01-17 22:51:29 INFO::Fitting model to feature number 270, Eisenbergiella_tayi
2025-01-17 22:51:30 INFO::Fitting model to feature number 271, Granulicatella_SGB8255
2025-01-17 22:51:30 INFO::Fitting model to feature number 272, Clostridium_scindens
2025-01-17 22:51:30 INFO::Fitting model to feature number 273, GGB9719_SGB15272
2025-01-17 22:51:30 INFO::Fitting model to feature number 274, Clostridium_SGB6179
2025-01-17 22:51:30 INFO::Fitting model to feature number 275, Bacteroides_nordii
2025-01-17 22:51:30 INFO::Fitting model to feature number 276, Erysipelatoclostridium_ramosum
2025-01-17 22:51:30 INFO::Fitting model to feature number 277, GGB9593_SGB15015
2025-01-17 22:51:30 INFO::Fitting model to feature number 278, GGB9453_SGB14845
2025-01-17 22:51:30 INFO::Fitting model to feature number 279, Anaeromassilibacillus_sp_An250
2025-01-17 22:51:30 INFO::Fitting model to feature number 280, Bifidobacterium_dentium
2025-01-17 22:51:30 INFO::Fitting model to feature number 281, Ruminococcus_sp_AF46_10NS
2025-01-17 22:51:30 INFO::Fitting model to feature number 282, Ruminococcus_sp_BSD2780120874_150323_B10
2025-01-17 22:51:30 INFO::Fitting model to feature number 283, GGB3175_SGB4191
2025-01-17 22:51:31 INFO::Fitting model to feature number 284, GGB4566_SGB6305
2025-01-17 22:51:31 INFO::Fitting model to feature number 285, Eubacterium_sp_AF34_35BH
2025-01-17 22:51:31 INFO::Fitting model to feature number 286, Parabacteroides_goldsteinii
2025-01-17 22:51:31 INFO::Fitting model to feature number 287, Blautia_faecicola
2025-01-17 22:51:31 INFO::Fitting model to feature number 288, Adlercreutzia_equolifaciens
2025-01-17 22:51:31 INFO::Fitting model to feature number 289, Alistipes_sp_AF17_16
2025-01-17 22:51:31 INFO::Fitting model to feature number 290, Alistipes_finegoldii
2025-01-17 22:51:31 INFO::Fitting model to feature number 291, Alistipes_ihumii
2025-01-17 22:51:31 INFO::Fitting model to feature number 292, Evtepia_gabavorous
2025-01-17 22:51:31 INFO::Fitting model to feature number 293, Ruminococcus_gnavus
2025-01-17 22:51:31 INFO::Fitting model to feature number 294, Holdemania_filiformis
2025-01-17 22:51:32 INFO::Fitting model to feature number 295, GGB3005_SGB3996
2025-01-17 22:51:32 INFO::Fitting model to feature number 296, Mediterraneibacter_glycyrrhizinilyticus
2025-01-17 22:51:32 INFO::Fitting model to feature number 297, Methylobacterium_SGB15164
2025-01-17 22:51:32 INFO::Fitting model to feature number 298, Clostridiaceae_bacterium_Marseille_Q3526
2025-01-17 22:51:32 INFO::Fitting model to feature number 299, Clostridium_sp_AT4
2025-01-17 22:51:32 INFO::Fitting model to feature number 300, Eisenbergiella_massiliensis
2025-01-17 22:51:32 INFO::Fitting model to feature number 301, Blautia_caecimuris
2025-01-17 22:51:32 INFO::Fitting model to feature number 302, Clostridia_bacterium
2025-01-17 22:51:32 INFO::Fitting model to feature number 303, Clostridia_bacterium_UC5_1_1D1
2025-01-17 22:51:32 INFO::Fitting model to feature number 304, GGB1495_SGB2071
2025-01-17 22:51:32 INFO::Fitting model to feature number 305, GGB3819_SGB5184
2025-01-17 22:51:32 INFO::Fitting model to feature number 306, GGB3730_SGB5060
2025-01-17 22:51:33 INFO::Fitting model to feature number 307, Butyricimonas_SGB15260
2025-01-17 22:51:33 INFO::Fitting model to feature number 308, Phocaeicola_coprocola
2025-01-17 22:51:33 INFO::Fitting model to feature number 309, Tyzzerella_nexilis
2025-01-17 22:51:33 INFO::Fitting model to feature number 310, Bacteroides_eggerthii
2025-01-17 22:51:33 INFO::Fitting model to feature number 311, Acidaminococcus_intestini
2025-01-17 22:51:33 INFO::Fitting model to feature number 312, GGB3363_SGB4448
2025-01-17 22:51:33 INFO::Fitting model to feature number 313, Blautia_stercoris
2025-01-17 22:51:33 INFO::Fitting model to feature number 314, GGB3490_SGB4664
2025-01-17 22:51:34 INFO::Fitting model to feature number 315, Bacteroides_intestinalis
2025-01-17 22:51:34 INFO::Fitting model to feature number 316, GGB79973_SGB14341
2025-01-17 22:51:34 INFO::Fitting model to feature number 317, Clostridiaceae_unclassified_SGB15090
2025-01-17 22:51:34 INFO::Fitting model to feature number 318, Butyricicoccus_SGB14990
2025-01-17 22:51:34 INFO::Fitting model to feature number 319, Enterobacter_hormaechei
2025-01-17 22:51:34 INFO::Fitting model to feature number 320, GGB42994_SGB4746
2025-01-17 22:51:34 INFO::Fitting model to feature number 321, Parabacteroides_johnsonii
2025-01-17 22:51:34 INFO::Fitting model to feature number 322, Sanguibacter_SGB15121
2025-01-17 22:51:34 INFO::Fitting model to feature number 323, Vescimonas_SGB15087
2025-01-17 22:51:34 INFO::Fitting model to feature number 324, Turicibacter_sanguinis
2025-01-17 22:51:34 INFO::Fitting model to feature number 325, Clostridiales_bacterium_Choco116
2025-01-17 22:51:34 INFO::Fitting model to feature number 326, Sellimonas_intestinalis
2025-01-17 22:51:34 INFO::Fitting model to feature number 327, GGB9453_SGB14844
2025-01-17 22:51:34 INFO::Fitting model to feature number 328, Alistipes_dispar
2025-01-17 22:51:35 INFO::Fitting model to feature number 329, Merdimonas_faecis
2025-01-17 22:51:35 INFO::Fitting model to feature number 330, GGB3363_SGB4447
2025-01-17 22:51:35 INFO::Fitting model to feature number 331, Longicatena_caecimuris
2025-01-17 22:51:35 INFO::Fitting model to feature number 332, Blautia_hansenii
2025-01-17 22:51:35 INFO::Fitting model to feature number 333, Clostridia_bacterium_UC5_1_1E11
2025-01-17 22:51:35 INFO::Fitting model to feature number 334, Blautia_producta
2025-01-17 22:51:35 INFO::Fitting model to feature number 335, Monoglobus_pectinilyticus
2025-01-17 22:51:35 INFO::Fitting model to feature number 336, Anaerostipes_caccae
2025-01-17 22:51:35 INFO::Fitting model to feature number 337, Ruminococcus_SGB4421
2025-01-17 22:51:35 INFO::Fitting model to feature number 338, GGB33512_SGB15201
2025-01-17 22:51:35 INFO::Fitting model to feature number 339, GGB9697_SGB15213
2025-01-17 22:51:35 INFO::Fitting model to feature number 340, Ligilactobacillus_salivarius
2025-01-17 22:51:35 INFO::Fitting model to feature number 341, Megamonas_funiformis
2025-01-17 22:51:35 INFO::Fitting model to feature number 342, GGB1420_SGB1957
2025-01-17 22:51:35 INFO::Fitting model to feature number 343, Dialister_hominis
2025-01-17 22:51:35 INFO::Fitting model to feature number 344, Veillonella_tobetsuensis
2025-01-17 22:51:35 INFO::Fitting model to feature number 345, Citrobacter_freundii
2025-01-17 22:51:36 INFO::Fitting model to feature number 346, Faecalimonas_umbilicata
2025-01-17 22:51:36 INFO::Fitting model to feature number 347, Enterocloster_clostridioformis
2025-01-17 22:51:36 INFO::Fitting model to feature number 348, Mesosutterella_multiformis
2025-01-17 22:51:36 INFO::Fitting model to feature number 349, Ruminococcus_sp_AF13_28
2025-01-17 22:51:36 INFO::Fitting model to feature number 350, Megasphaera_micronuciformis
2025-01-17 22:51:36 INFO::Fitting model to feature number 351, Clostridium_sp_AM42_4
2025-01-17 22:51:36 INFO::Fitting model to feature number 352, Eubacterium_sp_NSJ_61
2025-01-17 22:51:36 INFO::Fitting model to feature number 353, Megasphaera_sp_NM10
2025-01-17 22:51:36 INFO::Fitting model to feature number 354, Klebsiella_variicola
2025-01-17 22:51:36 INFO::Counting total values for each feature
2025-01-17 22:51:36 INFO::Writing residuals to file G:/deeplearning/CRC/benchmarker/code/Meta_iTL/Result/feature//TL/Meta_iTL/FR-CRC_AT-CRC_ITA-CRC_JPN-CRC_US-CRC-2_US-CRC-3_CHN_SH-CRC-2_CHN_SH-CRC-3_CHN_WF-CRC/S0.5/Meta_iTL_all_cohort_MaAslin//residuals.rds
2025-01-17 22:51:36 INFO::Writing fitted values to file G:/deeplearning/CRC/benchmarker/code/Meta_iTL/Result/feature//TL/Meta_iTL/FR-CRC_AT-CRC_ITA-CRC_JPN-CRC_US-CRC-2_US-CRC-3_CHN_SH-CRC-2_CHN_SH-CRC-3_CHN_WF-CRC/S0.5/Meta_iTL_all_cohort_MaAslin//fitted.rds
2025-01-17 22:51:36 INFO::Writing extracted random effects to file G:/deeplearning/CRC/benchmarker/code/Meta_iTL/Result/feature//TL/Meta_iTL/FR-CRC_AT-CRC_ITA-CRC_JPN-CRC_US-CRC-2_US-CRC-3_CHN_SH-CRC-2_CHN_SH-CRC-3_CHN_WF-CRC/S0.5/Meta_iTL_all_cohort_MaAslin//ranef.rds
2025-01-17 22:51:36 INFO::Writing all results to file (ordered by increasing q-values): G:/deeplearning/CRC/benchmarker/code/Meta_iTL/Result/feature//TL/Meta_iTL/FR-CRC_AT-CRC_ITA-CRC_JPN-CRC_US-CRC-2_US-CRC-3_CHN_SH-CRC-2_CHN_SH-CRC-3_CHN_WF-CRC/S0.5/Meta_iTL_all_cohort_MaAslin//all_results.tsv
2025-01-17 22:51:36 INFO::Writing the significant results (those which are less than or equal to the threshold of 0.250000 ) to file (ordered by increasing q-values): G:/deeplearning/CRC/benchmarker/code/Meta_iTL/Result/feature//TL/Meta_iTL/FR-CRC_AT-CRC_ITA-CRC_JPN-CRC_US-CRC-2_US-CRC-3_CHN_SH-CRC-2_CHN_SH-CRC-3_CHN_WF-CRC/S0.5/Meta_iTL_all_cohort_MaAslin//significant_results.tsv
2025-01-17 22:51:36 INFO::Writing heatmap of significant results to file: G:/deeplearning/CRC/benchmarker/code/Meta_iTL/Result/feature//TL/Meta_iTL/FR-CRC_AT-CRC_ITA-CRC_JPN-CRC_US-CRC-2_US-CRC-3_CHN_SH-CRC-2_CHN_SH-CRC-3_CHN_WF-CRC/S0.5/Meta_iTL_all_cohort_MaAslin//heatmap.pdf
2025-01-17 22:51:36 INFO::Writing association plots (one for each significant association) to output folder: G:/deeplearning/CRC/benchmarker/code/Meta_iTL/Result/feature//TL/Meta_iTL/FR-CRC_AT-CRC_ITA-CRC_JPN-CRC_US-CRC-2_US-CRC-3_CHN_SH-CRC-2_CHN_SH-CRC-3_CHN_WF-CRC/S0.5/Meta_iTL_all_cohort_MaAslin/
2025-01-17 22:51:36 INFO::Plotting associations from most to least significant, grouped by metadata
2025-01-17 22:51:36 INFO::Plotting data for metadata number 1, Group
2025-01-17 22:51:36 INFO::Creating boxplot for categorical data, Group vs Blautia_wexlerae
2025-01-17 22:51:37 INFO::Creating boxplot for categorical data, Group vs Blautia_obeum
2025-01-17 22:51:37 INFO::Creating boxplot for categorical data, Group vs Anaerostipes_hadrus
2025-01-17 22:51:37 INFO::Creating boxplot for categorical data, Group vs Blautia_SGB4815
2025-01-17 22:51:37 INFO::Creating boxplot for categorical data, Group vs Phocaeicola_vulgatus
2025-01-17 22:51:37 INFO::Creating boxplot for categorical data, Group vs Faecalibacillus_intestinalis
2025-01-17 22:51:37 INFO::Creating boxplot for categorical data, Group vs Streptococcus_thermophilus
2025-01-17 22:51:38 INFO::Creating boxplot for categorical data, Group vs Blautia_faecis
2025-01-17 22:51:38 INFO::Creating boxplot for categorical data, Group vs Bacteroides_salyersiae
2025-01-17 22:51:38 INFO::Creating boxplot for categorical data, Group vs Lachnospiraceae_bacterium_Marseille_Q4251
2025-01-17 22:51:38 INFO::Creating boxplot for categorical data, Group vs Dorea_formicigenerans
2025-01-17 22:51:39 INFO::Creating boxplot for categorical data, Group vs Flavonifractor_plautii
2025-01-17 22:51:39 INFO::Creating boxplot for categorical data, Group vs Megasphaera_micronuciformis
2025-01-17 22:51:39 INFO::Creating boxplot for categorical data, Group vs Ruminococcus_sp_AF41_9
2025-01-17 22:51:39 INFO::Creating boxplot for categorical data, Group vs Blautia_massiliensis
2025-01-17 22:51:39 INFO::Creating boxplot for categorical data, Group vs Phocaeicola_massiliensis
2025-01-17 22:51:39 INFO::Creating boxplot for categorical data, Group vs Tyzzerella_nexilis
2025-01-17 22:51:39 INFO::Creating boxplot for categorical data, Group vs Faecalicatena_fissicatena
2025-01-17 22:51:40 INFO::Creating boxplot for categorical data, Group vs Anaerobutyricum_hallii
2025-01-17 22:51:40 INFO::Creating boxplot for categorical data, Group vs Collinsella_SGB14861
2025-01-17 22:51:40 INFO::Creating boxplot for categorical data, Group vs Clostridium_symbiosum
2025-01-17 22:51:40 INFO::Creating boxplot for categorical data, Group vs Romboutsia_timonensis
2025-01-17 22:51:40 INFO::Creating boxplot for categorical data, Group vs Bacteroides_stercoris
2025-01-17 22:51:41 INFO::Creating boxplot for categorical data, Group vs Dorea_longicatena
2025-01-17 22:51:41 INFO::Creating boxplot for categorical data, Group vs Bifidobacterium_longum
2025-01-17 22:51:41 INFO::Creating boxplot for categorical data, Group vs Alistipes_shahii
2025-01-17 22:51:41 INFO::Creating boxplot for categorical data, Group vs Lachnospiraceae_bacterium
2025-01-17 22:51:41 INFO::Creating boxplot for categorical data, Group vs Coprococcus_catus
2025-01-17 22:51:41 INFO::Creating boxplot for categorical data, Group vs Dorea_sp_AF36_15AT
2025-01-17 22:51:42 INFO::Creating boxplot for categorical data, Group vs Bifidobacterium_pseudocatenulatum
2025-01-17 22:51:42 INFO::Creating boxplot for categorical data, Group vs Fusicatenibacter_saccharivorans
2025-01-17 22:51:42 INFO::Creating boxplot for categorical data, Group vs Blautia_faecicola
2025-01-17 22:51:42 INFO::Creating boxplot for categorical data, Group vs Holdemania_filiformis
2025-01-17 22:51:42 INFO::Creating boxplot for categorical data, Group vs Bacteroides_uniformis
2025-01-17 22:51:43 INFO::Creating boxplot for categorical data, Group vs Butyricimonas_faecihominis
2025-01-17 22:51:43 INFO::Creating boxplot for categorical data, Group vs Bacteroides_thetaiotaomicron
2025-01-17 22:51:43 INFO::Creating boxplot for categorical data, Group vs Bacteroides_caccae
2025-01-17 22:51:43 INFO::Creating boxplot for categorical data, Group vs Veillonella_atypica
2025-01-17 22:51:43 INFO::Creating boxplot for categorical data, Group vs Eubacterium_sp_AF34_35BH
2025-01-17 22:51:44 INFO::Creating boxplot for categorical data, Group vs Clostridium_sp_AF27_2AA
2025-01-17 22:51:44 INFO::Creating boxplot for categorical data, Group vs Bacteroides_cellulosilyticus
2025-01-17 22:51:44 INFO::Creating boxplot for categorical data, Group vs Parabacteroides_merdae
2025-01-17 22:51:44 INFO::Creating boxplot for categorical data, Group vs Desulfovibrio_SGB5077
2025-01-17 22:51:44 INFO::Creating boxplot for categorical data, Group vs Clostridiales_Family_XIII_bacterium_BX16
2025-01-17 22:51:44 INFO::Creating boxplot for categorical data, Group vs Roseburia_inulinivorans
2025-01-17 22:51:45 INFO::Creating boxplot for categorical data, Group vs GGB79973_SGB14341
2025-01-17 22:51:45 INFO::Creating boxplot for categorical data, Group vs Bacteroides_finegoldii
2025-01-17 22:51:45 INFO::Creating boxplot for categorical data, Group vs Anaerobutyricum_soehngenii
2025-01-17 22:51:45 INFO::Creating boxplot for categorical data, Group vs Ruminococcus_bromii
2025-01-17 22:51:45 INFO::Creating boxplot for categorical data, Group vs Lachnospira_sp_NSJ_43
2025-01-17 22:51:45 INFO::Creating boxplot for categorical data, Group vs Blautia_sp_Marseille_P3087
2025-01-17 22:51:46 INFO::Creating boxplot for categorical data, Group vs Streptococcus_salivarius
2025-01-17 22:51:46 INFO::Creating boxplot for categorical data, Group vs Clostridiaceae_bacterium_AF18_31LB
2025-01-17 22:51:46 INFO::Creating boxplot for categorical data, Group vs Blautia_luti
2025-01-17 22:51:46 INFO::Creating boxplot for categorical data, Group vs Veillonella_parvula
2025-01-17 22:51:47 INFO::Creating boxplot for categorical data, Group vs Hungatella_hathewayi
2025-01-17 22:51:47 INFO::Creating boxplot for categorical data, Group vs Clostridium_sp_NSJ_42
2025-01-17 22:51:47 INFO::Creating boxplot for categorical data, Group vs GGB9595_SGB15019
2025-01-17 22:51:48 INFO::Creating boxplot for categorical data, Group vs Enterocloster_bolteae
2025-01-17 22:51:49 INFO::Creating boxplot for categorical data, Group vs Eubacteriaceae_bacterium
2025-01-17 22:51:49 INFO::Creating boxplot for categorical data, Group vs Blautia_sp_MSK_20_85
2025-01-17 22:51:50 INFO::Creating boxplot for categorical data, Group vs Ellagibacter_isourolithinifaciens
2025-01-17 22:51:50 INFO::Creating boxplot for categorical data, Group vs Eubacterium_ramulus
2025-01-17 22:51:50 INFO::Creating boxplot for categorical data, Group vs Adlercreutzia_equolifaciens
2025-01-17 22:51:50 INFO::Creating boxplot for categorical data, Group vs Clostridiales_bacterium
2025-01-17 22:51:51 INFO::Creating boxplot for categorical data, Group vs GGB9345_SGB14311
2025-01-17 22:51:51 INFO::Creating boxplot for categorical data, Group vs Evtepia_gabavorous
