2025-01-17 22:38:47 INFO::Writing function arguments to log file
2025-01-17 22:38:47 DEBUG::Function arguments
2025-01-17 22:38:47 DEBUG::Output folder: G:/deeplearning/CRC/benchmarker/code/Meta_iTL/Result/feature//TL/Meta_iTL/FR-CRC_AT-CRC_ITA-CRC_JPN-CRC_US-CRC-2_CHN_WF-CRC_CHN_SH-CRC-3_US-CRC-3_CHN_SH-CRC-2/S0.6/US-CRC-2_MaAslin
2025-01-17 22:38:47 DEBUG::Min Abundance: 0.000000
2025-01-17 22:38:47 DEBUG::Min Prevalence: 0.000000
2025-01-17 22:38:47 DEBUG::Normalization: NONE
2025-01-17 22:38:47 DEBUG::Transform: LOG
2025-01-17 22:38:47 DEBUG::Analysis method: LM
2025-01-17 22:38:47 DEBUG::Max significance: 0.250000
2025-01-17 22:38:47 DEBUG::Random effects:
2025-01-17 22:38:47 DEBUG::Fixed effects: Group
2025-01-17 22:38:47 DEBUG::Correction method: BH
2025-01-17 22:38:47 DEBUG::Standardize: TRUE
2025-01-17 22:38:47 DEBUG::Cores: 1
2025-01-17 22:38:47 INFO::Verifying options selected are valid
2025-01-17 22:38:47 INFO::Determining format of input files
2025-01-17 22:38:47 INFO::Input format is data samples as rows and metadata samples as rows
2025-01-17 22:38:47 DEBUG::A total of 6 samples were found in both the data and metadata
2025-01-17 22:38:47 DEBUG::Reordering data/metadata to use same sample ordering
2025-01-17 22:38:47 INFO::Formula for fixed effects: expr ~  Group
2025-01-17 22:38:47 INFO::Filter data based on min abundance and min prevalence
2025-01-17 22:38:47 INFO::Total samples in data: 6
2025-01-17 22:38:47 INFO::Min samples required with min abundance for a feature not to be filtered: 0.000000
2025-01-17 22:38:47 INFO::Total filtered features: 143
2025-01-17 22:38:47 INFO::Filtered feature names from abundance and prevalence filtering:
2025-01-17 22:38:47 INFO::Total filtered features with variance filtering: 0
2025-01-17 22:38:47 INFO::Filtered feature names from variance filtering:
2025-01-17 22:38:47 INFO::Running selected normalization method: NONE
2025-01-17 22:38:47 INFO::Applying z-score to standardize continuous metadata
2025-01-17 22:38:47 INFO::Running selected transform method: LOG
2025-01-17 22:38:47 INFO::Running selected analysis method: LM
2025-01-17 22:38:47 INFO::Fitting model to feature number 1, Ruminococcus_bromii
2025-01-17 22:38:47 INFO::Fitting model to feature number 2, Coprococcus_eutactus
2025-01-17 22:38:47 INFO::Fitting model to feature number 3, Dialister_invisus
2025-01-17 22:38:47 INFO::Fitting model to feature number 4, Eubacterium_rectale
2025-01-17 22:38:47 INFO::Fitting model to feature number 5, Phocaeicola_vulgatus
2025-01-17 22:38:47 INFO::Fitting model to feature number 6, Bacteroides_uniformis
2025-01-17 22:38:47 INFO::Fitting model to feature number 7, Bacteroides_cellulosilyticus
2025-01-17 22:38:47 INFO::Fitting model to feature number 8, GGB4684_SGB6478
2025-01-17 22:38:47 INFO::Fitting model to feature number 9, Clostridium_sp_1001270H_150608_G6
2025-01-17 22:38:47 INFO::Fitting model to feature number 10, Akkermansia_muciniphila
2025-01-17 22:38:47 INFO::Fitting model to feature number 11, GGB3277_SGB4327
2025-01-17 22:38:47 INFO::Fitting model to feature number 12, Alistipes_putredinis
2025-01-17 22:38:47 INFO::Fitting model to feature number 13, GGB9758_SGB15368
2025-01-17 22:38:47 INFO::Fitting model to feature number 14, Roseburia_inulinivorans
2025-01-17 22:38:47 INFO::Fitting model to feature number 15, Ruminococcus_lactaris
2025-01-17 22:38:47 INFO::Fitting model to feature number 16, Clostridium_sp_AM49_4BH
2025-01-17 22:38:47 INFO::Fitting model to feature number 17, Lachnospira_sp_NSJ_43
2025-01-17 22:38:47 INFO::Fitting model to feature number 18, GGB3256_SGB4303
2025-01-17 22:38:47 INFO::Fitting model to feature number 19, Paraprevotella_clara
2025-01-17 22:38:47 INFO::Fitting model to feature number 20, Eubacterium_ventriosum
2025-01-17 22:38:47 INFO::Fitting model to feature number 21, GGB9345_SGB14311
2025-01-17 22:38:47 INFO::Fitting model to feature number 22, Odoribacter_splanchnicus
2025-01-17 22:38:47 INFO::Fitting model to feature number 23, Dorea_longicatena
2025-01-17 22:38:47 INFO::Fitting model to feature number 24, Parabacteroides_distasonis
2025-01-17 22:38:47 INFO::Fitting model to feature number 25, Faecalibacterium_prausnitzii
2025-01-17 22:38:47 INFO::Fitting model to feature number 26, Roseburia_faecis
2025-01-17 22:38:47 INFO::Fitting model to feature number 27, Coprococcus_comes
2025-01-17 22:38:47 INFO::Fitting model to feature number 28, GGB3746_SGB5089
2025-01-17 22:38:47 INFO::Fitting model to feature number 29, Intestinibacter_bartlettii
2025-01-17 22:38:47 INFO::Fitting model to feature number 30, Desulfovibrio_SGB5077
2025-01-17 22:38:47 INFO::Fitting model to feature number 31, Firmicutes_bacterium_AF16_15
2025-01-17 22:38:47 INFO::Fitting model to feature number 32, Bacteroides_caccae
2025-01-17 22:38:47 INFO::Fitting model to feature number 33, Ruminococcus_torques
2025-01-17 22:38:47 INFO::Fitting model to feature number 34, GGB9342_SGB14306
2025-01-17 22:38:47 INFO::Fitting model to feature number 35, Bacteroides_finegoldii
2025-01-17 22:38:47 INFO::Fitting model to feature number 36, Dorea_formicigenerans
2025-01-17 22:38:47 INFO::Fitting model to feature number 37, Clostridium_sp_1001270J_160509_D11
2025-01-17 22:38:47 INFO::Fitting model to feature number 38, GGB9636_SGB15107
2025-01-17 22:38:47 INFO::Fitting model to feature number 39, Ruminococcus_bicirculans
2025-01-17 22:38:47 INFO::Fitting model to feature number 40, Bacteroides_ovatus
2025-01-17 22:38:47 INFO::Fitting model to feature number 41, Lachnospiraceae_bacterium
2025-01-17 22:38:47 INFO::Fitting model to feature number 42, Faecalibacillus_intestinalis
2025-01-17 22:38:47 INFO::Fitting model to feature number 43, GGB3612_SGB4882
2025-01-17 22:38:47 INFO::Fitting model to feature number 44, Blautia_wexlerae
2025-01-17 22:38:48 INFO::Fitting model to feature number 45, Eubacterium_siraeum
2025-01-17 22:38:48 INFO::Fitting model to feature number 46, Eubacteriaceae_bacterium
2025-01-17 22:38:48 INFO::Fitting model to feature number 47, GGB3653_SGB4964
2025-01-17 22:38:48 INFO::Fitting model to feature number 48, GGB3614_SGB4886
2025-01-17 22:38:48 INFO::Fitting model to feature number 49, Parabacteroides_merdae
2025-01-17 22:38:48 INFO::Fitting model to feature number 50, Phascolarctobacterium_faecium
2025-01-17 22:38:48 INFO::Fitting model to feature number 51, Clostridiaceae_bacterium
2025-01-17 22:38:48 INFO::Fitting model to feature number 52, Faecalicatena_fissicatena
2025-01-17 22:38:48 INFO::Fitting model to feature number 53, GGB51269_SGB5062
2025-01-17 22:38:48 INFO::Fitting model to feature number 54, Blautia_sp_Marseille_P3087
2025-01-17 22:38:48 INFO::Fitting model to feature number 55, Escherichia_coli
2025-01-17 22:38:48 INFO::Fitting model to feature number 56, Streptococcus_thermophilus
2025-01-17 22:38:48 INFO::Fitting model to feature number 57, Bacteroides_stercoris
2025-01-17 22:38:48 INFO::Fitting model to feature number 58, GGB9747_SGB15356
2025-01-17 22:38:48 INFO::Fitting model to feature number 59, Clostridiales_bacterium_KLE1615
2025-01-17 22:38:48 INFO::Fitting model to feature number 60, Blautia_faecis
2025-01-17 22:38:48 INFO::Fitting model to feature number 61, GGB9512_SGB14909
2025-01-17 22:38:48 INFO::Fitting model to feature number 62, Candidatus_Cibionibacter_quicibialis
2025-01-17 22:38:48 INFO::Fitting model to feature number 63, Blautia_obeum
2025-01-17 22:38:48 INFO::Fitting model to feature number 64, GGB9635_SGB15106
2025-01-17 22:38:48 INFO::Fitting model to feature number 65, Anaerostipes_hadrus
2025-01-17 22:38:48 INFO::Fitting model to feature number 66, Blautia_sp_MSK_20_85
2025-01-17 22:38:48 INFO::Fitting model to feature number 67, Fusicatenibacter_saccharivorans
2025-01-17 22:38:48 INFO::Fitting model to feature number 68, Anaerobutyricum_hallii
2025-01-17 22:38:48 INFO::Fitting model to feature number 69, Clostridium_fessum
2025-01-17 22:38:48 INFO::Fitting model to feature number 70, Lachnospira_eligens
2025-01-17 22:38:48 INFO::Fitting model to feature number 71, Clostridium_sp_AF34_10BH
2025-01-17 22:38:48 INFO::Fitting model to feature number 72, Streptococcus_salivarius
2025-01-17 22:38:48 INFO::Fitting model to feature number 73, Roseburia_hominis
2025-01-17 22:38:48 INFO::Fitting model to feature number 74, Blautia_SGB4815
2025-01-17 22:38:48 INFO::Fitting model to feature number 75, Parasutterella_excrementihominis
2025-01-17 22:38:48 INFO::Fitting model to feature number 76, GGB9712_SGB15244
2025-01-17 22:38:48 INFO::Fitting model to feature number 77, Clostridium_sp_AF20_17LB
2025-01-17 22:38:48 INFO::Fitting model to feature number 78, Clostridiaceae_bacterium_AF18_31LB
2025-01-17 22:38:48 INFO::Fitting model to feature number 79, Clostridiaceae_bacterium_Marseille_Q4149
2025-01-17 22:38:48 INFO::Fitting model to feature number 80, Collinsella_SGB14861
2025-01-17 22:38:48 INFO::Fitting model to feature number 81, Lacrimispora_celerecrescens
2025-01-17 22:38:48 INFO::Fitting model to feature number 82, Clostridium_sp_AF36_4
2025-01-17 22:38:48 INFO::Fitting model to feature number 83, Oscillospiraceae_bacterium_Marseille_Q3528
2025-01-17 22:38:48 INFO::Fitting model to feature number 84, Dysosmobacter_sp_BX15
2025-01-17 22:38:48 INFO::Fitting model to feature number 85, Coprococcus_catus
2025-01-17 22:38:48 INFO::Fitting model to feature number 86, Butyricicoccus_sp_AM29_23AC
2025-01-17 22:38:48 INFO::Fitting model to feature number 87, Dorea_sp_AF24_7LB
2025-01-17 22:38:48 INFO::Fitting model to feature number 88, GGB2982_SGB3964
2025-01-17 22:38:48 INFO::Fitting model to feature number 89, Faecalibacterium_SGB15346
2025-01-17 22:38:48 INFO::Fitting model to feature number 90, Catenibacterium_SGB4425
2025-01-17 22:38:48 INFO::Fitting model to feature number 91, Eubacterium_ramulus
2025-01-17 22:38:48 INFO::Fitting model to feature number 92, Clostridium_saudiense
2025-01-17 22:38:48 INFO::Fitting model to feature number 93, Alistipes_shahii
2025-01-17 22:38:48 INFO::Fitting model to feature number 94, GGB80011_SGB15267
2025-01-17 22:38:48 INFO::Fitting model to feature number 95, GGB2653_SGB3574
2025-01-17 22:38:48 INFO::Fitting model to feature number 96, Blautia_massiliensis
2025-01-17 22:38:48 INFO::Fitting model to feature number 97, Lacrimispora_amygdalina
2025-01-17 22:38:48 INFO::Fitting model to feature number 98, Blautia_glucerasea
2025-01-17 22:38:48 INFO::Fitting model to feature number 99, Agathobaculum_butyriciproducens
2025-01-17 22:38:48 INFO::Fitting model to feature number 100, Parasutterella_SGB9260
2025-01-17 22:38:48 INFO::Fitting model to feature number 101, GGB33469_SGB15236
2025-01-17 22:38:48 INFO::Fitting model to feature number 102, Turicibacter_bilis
2025-01-17 22:38:48 INFO::Fitting model to feature number 103, GGB79734_SGB15291
2025-01-17 22:38:48 INFO::Fitting model to feature number 104, Hydrogenoanaerobacterium_saccharovorans
2025-01-17 22:38:48 INFO::Fitting model to feature number 105, Desulfovibrio_piger
2025-01-17 22:38:48 INFO::Fitting model to feature number 106, Blautia_luti
2025-01-17 22:38:48 INFO::Fitting model to feature number 107, Oscillibacter_sp_ER4
2025-01-17 22:38:48 INFO::Fitting model to feature number 108, Clostridiales_Family_XIII_bacterium_BX16
2025-01-17 22:38:48 INFO::Fitting model to feature number 109, GGB9713_SGB15249
2025-01-17 22:38:48 INFO::Fitting model to feature number 110, GGB9602_SGB15028
2025-01-17 22:38:48 INFO::Fitting model to feature number 111, Oscillospiraceae_unclassified_SGB15256
2025-01-17 22:38:48 INFO::Fitting model to feature number 112, Roseburia_sp_AF02_12
2025-01-17 22:38:49 INFO::Fitting model to feature number 113, GGB9602_SGB15031
2025-01-17 22:38:49 INFO::Fitting model to feature number 114, Waltera_intestinalis
2025-01-17 22:38:49 INFO::Fitting model to feature number 115, Dorea_sp_AF36_15AT
2025-01-17 22:38:49 INFO::Fitting model to feature number 116, Bilophila_wadsworthia
2025-01-17 22:38:49 INFO::Fitting model to feature number 117, Romboutsia_timonensis
2025-01-17 22:38:49 INFO::Fitting model to feature number 118, GGB9559_SGB14969
2025-01-17 22:38:49 INFO::Fitting model to feature number 119, Bifidobacterium_longum
2025-01-17 22:38:49 INFO::Fitting model to feature number 120, GGB9634_SGB15093
2025-01-17 22:38:49 INFO::Fitting model to feature number 121, Clostridium_SGB4750
2025-01-17 22:38:49 INFO::Fitting model to feature number 122, Roseburia_intestinalis
2025-01-17 22:38:49 INFO::Fitting model to feature number 123, GGB9608_SGB15041
2025-01-17 22:38:49 INFO::Fitting model to feature number 124, Oscillospiraceae_bacterium
2025-01-17 22:38:49 INFO::Fitting model to feature number 125, GGB9760_SGB15374
2025-01-17 22:38:49 INFO::Fitting model to feature number 126, Alistipes_communis
2025-01-17 22:38:49 INFO::Fitting model to feature number 127, Bifidobacterium_adolescentis
2025-01-17 22:38:49 INFO::Fitting model to feature number 128, Prevotella_copri_clade_C
2025-01-17 22:38:49 INFO::Fitting model to feature number 129, Bifidobacterium_bifidum
2025-01-17 22:38:49 INFO::Fitting model to feature number 130, Ruminococcus_callidus
2025-01-17 22:38:49 INFO::Fitting model to feature number 131, Prevotella_copri_clade_A
2025-01-17 22:38:49 INFO::Fitting model to feature number 132, Collinsella_aerofaciens
2025-01-17 22:38:49 INFO::Fitting model to feature number 133, Gemmiger_formicilis
2025-01-17 22:38:49 INFO::Fitting model to feature number 134, Bacteroides_thetaiotaomicron
2025-01-17 22:38:49 INFO::Fitting model to feature number 135, GGB9760_SGB15373
2025-01-17 22:38:49 INFO::Fitting model to feature number 136, GGB9642_SGB15119
2025-01-17 22:38:49 INFO::Fitting model to feature number 137, GGB34797_SGB14322
2025-01-17 22:38:49 INFO::Fitting model to feature number 138, GGB9759_SGB15370
2025-01-17 22:38:49 INFO::Fitting model to feature number 139, Slackia_isoflavoniconvertens
2025-01-17 22:38:49 INFO::Fitting model to feature number 140, Ruminococcus_sp_AF41_9
2025-01-17 22:38:49 INFO::Fitting model to feature number 141, Streptococcus_parasanguinis
2025-01-17 22:38:49 INFO::Fitting model to feature number 142, GGB9627_SGB15081
2025-01-17 22:38:49 INFO::Fitting model to feature number 143, Clostridiales_bacterium
2025-01-17 22:38:49 INFO::Fitting model to feature number 144, GGB80011_SGB15265
2025-01-17 22:38:49 INFO::Fitting model to feature number 145, GGB2998_SGB3988
2025-01-17 22:38:49 INFO::Fitting model to feature number 146, Rheinheimera_SGB14999
2025-01-17 22:38:49 INFO::Fitting model to feature number 147, Flavonifractor_plautii
2025-01-17 22:38:49 INFO::Fitting model to feature number 148, Collinsella_SGB4121
2025-01-17 22:38:49 INFO::Fitting model to feature number 149, Veillonella_dispar
2025-01-17 22:38:49 INFO::Fitting model to feature number 150, Rothia_mucilaginosa
2025-01-17 22:38:49 INFO::Fitting model to feature number 151, Veillonella_parvula
2025-01-17 22:38:49 INFO::Fitting model to feature number 152, Faecalibacterium_SGB15315
2025-01-17 22:38:49 INFO::Fitting model to feature number 153, Gemmiger_SGB15295
2025-01-17 22:38:50 INFO::Fitting model to feature number 154, Phocaeicola_SGB6473
2025-01-17 22:38:50 INFO::Fitting model to feature number 155, Dysosmobacter_welbionis
2025-01-17 22:38:50 INFO::Fitting model to feature number 156, Clostridium_leptum
2025-01-17 22:38:50 INFO::Fitting model to feature number 157, Eggerthella_lenta
2025-01-17 22:38:50 INFO::Fitting model to feature number 158, Bifidobacterium_pseudocatenulatum
2025-01-17 22:38:50 INFO::Fitting model to feature number 159, GGB3304_SGB4367
2025-01-17 22:38:50 INFO::Fitting model to feature number 160, Phascolarctobacterium_succinatutens
2025-01-17 22:38:50 INFO::Fitting model to feature number 161, Lachnospira_pectinoschiza
2025-01-17 22:38:50 INFO::Fitting model to feature number 162, Anaerobutyricum_soehngenii
2025-01-17 22:38:50 INFO::Fitting model to feature number 163, GGB51647_SGB4348
2025-01-17 22:38:50 INFO::Fitting model to feature number 164, GGB3109_SGB4119
2025-01-17 22:38:50 INFO::Fitting model to feature number 165, Lawsonibacter_asaccharolyticus
2025-01-17 22:38:50 INFO::Fitting model to feature number 166, Enterococcus_faecium
2025-01-17 22:38:50 INFO::Fitting model to feature number 167, Clostridium_sp_NSJ_42
2025-01-17 22:38:50 INFO::Fitting model to feature number 168, Streptococcus_gordonii
2025-01-17 22:38:50 INFO::Fitting model to feature number 169, Ruthenibacterium_lactatiformans
2025-01-17 22:38:50 INFO::Fitting model to feature number 170, Enterocloster_bolteae
2025-01-17 22:38:50 INFO::Fitting model to feature number 171, Lacrimispora_saccharolytica
2025-01-17 22:38:50 INFO::Fitting model to feature number 172, GGB9770_SGB15390
2025-01-17 22:38:50 INFO::Fitting model to feature number 173, GGB9619_SGB15067
2025-01-17 22:38:50 INFO::Fitting model to feature number 174, Clostridium_scindens
2025-01-17 22:38:50 INFO::Fitting model to feature number 175, GGB9719_SGB15272
2025-01-17 22:38:50 INFO::Fitting model to feature number 176, Clostridium_SGB6179
2025-01-17 22:38:50 INFO::Fitting model to feature number 177, Erysipelatoclostridium_ramosum
2025-01-17 22:38:50 INFO::Fitting model to feature number 178, GGB9593_SGB15015
2025-01-17 22:38:50 INFO::Fitting model to feature number 179, Anaeromassilibacillus_sp_An250
2025-01-17 22:38:50 INFO::Fitting model to feature number 180, Bifidobacterium_dentium
2025-01-17 22:38:50 INFO::Fitting model to feature number 181, Eubacterium_sp_AF34_35BH
2025-01-17 22:38:50 INFO::Fitting model to feature number 182, Parabacteroides_goldsteinii
2025-01-17 22:38:50 INFO::Fitting model to feature number 183, Blautia_faecicola
2025-01-17 22:38:50 INFO::Fitting model to feature number 184, Adlercreutzia_equolifaciens
2025-01-17 22:38:50 INFO::Fitting model to feature number 185, Alistipes_finegoldii
2025-01-17 22:38:50 INFO::Fitting model to feature number 186, Alistipes_ihumii
2025-01-17 22:38:50 INFO::Fitting model to feature number 187, Evtepia_gabavorous
2025-01-17 22:38:50 INFO::Fitting model to feature number 188, Ruminococcus_gnavus
2025-01-17 22:38:50 INFO::Fitting model to feature number 189, Mediterraneibacter_glycyrrhizinilyticus
2025-01-17 22:38:50 INFO::Fitting model to feature number 190, Clostridiaceae_bacterium_Marseille_Q3526
2025-01-17 22:38:50 INFO::Fitting model to feature number 191, Eisenbergiella_massiliensis
2025-01-17 22:38:50 INFO::Fitting model to feature number 192, Clostridia_bacterium
2025-01-17 22:38:50 INFO::Fitting model to feature number 193, Clostridia_bacterium_UC5_1_1D1
2025-01-17 22:38:50 INFO::Fitting model to feature number 194, Butyricimonas_SGB15260
2025-01-17 22:38:50 INFO::Fitting model to feature number 195, Bacteroides_eggerthii
2025-01-17 22:38:50 INFO::Fitting model to feature number 196, Acidaminococcus_intestini
2025-01-17 22:38:50 INFO::Fitting model to feature number 197, GGB3363_SGB4448
2025-01-17 22:38:50 INFO::Fitting model to feature number 198, Blautia_stercoris
2025-01-17 22:38:50 INFO::Fitting model to feature number 199, Bacteroides_intestinalis
2025-01-17 22:38:50 INFO::Fitting model to feature number 200, Enterobacter_hormaechei
2025-01-17 22:38:50 INFO::Fitting model to feature number 201, Sanguibacter_SGB15121
2025-01-17 22:38:50 INFO::Fitting model to feature number 202, Vescimonas_SGB15087
2025-01-17 22:38:50 INFO::Fitting model to feature number 203, Turicibacter_sanguinis
2025-01-17 22:38:50 INFO::Fitting model to feature number 204, Sellimonas_intestinalis
2025-01-17 22:38:50 INFO::Fitting model to feature number 205, GGB3363_SGB4447
2025-01-17 22:38:50 INFO::Fitting model to feature number 206, Clostridia_bacterium_UC5_1_1E11
2025-01-17 22:38:50 INFO::Fitting model to feature number 207, Blautia_producta
2025-01-17 22:38:50 INFO::Fitting model to feature number 208, Monoglobus_pectinilyticus
2025-01-17 22:38:50 INFO::Fitting model to feature number 209, Ruminococcus_SGB4421
2025-01-17 22:38:50 INFO::Fitting model to feature number 210, Faecalimonas_umbilicata
2025-01-17 22:38:50 INFO::Fitting model to feature number 211, Klebsiella_variicola
2025-01-17 22:38:50 INFO::Counting total values for each feature
2025-01-17 22:38:50 INFO::Writing residuals to file G:/deeplearning/CRC/benchmarker/code/Meta_iTL/Result/feature//TL/Meta_iTL/FR-CRC_AT-CRC_ITA-CRC_JPN-CRC_US-CRC-2_CHN_WF-CRC_CHN_SH-CRC-3_US-CRC-3_CHN_SH-CRC-2/S0.6/US-CRC-2_MaAslin/residuals.rds
2025-01-17 22:38:50 INFO::Writing fitted values to file G:/deeplearning/CRC/benchmarker/code/Meta_iTL/Result/feature//TL/Meta_iTL/FR-CRC_AT-CRC_ITA-CRC_JPN-CRC_US-CRC-2_CHN_WF-CRC_CHN_SH-CRC-3_US-CRC-3_CHN_SH-CRC-2/S0.6/US-CRC-2_MaAslin/fitted.rds
2025-01-17 22:38:50 INFO::Writing all results to file (ordered by increasing q-values): G:/deeplearning/CRC/benchmarker/code/Meta_iTL/Result/feature//TL/Meta_iTL/FR-CRC_AT-CRC_ITA-CRC_JPN-CRC_US-CRC-2_CHN_WF-CRC_CHN_SH-CRC-3_US-CRC-3_CHN_SH-CRC-2/S0.6/US-CRC-2_MaAslin/all_results.tsv
2025-01-17 22:38:51 INFO::Writing the significant results (those which are less than or equal to the threshold of 0.250000 ) to file (ordered by increasing q-values): G:/deeplearning/CRC/benchmarker/code/Meta_iTL/Result/feature//TL/Meta_iTL/FR-CRC_AT-CRC_ITA-CRC_JPN-CRC_US-CRC-2_CHN_WF-CRC_CHN_SH-CRC-3_US-CRC-3_CHN_SH-CRC-2/S0.6/US-CRC-2_MaAslin/significant_results.tsv
2025-01-17 22:38:51 INFO::Writing heatmap of significant results to file: G:/deeplearning/CRC/benchmarker/code/Meta_iTL/Result/feature//TL/Meta_iTL/FR-CRC_AT-CRC_ITA-CRC_JPN-CRC_US-CRC-2_CHN_WF-CRC_CHN_SH-CRC-3_US-CRC-3_CHN_SH-CRC-2/S0.6/US-CRC-2_MaAslin/heatmap.pdf
2025-01-17 22:38:51 INFO::Writing association plots (one for each significant association) to output folder: G:/deeplearning/CRC/benchmarker/code/Meta_iTL/Result/feature//TL/Meta_iTL/FR-CRC_AT-CRC_ITA-CRC_JPN-CRC_US-CRC-2_CHN_WF-CRC_CHN_SH-CRC-3_US-CRC-3_CHN_SH-CRC-2/S0.6/US-CRC-2_MaAslin
2025-01-17 22:38:51 INFO::Plotting associations from most to least significant, grouped by metadata
2025-01-17 22:38:51 INFO::Plotting data for metadata number 1, Group
2025-01-17 22:38:51 INFO::Creating boxplot for categorical data, Group vs Blautia_massiliensis
