2025-01-17 22:49:58 INFO::Writing function arguments to log file
2025-01-17 22:49:58 DEBUG::Function arguments
2025-01-17 22:49:58 DEBUG::Output folder: G:/deeplearning/CRC/benchmarker/code/Meta_iTL/Result/feature//TL/Meta_iTL/FR-CRC_AT-CRC_ITA-CRC_JPN-CRC_US-CRC-2_US-CRC-3_CHN_SH-CRC-2_CHN_SH-CRC-3_CHN_WF-CRC/S0.4/AT-CRC_MaAslin
2025-01-17 22:49:58 DEBUG::Min Abundance: 0.000000
2025-01-17 22:49:58 DEBUG::Min Prevalence: 0.000000
2025-01-17 22:49:58 DEBUG::Normalization: NONE
2025-01-17 22:49:58 DEBUG::Transform: LOG
2025-01-17 22:49:58 DEBUG::Analysis method: LM
2025-01-17 22:49:58 DEBUG::Max significance: 0.250000
2025-01-17 22:49:58 DEBUG::Random effects:
2025-01-17 22:49:58 DEBUG::Fixed effects: Group
2025-01-17 22:49:58 DEBUG::Correction method: BH
2025-01-17 22:49:58 DEBUG::Standardize: TRUE
2025-01-17 22:49:58 DEBUG::Cores: 1
2025-01-17 22:49:58 INFO::Verifying options selected are valid
2025-01-17 22:49:58 INFO::Determining format of input files
2025-01-17 22:49:58 INFO::Input format is data samples as rows and metadata samples as rows
2025-01-17 22:49:58 DEBUG::A total of 8 samples were found in both the data and metadata
2025-01-17 22:49:58 DEBUG::Reordering data/metadata to use same sample ordering
2025-01-17 22:49:58 INFO::Formula for fixed effects: expr ~  Group
2025-01-17 22:49:58 INFO::Filter data based on min abundance and min prevalence
2025-01-17 22:49:58 INFO::Total samples in data: 8
2025-01-17 22:49:58 INFO::Min samples required with min abundance for a feature not to be filtered: 0.000000
2025-01-17 22:49:58 INFO::Total filtered features: 30
2025-01-17 22:49:58 INFO::Filtered feature names from abundance and prevalence filtering:
2025-01-17 22:49:58 INFO::Total filtered features with variance filtering: 0
2025-01-17 22:49:58 INFO::Filtered feature names from variance filtering:
2025-01-17 22:49:58 INFO::Running selected normalization method: NONE
2025-01-17 22:49:58 INFO::Applying z-score to standardize continuous metadata
2025-01-17 22:49:58 INFO::Running selected transform method: LOG
2025-01-17 22:49:58 INFO::Running selected analysis method: LM
2025-01-17 22:49:58 INFO::Fitting model to feature number 1, Ruminococcus_bromii
2025-01-17 22:49:58 INFO::Fitting model to feature number 2, Coprococcus_eutactus
2025-01-17 22:49:58 INFO::Fitting model to feature number 3, Dialister_invisus
2025-01-17 22:49:58 INFO::Fitting model to feature number 4, Eubacterium_rectale
2025-01-17 22:49:58 INFO::Fitting model to feature number 5, Phocaeicola_vulgatus
2025-01-17 22:49:58 INFO::Fitting model to feature number 6, Bacteroides_uniformis
2025-01-17 22:49:58 INFO::Fitting model to feature number 7, GGB3619_SGB4894
2025-01-17 22:49:58 INFO::Fitting model to feature number 8, Bacteroides_cellulosilyticus
2025-01-17 22:49:58 INFO::Fitting model to feature number 9, Phocaeicola_massiliensis
2025-01-17 22:49:58 INFO::Fitting model to feature number 10, GGB4684_SGB6478
2025-01-17 22:49:58 INFO::Fitting model to feature number 11, Clostridium_sp_1001270H_150608_G6
2025-01-17 22:49:58 INFO::Fitting model to feature number 12, Akkermansia_muciniphila
2025-01-17 22:49:58 INFO::Fitting model to feature number 13, GGB3277_SGB4327
2025-01-17 22:49:58 INFO::Fitting model to feature number 14, Alistipes_putredinis
2025-01-17 22:49:58 INFO::Fitting model to feature number 15, Enterocloster_SGB14313
2025-01-17 22:49:58 INFO::Fitting model to feature number 16, GGB9758_SGB15368
2025-01-17 22:49:58 INFO::Fitting model to feature number 17, Roseburia_inulinivorans
2025-01-17 22:49:58 INFO::Fitting model to feature number 18, Ruminococcus_lactaris
2025-01-17 22:49:58 INFO::Fitting model to feature number 19, Bacteroides_xylanisolvens
2025-01-17 22:49:58 INFO::Fitting model to feature number 20, Clostridium_sp_AM49_4BH
2025-01-17 22:49:58 INFO::Fitting model to feature number 21, Lachnospira_sp_NSJ_43
2025-01-17 22:49:58 INFO::Fitting model to feature number 22, GGB3256_SGB4303
2025-01-17 22:49:58 INFO::Fitting model to feature number 23, Paraprevotella_clara
2025-01-17 22:49:58 INFO::Fitting model to feature number 24, Eubacterium_SGB6276
2025-01-17 22:49:58 INFO::Fitting model to feature number 25, Clostridium_SGB4648
2025-01-17 22:49:58 INFO::Fitting model to feature number 26, Eubacterium_ventriosum
2025-01-17 22:49:58 INFO::Fitting model to feature number 27, GGB9345_SGB14311
2025-01-17 22:49:58 INFO::Fitting model to feature number 28, Odoribacter_splanchnicus
2025-01-17 22:49:58 INFO::Fitting model to feature number 29, Dorea_longicatena
2025-01-17 22:49:58 INFO::Fitting model to feature number 30, Parabacteroides_distasonis
2025-01-17 22:49:58 INFO::Fitting model to feature number 31, Faecalibacterium_prausnitzii
2025-01-17 22:49:58 INFO::Fitting model to feature number 32, Roseburia_faecis
2025-01-17 22:49:58 INFO::Fitting model to feature number 33, Coprococcus_comes
2025-01-17 22:49:58 INFO::Fitting model to feature number 34, Bacteroides_faecis
2025-01-17 22:49:58 INFO::Fitting model to feature number 35, Barnesiella_intestinihominis
2025-01-17 22:49:58 INFO::Fitting model to feature number 36, GGB3746_SGB5089
2025-01-17 22:49:58 INFO::Fitting model to feature number 37, Intestinibacter_bartlettii
2025-01-17 22:49:58 INFO::Fitting model to feature number 38, Firmicutes_bacterium_AF16_15
2025-01-17 22:49:58 INFO::Fitting model to feature number 39, Bacteroides_caccae
2025-01-17 22:49:58 INFO::Fitting model to feature number 40, Ruminococcus_torques
2025-01-17 22:49:58 INFO::Fitting model to feature number 41, GGB9342_SGB14306
2025-01-17 22:49:58 INFO::Fitting model to feature number 42, Clostridium_sp_AF12_28
2025-01-17 22:49:58 INFO::Fitting model to feature number 43, Bacteroides_finegoldii
2025-01-17 22:49:58 INFO::Fitting model to feature number 44, GGB9359_SGB14334
2025-01-17 22:49:58 INFO::Fitting model to feature number 45, Dorea_formicigenerans
2025-01-17 22:49:59 INFO::Fitting model to feature number 46, Clostridium_sp_1001270J_160509_D11
2025-01-17 22:49:59 INFO::Fitting model to feature number 47, GGB9636_SGB15107
2025-01-17 22:49:59 INFO::Fitting model to feature number 48, Phocaeicola_dorei
2025-01-17 22:49:59 INFO::Fitting model to feature number 49, Ruminococcus_bicirculans
2025-01-17 22:49:59 INFO::Fitting model to feature number 50, Bacteroides_ovatus
2025-01-17 22:49:59 INFO::Fitting model to feature number 51, Lachnospiraceae_bacterium
2025-01-17 22:49:59 INFO::Fitting model to feature number 52, Faecalibacillus_intestinalis
2025-01-17 22:49:59 INFO::Fitting model to feature number 53, GGB3612_SGB4882
2025-01-17 22:49:59 INFO::Fitting model to feature number 54, Blautia_wexlerae
2025-01-17 22:49:59 INFO::Fitting model to feature number 55, Eubacterium_siraeum
2025-01-17 22:49:59 INFO::Fitting model to feature number 56, Eubacteriaceae_bacterium
2025-01-17 22:49:59 INFO::Fitting model to feature number 57, GGB3653_SGB4964
2025-01-17 22:49:59 INFO::Fitting model to feature number 58, GGB3614_SGB4886
2025-01-17 22:49:59 INFO::Fitting model to feature number 59, Staphylococcus_SGB6340
2025-01-17 22:49:59 INFO::Fitting model to feature number 60, Parabacteroides_merdae
2025-01-17 22:49:59 INFO::Fitting model to feature number 61, Phascolarctobacterium_faecium
2025-01-17 22:49:59 INFO::Fitting model to feature number 62, Clostridiaceae_bacterium
2025-01-17 22:49:59 INFO::Fitting model to feature number 63, Faecalicatena_fissicatena
2025-01-17 22:49:59 INFO::Fitting model to feature number 64, GGB51269_SGB5062
2025-01-17 22:49:59 INFO::Fitting model to feature number 65, Blautia_sp_Marseille_P3087
2025-01-17 22:49:59 INFO::Fitting model to feature number 66, Butyricimonas_virosa
2025-01-17 22:49:59 INFO::Fitting model to feature number 67, Escherichia_coli
2025-01-17 22:49:59 INFO::Fitting model to feature number 68, Streptococcus_thermophilus
2025-01-17 22:49:59 INFO::Fitting model to feature number 69, Bacteroides_stercoris
2025-01-17 22:49:59 INFO::Fitting model to feature number 70, GGB9747_SGB15356
2025-01-17 22:49:59 INFO::Fitting model to feature number 71, Clostridiales_bacterium_KLE1615
2025-01-17 22:49:59 INFO::Fitting model to feature number 72, Blautia_faecis
2025-01-17 22:49:59 INFO::Fitting model to feature number 73, GGB9512_SGB14909
2025-01-17 22:49:59 INFO::Fitting model to feature number 74, Candidatus_Cibionibacter_quicibialis
2025-01-17 22:49:59 INFO::Fitting model to feature number 75, Blautia_obeum
2025-01-17 22:49:59 INFO::Fitting model to feature number 76, GGB9635_SGB15106
2025-01-17 22:49:59 INFO::Fitting model to feature number 77, Coprobacter_secundus
2025-01-17 22:49:59 INFO::Fitting model to feature number 78, Anaerostipes_hadrus
2025-01-17 22:49:59 INFO::Fitting model to feature number 79, Lachnospiraceae_bacterium_AM48_27BH
2025-01-17 22:49:59 INFO::Fitting model to feature number 80, Blautia_sp_MSK_20_85
2025-01-17 22:49:59 INFO::Fitting model to feature number 81, Bacteroides_salyersiae
2025-01-17 22:49:59 INFO::Fitting model to feature number 82, Fusicatenibacter_saccharivorans
2025-01-17 22:49:59 INFO::Fitting model to feature number 83, Anaerobutyricum_hallii
2025-01-17 22:49:59 INFO::Fitting model to feature number 84, Clostridium_fessum
2025-01-17 22:49:59 INFO::Fitting model to feature number 85, Lachnospira_eligens
2025-01-17 22:49:59 INFO::Fitting model to feature number 86, Clostridium_sp_AF34_10BH
2025-01-17 22:49:59 INFO::Fitting model to feature number 87, Eubacterium_sp_AF16_48
2025-01-17 22:49:59 INFO::Fitting model to feature number 88, Lachnospiraceae_bacterium_BX3
2025-01-17 22:49:59 INFO::Fitting model to feature number 89, Streptococcus_salivarius
2025-01-17 22:49:59 INFO::Fitting model to feature number 90, Clostridiaceae_unclassified_SGB4771
2025-01-17 22:49:59 INFO::Fitting model to feature number 91, Haemophilus_parainfluenzae
2025-01-17 22:49:59 INFO::Fitting model to feature number 92, Bacteroides_clarus
2025-01-17 22:49:59 INFO::Fitting model to feature number 93, Roseburia_hominis
2025-01-17 22:49:59 INFO::Fitting model to feature number 94, Blautia_SGB4815
2025-01-17 22:49:59 INFO::Fitting model to feature number 95, Parasutterella_excrementihominis
2025-01-17 22:49:59 INFO::Fitting model to feature number 96, GGB9712_SGB15244
2025-01-17 22:49:59 INFO::Fitting model to feature number 97, Clostridium_sp_AF20_17LB
2025-01-17 22:50:00 INFO::Fitting model to feature number 98, Clostridium_sp_AM22_11AC
2025-01-17 22:50:00 INFO::Fitting model to feature number 99, Clostridiaceae_bacterium_AF18_31LB
2025-01-17 22:50:00 INFO::Fitting model to feature number 100, Clostridiaceae_bacterium_Marseille_Q4149
2025-01-17 22:50:00 INFO::Fitting model to feature number 101, Collinsella_SGB14861
2025-01-17 22:50:00 INFO::Fitting model to feature number 102, Lacrimispora_celerecrescens
2025-01-17 22:50:00 INFO::Fitting model to feature number 103, Roseburia_sp_AM16_25
2025-01-17 22:50:00 INFO::Fitting model to feature number 104, Clostridium_sp_AF36_4
2025-01-17 22:50:00 INFO::Fitting model to feature number 105, Oscillospiraceae_bacterium_Marseille_Q3528
2025-01-17 22:50:00 INFO::Fitting model to feature number 106, Dysosmobacter_sp_BX15
2025-01-17 22:50:00 INFO::Fitting model to feature number 107, Coprobacter_fastidiosus
2025-01-17 22:50:00 INFO::Fitting model to feature number 108, Coprococcus_catus
2025-01-17 22:50:00 INFO::Fitting model to feature number 109, Butyricicoccus_sp_AM29_23AC
2025-01-17 22:50:00 INFO::Fitting model to feature number 110, Dorea_sp_AF24_7LB
2025-01-17 22:50:00 INFO::Fitting model to feature number 111, GGB2982_SGB3964
2025-01-17 22:50:00 INFO::Fitting model to feature number 112, Coprococcus_SGB4669
2025-01-17 22:50:00 INFO::Fitting model to feature number 113, Faecalibacterium_SGB15346
2025-01-17 22:50:00 INFO::Fitting model to feature number 114, Catenibacterium_SGB4425
2025-01-17 22:50:00 INFO::Fitting model to feature number 115, Clostridium_sp_AF34_13
2025-01-17 22:50:00 INFO::Fitting model to feature number 116, Eubacterium_ramulus
2025-01-17 22:50:00 INFO::Fitting model to feature number 117, Clostridium_saudiense
2025-01-17 22:50:00 INFO::Fitting model to feature number 118, Alistipes_shahii
2025-01-17 22:50:00 INFO::Fitting model to feature number 119, GGB80011_SGB15267
2025-01-17 22:50:00 INFO::Fitting model to feature number 120, GGB9767_SGB15385
2025-01-17 22:50:00 INFO::Fitting model to feature number 121, GGB2653_SGB3574
2025-01-17 22:50:00 INFO::Fitting model to feature number 122, Clostridium_sp_AM33_3
2025-01-17 22:50:00 INFO::Fitting model to feature number 123, Blautia_massiliensis
2025-01-17 22:50:00 INFO::Fitting model to feature number 124, GGB9708_SGB15233
2025-01-17 22:50:00 INFO::Fitting model to feature number 125, GGB14025_SGB14906
2025-01-17 22:50:00 INFO::Fitting model to feature number 126, Lacrimispora_amygdalina
2025-01-17 22:50:00 INFO::Fitting model to feature number 127, Blautia_glucerasea
2025-01-17 22:50:00 INFO::Fitting model to feature number 128, Bifidobacterium_catenulatum
2025-01-17 22:50:00 INFO::Fitting model to feature number 129, Agathobaculum_butyriciproducens
2025-01-17 22:50:00 INFO::Fitting model to feature number 130, Alistipes_onderdonkii
2025-01-17 22:50:00 INFO::Fitting model to feature number 131, GGB80140_SGB15224
2025-01-17 22:50:00 INFO::Fitting model to feature number 132, Clostridiaceae_bacterium_Marseille_Q4143
2025-01-17 22:50:00 INFO::Fitting model to feature number 133, Parasutterella_SGB9260
2025-01-17 22:50:00 INFO::Fitting model to feature number 134, GGB33469_SGB15236
2025-01-17 22:50:00 INFO::Fitting model to feature number 135, Turicibacter_bilis
2025-01-17 22:50:00 INFO::Fitting model to feature number 136, GGB79734_SGB15291
2025-01-17 22:50:00 INFO::Fitting model to feature number 137, Hydrogenoanaerobacterium_saccharovorans
2025-01-17 22:50:00 INFO::Fitting model to feature number 138, Desulfovibrio_piger
2025-01-17 22:50:00 INFO::Fitting model to feature number 139, Blautia_luti
2025-01-17 22:50:00 INFO::Fitting model to feature number 140, Oscillibacter_sp_ER4
2025-01-17 22:50:00 INFO::Fitting model to feature number 141, Clostridiaceae_bacterium_Marseille_Q4145
2025-01-17 22:50:00 INFO::Fitting model to feature number 142, Clostridiales_Family_XIII_bacterium_BX16
2025-01-17 22:50:00 INFO::Fitting model to feature number 143, GGB9713_SGB15249
2025-01-17 22:50:00 INFO::Fitting model to feature number 144, Klebsiella_pneumoniae
2025-01-17 22:50:00 INFO::Fitting model to feature number 145, GGB9602_SGB15028
2025-01-17 22:50:00 INFO::Fitting model to feature number 146, Oscillospiraceae_unclassified_SGB15256
2025-01-17 22:50:00 INFO::Fitting model to feature number 147, Roseburia_sp_AF02_12
2025-01-17 22:50:00 INFO::Fitting model to feature number 148, GGB9602_SGB15031
2025-01-17 22:50:00 INFO::Fitting model to feature number 149, Waltera_intestinalis
2025-01-17 22:50:00 INFO::Fitting model to feature number 150, Dorea_sp_AF36_15AT
2025-01-17 22:50:00 INFO::Fitting model to feature number 151, Bilophila_wadsworthia
2025-01-17 22:50:00 INFO::Fitting model to feature number 152, GGB9677_SGB15180
2025-01-17 22:50:00 INFO::Fitting model to feature number 153, Romboutsia_timonensis
2025-01-17 22:50:00 INFO::Fitting model to feature number 154, GGB9559_SGB14969
2025-01-17 22:50:00 INFO::Fitting model to feature number 155, Lachnospiraceae_bacterium_Marseille_Q4251
2025-01-17 22:50:00 INFO::Fitting model to feature number 156, Bifidobacterium_longum
2025-01-17 22:50:00 INFO::Fitting model to feature number 157, Negativibacillus_massiliensis
2025-01-17 22:50:00 INFO::Fitting model to feature number 158, GGB9699_SGB15216
2025-01-17 22:50:00 INFO::Fitting model to feature number 159, Sutterella_wadsworthensis
2025-01-17 22:50:00 INFO::Fitting model to feature number 160, Clostridium_sp_AF27_2AA
2025-01-17 22:50:00 INFO::Fitting model to feature number 161, Lachnospiraceae_bacterium_OM04_12BH
2025-01-17 22:50:00 INFO::Fitting model to feature number 162, GGB9634_SGB15093
2025-01-17 22:50:00 INFO::Fitting model to feature number 163, GGB9293_SGB14250
2025-01-17 22:50:00 INFO::Fitting model to feature number 164, Clostridium_SGB4750
2025-01-17 22:50:00 INFO::Fitting model to feature number 165, GGB9707_SGB15229
2025-01-17 22:50:00 INFO::Fitting model to feature number 166, Roseburia_intestinalis
2025-01-17 22:50:00 INFO::Fitting model to feature number 167, GGB9608_SGB15041
2025-01-17 22:50:00 INFO::Fitting model to feature number 168, Oscillospiraceae_bacterium
2025-01-17 22:50:00 INFO::Fitting model to feature number 169, GGB9760_SGB15374
2025-01-17 22:50:00 INFO::Fitting model to feature number 170, Butyricimonas_paravirosa
2025-01-17 22:50:00 INFO::Fitting model to feature number 171, Alistipes_communis
2025-01-17 22:50:00 INFO::Fitting model to feature number 172, Bifidobacterium_adolescentis
2025-01-17 22:50:00 INFO::Fitting model to feature number 173, Bifidobacterium_bifidum
2025-01-17 22:50:00 INFO::Fitting model to feature number 174, Ruminococcus_callidus
2025-01-17 22:50:00 INFO::Fitting model to feature number 175, Collinsella_aerofaciens
2025-01-17 22:50:00 INFO::Fitting model to feature number 176, Gemmiger_formicilis
2025-01-17 22:50:00 INFO::Fitting model to feature number 177, Bacteroides_thetaiotaomicron
2025-01-17 22:50:00 INFO::Fitting model to feature number 178, Bacteroides_fragilis
2025-01-17 22:50:00 INFO::Fitting model to feature number 179, Holdemanella_porci
2025-01-17 22:50:00 INFO::Fitting model to feature number 180, GGB9760_SGB15373
2025-01-17 22:50:00 INFO::Fitting model to feature number 181, Anaerotignum_faecicola
2025-01-17 22:50:00 INFO::Fitting model to feature number 182, GGB13493_SGB15238
2025-01-17 22:50:00 INFO::Fitting model to feature number 183, GGB9642_SGB15119
2025-01-17 22:50:00 INFO::Fitting model to feature number 184, Senegalimassilia_anaerobia
2025-01-17 22:50:00 INFO::Fitting model to feature number 185, GGB34797_SGB14322
2025-01-17 22:50:00 INFO::Fitting model to feature number 186, Holdemanella_biformis
2025-01-17 22:50:00 INFO::Fitting model to feature number 187, GGB9759_SGB15370
2025-01-17 22:50:00 INFO::Fitting model to feature number 188, Alistipes_senegalensis
2025-01-17 22:50:00 INFO::Fitting model to feature number 189, Ellagibacter_isourolithinifaciens
2025-01-17 22:50:00 INFO::Fitting model to feature number 190, Desulfovibrio_SGB5076
2025-01-17 22:50:00 INFO::Fitting model to feature number 191, GGB33928_SGB15225
2025-01-17 22:50:00 INFO::Fitting model to feature number 192, Alistipes_indistinctus
2025-01-17 22:50:00 INFO::Fitting model to feature number 193, Slackia_isoflavoniconvertens
2025-01-17 22:50:00 INFO::Fitting model to feature number 194, Ruminococcus_sp_AF41_9
2025-01-17 22:50:00 INFO::Fitting model to feature number 195, Streptococcus_parasanguinis
2025-01-17 22:50:00 INFO::Fitting model to feature number 196, GGB9627_SGB15081
2025-01-17 22:50:00 INFO::Fitting model to feature number 197, Clostridiales_bacterium
2025-01-17 22:50:00 INFO::Fitting model to feature number 198, Eubacteriales_unclassified_SGB15145
2025-01-17 22:50:00 INFO::Fitting model to feature number 199, GGB80011_SGB15265
2025-01-17 22:50:00 INFO::Fitting model to feature number 200, Gemmiger_SGB15299
2025-01-17 22:50:00 INFO::Fitting model to feature number 201, GGB2998_SGB3988
2025-01-17 22:50:00 INFO::Fitting model to feature number 202, GGB9614_SGB15049
2025-01-17 22:50:00 INFO::Fitting model to feature number 203, Rheinheimera_SGB14999
2025-01-17 22:50:00 INFO::Fitting model to feature number 204, Vescimonas_coprocola
2025-01-17 22:50:00 INFO::Fitting model to feature number 205, Flavonifractor_plautii
2025-01-17 22:50:00 INFO::Fitting model to feature number 206, Collinsella_SGB4121
2025-01-17 22:50:00 INFO::Fitting model to feature number 207, Veillonella_dispar
2025-01-17 22:50:00 INFO::Fitting model to feature number 208, GGB9616_SGB15051
2025-01-17 22:50:01 INFO::Fitting model to feature number 209, Anaerotruncus_colihominis
2025-01-17 22:50:01 INFO::Fitting model to feature number 210, Rothia_mucilaginosa
2025-01-17 22:50:01 INFO::Fitting model to feature number 211, Veillonella_parvula
2025-01-17 22:50:01 INFO::Fitting model to feature number 212, Faecalibacterium_SGB15315
2025-01-17 22:50:01 INFO::Fitting model to feature number 213, Gemmiger_SGB15295
2025-01-17 22:50:01 INFO::Fitting model to feature number 214, Phocaeicola_SGB6473
2025-01-17 22:50:01 INFO::Fitting model to feature number 215, Dysosmobacter_welbionis
2025-01-17 22:50:01 INFO::Fitting model to feature number 216, Clostridium_leptum
2025-01-17 22:50:01 INFO::Fitting model to feature number 217, Streptococcus_infantis
2025-01-17 22:50:01 INFO::Fitting model to feature number 218, Veillonella_atypica
2025-01-17 22:50:01 INFO::Fitting model to feature number 219, Eggerthella_lenta
2025-01-17 22:50:01 INFO::Fitting model to feature number 220, Bifidobacterium_pseudocatenulatum
2025-01-17 22:50:01 INFO::Fitting model to feature number 221, GGB3278_SGB4328
2025-01-17 22:50:01 INFO::Fitting model to feature number 222, GGB3304_SGB4367
2025-01-17 22:50:01 INFO::Fitting model to feature number 223, Phascolarctobacterium_succinatutens
2025-01-17 22:50:01 INFO::Fitting model to feature number 224, Lachnospira_pectinoschiza
2025-01-17 22:50:01 INFO::Fitting model to feature number 225, Anaerobutyricum_soehngenii
2025-01-17 22:50:01 INFO::Fitting model to feature number 226, GGB51647_SGB4348
2025-01-17 22:50:01 INFO::Fitting model to feature number 227, Butyricimonas_faecihominis
2025-01-17 22:50:01 INFO::Fitting model to feature number 228, Lawsonibacter_asaccharolyticus
2025-01-17 22:50:01 INFO::Fitting model to feature number 229, GGB9621_SGB15073
2025-01-17 22:50:01 INFO::Fitting model to feature number 230, GGB6569_SGB9281
2025-01-17 22:50:01 INFO::Fitting model to feature number 231, Dysosmobacter_sp_NSJ_60
2025-01-17 22:50:01 INFO::Fitting model to feature number 232, Intestinimonas_butyriciproducens
2025-01-17 22:50:01 INFO::Fitting model to feature number 233, Enterocloster_citroniae
2025-01-17 22:50:01 INFO::Fitting model to feature number 234, Hungatella_hathewayi
2025-01-17 22:50:01 INFO::Fitting model to feature number 235, GGB9708_SGB15234
2025-01-17 22:50:01 INFO::Fitting model to feature number 236, Enterococcus_faecium
2025-01-17 22:50:01 INFO::Fitting model to feature number 237, Faecalibacillus_faecis
2025-01-17 22:50:01 INFO::Fitting model to feature number 238, Clostridium_sp_NSJ_42
2025-01-17 22:50:01 INFO::Fitting model to feature number 239, Streptococcus_gordonii
2025-01-17 22:50:01 INFO::Fitting model to feature number 240, GGB9524_SGB14924
2025-01-17 22:50:01 INFO::Fitting model to feature number 241, GGB3321_SGB4394
2025-01-17 22:50:01 INFO::Fitting model to feature number 242, Streptococcus_mitis
2025-01-17 22:50:01 INFO::Fitting model to feature number 243, Enterocloster_aldenensis
2025-01-17 22:50:01 INFO::Fitting model to feature number 244, GGB9534_SGB14937
2025-01-17 22:50:01 INFO::Fitting model to feature number 245, Ruthenibacterium_lactatiformans
2025-01-17 22:50:01 INFO::Fitting model to feature number 246, Gemella_sanguinis
2025-01-17 22:50:01 INFO::Fitting model to feature number 247, Enterocloster_bolteae
2025-01-17 22:50:01 INFO::Fitting model to feature number 248, Clostridium_butyricum
2025-01-17 22:50:01 INFO::Fitting model to feature number 249, Lacrimispora_saccharolytica
2025-01-17 22:50:01 INFO::Fitting model to feature number 250, Streptococcus_vestibularis
2025-01-17 22:50:01 INFO::Fitting model to feature number 251, Allisonella_histaminiformans
2025-01-17 22:50:01 INFO::Fitting model to feature number 252, GGB9770_SGB15390
2025-01-17 22:50:01 INFO::Fitting model to feature number 253, GGB47687_SGB2286
2025-01-17 22:50:01 INFO::Fitting model to feature number 254, GGB9619_SGB15067
2025-01-17 22:50:01 INFO::Fitting model to feature number 255, Streptococcus_anginosus
2025-01-17 22:50:01 INFO::Fitting model to feature number 256, Clostridium_symbiosum
2025-01-17 22:50:01 INFO::Fitting model to feature number 257, Eisenbergiella_tayi
2025-01-17 22:50:01 INFO::Fitting model to feature number 258, Granulicatella_SGB8255
2025-01-17 22:50:01 INFO::Fitting model to feature number 259, GGB9719_SGB15272
2025-01-17 22:50:01 INFO::Fitting model to feature number 260, Clostridium_SGB6179
2025-01-17 22:50:01 INFO::Fitting model to feature number 261, Bacteroides_nordii
2025-01-17 22:50:01 INFO::Fitting model to feature number 262, Erysipelatoclostridium_ramosum
2025-01-17 22:50:01 INFO::Fitting model to feature number 263, GGB9453_SGB14845
2025-01-17 22:50:01 INFO::Fitting model to feature number 264, Anaeromassilibacillus_sp_An250
2025-01-17 22:50:01 INFO::Fitting model to feature number 265, Bifidobacterium_dentium
2025-01-17 22:50:01 INFO::Fitting model to feature number 266, Ruminococcus_sp_AF46_10NS
2025-01-17 22:50:01 INFO::Fitting model to feature number 267, Ruminococcus_sp_BSD2780120874_150323_B10
2025-01-17 22:50:01 INFO::Fitting model to feature number 268, GGB3175_SGB4191
2025-01-17 22:50:01 INFO::Fitting model to feature number 269, GGB4566_SGB6305
2025-01-17 22:50:01 INFO::Fitting model to feature number 270, Eubacterium_sp_AF34_35BH
2025-01-17 22:50:02 INFO::Fitting model to feature number 271, Blautia_faecicola
2025-01-17 22:50:02 INFO::Fitting model to feature number 272, Adlercreutzia_equolifaciens
2025-01-17 22:50:02 INFO::Fitting model to feature number 273, Alistipes_sp_AF17_16
2025-01-17 22:50:02 INFO::Fitting model to feature number 274, Alistipes_finegoldii
2025-01-17 22:50:02 INFO::Fitting model to feature number 275, Alistipes_ihumii
2025-01-17 22:50:02 INFO::Fitting model to feature number 276, Evtepia_gabavorous
2025-01-17 22:50:02 INFO::Fitting model to feature number 277, Ruminococcus_gnavus
2025-01-17 22:50:02 INFO::Fitting model to feature number 278, Holdemania_filiformis
2025-01-17 22:50:02 INFO::Fitting model to feature number 279, GGB3005_SGB3996
2025-01-17 22:50:02 INFO::Fitting model to feature number 280, Mediterraneibacter_glycyrrhizinilyticus
2025-01-17 22:50:02 INFO::Fitting model to feature number 281, Methylobacterium_SGB15164
2025-01-17 22:50:02 INFO::Fitting model to feature number 282, Clostridiaceae_bacterium_Marseille_Q3526
2025-01-17 22:50:02 INFO::Fitting model to feature number 283, Clostridium_sp_AT4
2025-01-17 22:50:02 INFO::Fitting model to feature number 284, Eisenbergiella_massiliensis
2025-01-17 22:50:02 INFO::Fitting model to feature number 285, Blautia_caecimuris
2025-01-17 22:50:02 INFO::Fitting model to feature number 286, Clostridia_bacterium
2025-01-17 22:50:02 INFO::Fitting model to feature number 287, Clostridia_bacterium_UC5_1_1D1
2025-01-17 22:50:02 INFO::Fitting model to feature number 288, GGB1495_SGB2071
2025-01-17 22:50:02 INFO::Fitting model to feature number 289, GGB3819_SGB5184
2025-01-17 22:50:02 INFO::Fitting model to feature number 290, GGB3730_SGB5060
2025-01-17 22:50:02 INFO::Fitting model to feature number 291, Butyricimonas_SGB15260
2025-01-17 22:50:02 INFO::Fitting model to feature number 292, Phocaeicola_coprocola
2025-01-17 22:50:02 INFO::Fitting model to feature number 293, Tyzzerella_nexilis
2025-01-17 22:50:02 INFO::Fitting model to feature number 294, Bacteroides_eggerthii
2025-01-17 22:50:02 INFO::Fitting model to feature number 295, GGB3363_SGB4448
2025-01-17 22:50:02 INFO::Fitting model to feature number 296, Blautia_stercoris
2025-01-17 22:50:02 INFO::Fitting model to feature number 297, GGB3490_SGB4664
2025-01-17 22:50:02 INFO::Fitting model to feature number 298, Bacteroides_intestinalis
2025-01-17 22:50:02 INFO::Fitting model to feature number 299, GGB79973_SGB14341
2025-01-17 22:50:02 INFO::Fitting model to feature number 300, Clostridiaceae_unclassified_SGB15090
2025-01-17 22:50:02 INFO::Fitting model to feature number 301, Butyricicoccus_SGB14990
2025-01-17 22:50:02 INFO::Fitting model to feature number 302, Enterobacter_hormaechei
2025-01-17 22:50:02 INFO::Fitting model to feature number 303, GGB42994_SGB4746
2025-01-17 22:50:02 INFO::Fitting model to feature number 304, Sanguibacter_SGB15121
2025-01-17 22:50:02 INFO::Fitting model to feature number 305, Vescimonas_SGB15087
2025-01-17 22:50:02 INFO::Fitting model to feature number 306, Turicibacter_sanguinis
2025-01-17 22:50:02 INFO::Fitting model to feature number 307, Clostridiales_bacterium_Choco116
2025-01-17 22:50:02 INFO::Fitting model to feature number 308, Sellimonas_intestinalis
2025-01-17 22:50:02 INFO::Fitting model to feature number 309, GGB9453_SGB14844
2025-01-17 22:50:02 INFO::Fitting model to feature number 310, Alistipes_dispar
2025-01-17 22:50:02 INFO::Fitting model to feature number 311, Merdimonas_faecis
2025-01-17 22:50:02 INFO::Fitting model to feature number 312, GGB3363_SGB4447
2025-01-17 22:50:02 INFO::Fitting model to feature number 313, Longicatena_caecimuris
2025-01-17 22:50:02 INFO::Fitting model to feature number 314, Blautia_hansenii
2025-01-17 22:50:02 INFO::Fitting model to feature number 315, Clostridia_bacterium_UC5_1_1E11
2025-01-17 22:50:02 INFO::Fitting model to feature number 316, Blautia_producta
2025-01-17 22:50:02 INFO::Fitting model to feature number 317, Monoglobus_pectinilyticus
2025-01-17 22:50:02 INFO::Fitting model to feature number 318, Anaerostipes_caccae
2025-01-17 22:50:02 INFO::Fitting model to feature number 319, Ruminococcus_SGB4421
2025-01-17 22:50:02 INFO::Fitting model to feature number 320, GGB33512_SGB15201
2025-01-17 22:50:02 INFO::Fitting model to feature number 321, GGB9697_SGB15213
2025-01-17 22:50:02 INFO::Fitting model to feature number 322, GGB1420_SGB1957
2025-01-17 22:50:02 INFO::Fitting model to feature number 323, Citrobacter_freundii
2025-01-17 22:50:02 INFO::Fitting model to feature number 324, Faecalimonas_umbilicata
2025-01-17 22:50:02 INFO::Counting total values for each feature
2025-01-17 22:50:02 INFO::Writing residuals to file G:/deeplearning/CRC/benchmarker/code/Meta_iTL/Result/feature//TL/Meta_iTL/FR-CRC_AT-CRC_ITA-CRC_JPN-CRC_US-CRC-2_US-CRC-3_CHN_SH-CRC-2_CHN_SH-CRC-3_CHN_WF-CRC/S0.4/AT-CRC_MaAslin/residuals.rds
2025-01-17 22:50:02 INFO::Writing fitted values to file G:/deeplearning/CRC/benchmarker/code/Meta_iTL/Result/feature//TL/Meta_iTL/FR-CRC_AT-CRC_ITA-CRC_JPN-CRC_US-CRC-2_US-CRC-3_CHN_SH-CRC-2_CHN_SH-CRC-3_CHN_WF-CRC/S0.4/AT-CRC_MaAslin/fitted.rds
2025-01-17 22:50:02 INFO::Writing all results to file (ordered by increasing q-values): G:/deeplearning/CRC/benchmarker/code/Meta_iTL/Result/feature//TL/Meta_iTL/FR-CRC_AT-CRC_ITA-CRC_JPN-CRC_US-CRC-2_US-CRC-3_CHN_SH-CRC-2_CHN_SH-CRC-3_CHN_WF-CRC/S0.4/AT-CRC_MaAslin/all_results.tsv
2025-01-17 22:50:02 INFO::Writing the significant results (those which are less than or equal to the threshold of 0.250000 ) to file (ordered by increasing q-values): G:/deeplearning/CRC/benchmarker/code/Meta_iTL/Result/feature//TL/Meta_iTL/FR-CRC_AT-CRC_ITA-CRC_JPN-CRC_US-CRC-2_US-CRC-3_CHN_SH-CRC-2_CHN_SH-CRC-3_CHN_WF-CRC/S0.4/AT-CRC_MaAslin/significant_results.tsv
2025-01-17 22:50:02 INFO::Writing heatmap of significant results to file: G:/deeplearning/CRC/benchmarker/code/Meta_iTL/Result/feature//TL/Meta_iTL/FR-CRC_AT-CRC_ITA-CRC_JPN-CRC_US-CRC-2_US-CRC-3_CHN_SH-CRC-2_CHN_SH-CRC-3_CHN_WF-CRC/S0.4/AT-CRC_MaAslin/heatmap.pdf
2025-01-17 22:50:02 INFO::Writing association plots (one for each significant association) to output folder: G:/deeplearning/CRC/benchmarker/code/Meta_iTL/Result/feature//TL/Meta_iTL/FR-CRC_AT-CRC_ITA-CRC_JPN-CRC_US-CRC-2_US-CRC-3_CHN_SH-CRC-2_CHN_SH-CRC-3_CHN_WF-CRC/S0.4/AT-CRC_MaAslin
2025-01-17 22:50:02 INFO::Plotting associations from most to least significant, grouped by metadata
2025-01-17 22:50:02 INFO::Plotting data for metadata number 1, Group
2025-01-17 22:50:02 INFO::Creating boxplot for categorical data, Group vs Clostridium_sp_AF20_17LB
2025-01-17 22:50:03 INFO::Creating boxplot for categorical data, Group vs GGB3746_SGB5089
