2025-01-17 22:48:49 INFO::Writing function arguments to log file
2025-01-17 22:48:49 DEBUG::Function arguments
2025-01-17 22:48:49 DEBUG::Output folder: G:/deeplearning/CRC/benchmarker/code/Meta_iTL/Result/feature//TL/Meta_iTL/FR-CRC_AT-CRC_ITA-CRC_JPN-CRC_US-CRC-2_US-CRC-3_CHN_SH-CRC-2_CHN_SH-CRC-3_CHN_WF-CRC/S0.3/CHN_SH-CRC-3_MaAslin
2025-01-17 22:48:49 DEBUG::Min Abundance: 0.000000
2025-01-17 22:48:49 DEBUG::Min Prevalence: 0.000000
2025-01-17 22:48:49 DEBUG::Normalization: NONE
2025-01-17 22:48:49 DEBUG::Transform: LOG
2025-01-17 22:48:49 DEBUG::Analysis method: LM
2025-01-17 22:48:49 DEBUG::Max significance: 0.250000
2025-01-17 22:48:49 DEBUG::Random effects:
2025-01-17 22:48:49 DEBUG::Fixed effects: Group
2025-01-17 22:48:49 DEBUG::Correction method: BH
2025-01-17 22:48:49 DEBUG::Standardize: TRUE
2025-01-17 22:48:49 DEBUG::Cores: 1
2025-01-17 22:48:49 INFO::Verifying options selected are valid
2025-01-17 22:48:49 INFO::Determining format of input files
2025-01-17 22:48:49 INFO::Input format is data samples as rows and metadata samples as rows
2025-01-17 22:48:49 DEBUG::A total of 2 samples were found in both the data and metadata
2025-01-17 22:48:49 DEBUG::Reordering data/metadata to use same sample ordering
2025-01-17 22:48:49 INFO::Formula for fixed effects: expr ~  Group
2025-01-17 22:48:49 INFO::Filter data based on min abundance and min prevalence
2025-01-17 22:48:49 INFO::Total samples in data: 2
2025-01-17 22:48:50 INFO::Min samples required with min abundance for a feature not to be filtered: 0.000000
2025-01-17 22:48:50 INFO::Total filtered features: 114
2025-01-17 22:48:50 INFO::Filtered feature names from abundance and prevalence filtering:
2025-01-17 22:48:50 INFO::Total filtered features with variance filtering: 0
2025-01-17 22:48:50 INFO::Filtered feature names from variance filtering:
2025-01-17 22:48:50 INFO::Running selected normalization method: NONE
2025-01-17 22:48:50 INFO::Applying z-score to standardize continuous metadata
2025-01-17 22:48:50 INFO::Running selected transform method: LOG
2025-01-17 22:48:50 INFO::Running selected analysis method: LM
2025-01-17 22:48:50 INFO::Fitting model to feature number 1, Coprococcus_eutactus
2025-01-17 22:48:50 INFO::Fitting model to feature number 2, Eubacterium_rectale
2025-01-17 22:48:50 INFO::Fitting model to feature number 3, Phocaeicola_vulgatus
2025-01-17 22:48:50 INFO::Fitting model to feature number 4, Bacteroides_uniformis
2025-01-17 22:48:50 INFO::Fitting model to feature number 5, GGB3619_SGB4894
2025-01-17 22:48:50 INFO::Fitting model to feature number 6, Bacteroides_cellulosilyticus
2025-01-17 22:48:50 INFO::Fitting model to feature number 7, GGB4684_SGB6478
2025-01-17 22:48:50 INFO::Fitting model to feature number 8, Clostridium_sp_1001270H_150608_G6
2025-01-17 22:48:50 INFO::Fitting model to feature number 9, Alistipes_putredinis
2025-01-17 22:48:50 INFO::Fitting model to feature number 10, Enterocloster_SGB14313
2025-01-17 22:48:50 INFO::Fitting model to feature number 11, GGB9758_SGB15368
2025-01-17 22:48:50 INFO::Fitting model to feature number 12, Roseburia_inulinivorans
2025-01-17 22:48:50 INFO::Fitting model to feature number 13, Ruminococcus_lactaris
2025-01-17 22:48:50 INFO::Fitting model to feature number 14, Bacteroides_xylanisolvens
2025-01-17 22:48:50 INFO::Fitting model to feature number 15, Clostridium_sp_AM49_4BH
2025-01-17 22:48:50 INFO::Fitting model to feature number 16, Lachnospira_sp_NSJ_43
2025-01-17 22:48:50 INFO::Fitting model to feature number 17, GGB3256_SGB4303
2025-01-17 22:48:50 INFO::Fitting model to feature number 18, Eubacterium_SGB6276
2025-01-17 22:48:50 INFO::Fitting model to feature number 19, Eubacterium_ventriosum
2025-01-17 22:48:50 INFO::Fitting model to feature number 20, GGB9345_SGB14311
2025-01-17 22:48:50 INFO::Fitting model to feature number 21, Odoribacter_splanchnicus
2025-01-17 22:48:50 INFO::Fitting model to feature number 22, Dorea_longicatena
2025-01-17 22:48:50 INFO::Fitting model to feature number 23, Parabacteroides_distasonis
2025-01-17 22:48:50 INFO::Fitting model to feature number 24, Faecalibacterium_prausnitzii
2025-01-17 22:48:50 INFO::Fitting model to feature number 25, Roseburia_faecis
2025-01-17 22:48:50 INFO::Fitting model to feature number 26, Coprococcus_comes
2025-01-17 22:48:50 INFO::Fitting model to feature number 27, Barnesiella_intestinihominis
2025-01-17 22:48:50 INFO::Fitting model to feature number 28, GGB3746_SGB5089
2025-01-17 22:48:50 INFO::Fitting model to feature number 29, Intestinibacter_bartlettii
2025-01-17 22:48:50 INFO::Fitting model to feature number 30, Desulfovibrio_SGB5077
2025-01-17 22:48:50 INFO::Fitting model to feature number 31, Firmicutes_bacterium_AF16_15
2025-01-17 22:48:50 INFO::Fitting model to feature number 32, Bacteroides_caccae
2025-01-17 22:48:50 INFO::Fitting model to feature number 33, Ruminococcus_torques
2025-01-17 22:48:50 INFO::Fitting model to feature number 34, GGB9342_SGB14306
2025-01-17 22:48:50 INFO::Fitting model to feature number 35, Clostridium_sp_AF12_28
2025-01-17 22:48:50 INFO::Fitting model to feature number 36, Bacteroides_finegoldii
2025-01-17 22:48:50 INFO::Fitting model to feature number 37, Dorea_formicigenerans
2025-01-17 22:48:50 INFO::Fitting model to feature number 38, Clostridium_sp_1001270J_160509_D11
2025-01-17 22:48:50 INFO::Fitting model to feature number 39, Phocaeicola_dorei
2025-01-17 22:48:50 INFO::Fitting model to feature number 40, Ruminococcus_bicirculans
2025-01-17 22:48:50 INFO::Fitting model to feature number 41, Bacteroides_ovatus
2025-01-17 22:48:50 INFO::Fitting model to feature number 42, Lachnospiraceae_bacterium
2025-01-17 22:48:50 INFO::Fitting model to feature number 43, Faecalibacillus_intestinalis
2025-01-17 22:48:50 INFO::Fitting model to feature number 44, GGB3612_SGB4882
2025-01-17 22:48:50 INFO::Fitting model to feature number 45, Blautia_wexlerae
2025-01-17 22:48:50 INFO::Fitting model to feature number 46, Eubacterium_siraeum
2025-01-17 22:48:50 INFO::Fitting model to feature number 47, Eubacteriaceae_bacterium
2025-01-17 22:48:50 INFO::Fitting model to feature number 48, GGB3653_SGB4964
2025-01-17 22:48:50 INFO::Fitting model to feature number 49, GGB3614_SGB4886
2025-01-17 22:48:50 INFO::Fitting model to feature number 50, Staphylococcus_SGB6340
2025-01-17 22:48:50 INFO::Fitting model to feature number 51, Parabacteroides_merdae
2025-01-17 22:48:50 INFO::Fitting model to feature number 52, Phascolarctobacterium_faecium
2025-01-17 22:48:50 INFO::Fitting model to feature number 53, Clostridiaceae_bacterium
2025-01-17 22:48:50 INFO::Fitting model to feature number 54, Faecalicatena_fissicatena
2025-01-17 22:48:50 INFO::Fitting model to feature number 55, GGB51269_SGB5062
2025-01-17 22:48:50 INFO::Fitting model to feature number 56, Blautia_sp_Marseille_P3087
2025-01-17 22:48:50 INFO::Fitting model to feature number 57, Butyricimonas_virosa
2025-01-17 22:48:50 INFO::Fitting model to feature number 58, Escherichia_coli
2025-01-17 22:48:50 INFO::Fitting model to feature number 59, Bacteroides_stercoris
2025-01-17 22:48:50 INFO::Fitting model to feature number 60, GGB9747_SGB15356
2025-01-17 22:48:50 INFO::Fitting model to feature number 61, Clostridiales_bacterium_KLE1615
2025-01-17 22:48:50 INFO::Fitting model to feature number 62, Blautia_faecis
2025-01-17 22:48:50 INFO::Fitting model to feature number 63, Candidatus_Cibionibacter_quicibialis
2025-01-17 22:48:50 INFO::Fitting model to feature number 64, Blautia_obeum
2025-01-17 22:48:50 INFO::Fitting model to feature number 65, GGB9635_SGB15106
2025-01-17 22:48:50 INFO::Fitting model to feature number 66, Coprobacter_secundus
2025-01-17 22:48:50 INFO::Fitting model to feature number 67, Anaerostipes_hadrus
2025-01-17 22:48:50 INFO::Fitting model to feature number 68, Lachnospiraceae_bacterium_AM48_27BH
2025-01-17 22:48:50 INFO::Fitting model to feature number 69, Blautia_sp_MSK_20_85
2025-01-17 22:48:50 INFO::Fitting model to feature number 70, Bacteroides_salyersiae
2025-01-17 22:48:50 INFO::Fitting model to feature number 71, Fusicatenibacter_saccharivorans
2025-01-17 22:48:50 INFO::Fitting model to feature number 72, Anaerobutyricum_hallii
2025-01-17 22:48:50 INFO::Fitting model to feature number 73, Clostridium_fessum
2025-01-17 22:48:50 INFO::Fitting model to feature number 74, Lachnospira_eligens
2025-01-17 22:48:50 INFO::Fitting model to feature number 75, Clostridium_sp_AF34_10BH
2025-01-17 22:48:50 INFO::Fitting model to feature number 76, Lachnospiraceae_bacterium_BX3
2025-01-17 22:48:50 INFO::Fitting model to feature number 77, Streptococcus_salivarius
2025-01-17 22:48:50 INFO::Fitting model to feature number 78, Clostridiaceae_unclassified_SGB4771
2025-01-17 22:48:50 INFO::Fitting model to feature number 79, Haemophilus_parainfluenzae
2025-01-17 22:48:50 INFO::Fitting model to feature number 80, Roseburia_hominis
2025-01-17 22:48:50 INFO::Fitting model to feature number 81, Blautia_SGB4815
2025-01-17 22:48:50 INFO::Fitting model to feature number 82, Parasutterella_excrementihominis
2025-01-17 22:48:50 INFO::Fitting model to feature number 83, Clostridium_sp_AF20_17LB
2025-01-17 22:48:51 INFO::Fitting model to feature number 84, Clostridium_sp_AM22_11AC
2025-01-17 22:48:51 INFO::Fitting model to feature number 85, Clostridiaceae_bacterium_AF18_31LB
2025-01-17 22:48:51 INFO::Fitting model to feature number 86, Lacrimispora_celerecrescens
2025-01-17 22:48:51 INFO::Fitting model to feature number 87, Roseburia_sp_AM16_25
2025-01-17 22:48:51 INFO::Fitting model to feature number 88, Clostridium_sp_AF36_4
2025-01-17 22:48:51 INFO::Fitting model to feature number 89, Oscillospiraceae_bacterium_Marseille_Q3528
2025-01-17 22:48:51 INFO::Fitting model to feature number 90, Dysosmobacter_sp_BX15
2025-01-17 22:48:51 INFO::Fitting model to feature number 91, Coprobacter_fastidiosus
2025-01-17 22:48:51 INFO::Fitting model to feature number 92, Coprococcus_catus
2025-01-17 22:48:51 INFO::Fitting model to feature number 93, Butyricicoccus_sp_AM29_23AC
2025-01-17 22:48:51 INFO::Fitting model to feature number 94, Dorea_sp_AF24_7LB
2025-01-17 22:48:51 INFO::Fitting model to feature number 95, GGB2982_SGB3964
2025-01-17 22:48:51 INFO::Fitting model to feature number 96, Faecalibacterium_SGB15346
2025-01-17 22:48:51 INFO::Fitting model to feature number 97, Eubacterium_ramulus
2025-01-17 22:48:51 INFO::Fitting model to feature number 98, Alistipes_shahii
2025-01-17 22:48:51 INFO::Fitting model to feature number 99, GGB80011_SGB15267
2025-01-17 22:48:51 INFO::Fitting model to feature number 100, GGB2653_SGB3574
2025-01-17 22:48:51 INFO::Fitting model to feature number 101, Clostridium_sp_AM33_3
2025-01-17 22:48:51 INFO::Fitting model to feature number 102, Blautia_massiliensis
2025-01-17 22:48:51 INFO::Fitting model to feature number 103, Lacrimispora_amygdalina
2025-01-17 22:48:51 INFO::Fitting model to feature number 104, Blautia_glucerasea
2025-01-17 22:48:51 INFO::Fitting model to feature number 105, Agathobaculum_butyriciproducens
2025-01-17 22:48:51 INFO::Fitting model to feature number 106, Alistipes_onderdonkii
2025-01-17 22:48:51 INFO::Fitting model to feature number 107, Clostridiaceae_bacterium_Marseille_Q4143
2025-01-17 22:48:51 INFO::Fitting model to feature number 108, Parasutterella_SGB9260
2025-01-17 22:48:51 INFO::Fitting model to feature number 109, Turicibacter_bilis
2025-01-17 22:48:51 INFO::Fitting model to feature number 110, GGB79734_SGB15291
2025-01-17 22:48:51 INFO::Fitting model to feature number 111, Hydrogenoanaerobacterium_saccharovorans
2025-01-17 22:48:51 INFO::Fitting model to feature number 112, Blautia_luti
2025-01-17 22:48:51 INFO::Fitting model to feature number 113, Oscillibacter_sp_ER4
2025-01-17 22:48:51 INFO::Fitting model to feature number 114, Clostridiales_Family_XIII_bacterium_BX16
2025-01-17 22:48:51 INFO::Fitting model to feature number 115, GGB4578_SGB6328
2025-01-17 22:48:51 INFO::Fitting model to feature number 116, GGB9713_SGB15249
2025-01-17 22:48:51 INFO::Fitting model to feature number 117, Klebsiella_pneumoniae
2025-01-17 22:48:51 INFO::Fitting model to feature number 118, Roseburia_sp_AF02_12
2025-01-17 22:48:51 INFO::Fitting model to feature number 119, GGB9602_SGB15031
2025-01-17 22:48:51 INFO::Fitting model to feature number 120, Waltera_intestinalis
2025-01-17 22:48:51 INFO::Fitting model to feature number 121, Dorea_sp_AF36_15AT
2025-01-17 22:48:51 INFO::Fitting model to feature number 122, Bilophila_wadsworthia
2025-01-17 22:48:51 INFO::Fitting model to feature number 123, GGB9677_SGB15180
2025-01-17 22:48:51 INFO::Fitting model to feature number 124, Romboutsia_timonensis
2025-01-17 22:48:51 INFO::Fitting model to feature number 125, GGB9559_SGB14969
2025-01-17 22:48:51 INFO::Fitting model to feature number 126, Clostridium_SGB4751
2025-01-17 22:48:51 INFO::Fitting model to feature number 127, Lachnospiraceae_bacterium_Marseille_Q4251
2025-01-17 22:48:51 INFO::Fitting model to feature number 128, Negativibacillus_massiliensis
2025-01-17 22:48:51 INFO::Fitting model to feature number 129, GGB9699_SGB15216
2025-01-17 22:48:51 INFO::Fitting model to feature number 130, Clostridium_sp_AF27_2AA
2025-01-17 22:48:51 INFO::Fitting model to feature number 131, Lachnospiraceae_bacterium_OM04_12BH
2025-01-17 22:48:51 INFO::Fitting model to feature number 132, GGB9293_SGB14250
2025-01-17 22:48:51 INFO::Fitting model to feature number 133, Roseburia_intestinalis
2025-01-17 22:48:51 INFO::Fitting model to feature number 134, GGB9608_SGB15041
2025-01-17 22:48:51 INFO::Fitting model to feature number 135, GGB9760_SGB15374
2025-01-17 22:48:51 INFO::Fitting model to feature number 136, Alistipes_communis
2025-01-17 22:48:51 INFO::Fitting model to feature number 137, Ruminococcus_callidus
2025-01-17 22:48:51 INFO::Fitting model to feature number 138, Prevotella_copri_clade_A
2025-01-17 22:48:51 INFO::Fitting model to feature number 139, Bacteroides_thetaiotaomicron
2025-01-17 22:48:51 INFO::Fitting model to feature number 140, Bacteroides_fragilis
2025-01-17 22:48:51 INFO::Fitting model to feature number 141, GGB9760_SGB15373
2025-01-17 22:48:51 INFO::Fitting model to feature number 142, Anaerotignum_faecicola
2025-01-17 22:48:51 INFO::Fitting model to feature number 143, GGB9759_SGB15370
2025-01-17 22:48:51 INFO::Fitting model to feature number 144, GGB33928_SGB15225
2025-01-17 22:48:51 INFO::Fitting model to feature number 145, Alistipes_indistinctus
2025-01-17 22:48:51 INFO::Fitting model to feature number 146, Streptococcus_parasanguinis
2025-01-17 22:48:51 INFO::Fitting model to feature number 147, Clostridiales_bacterium
2025-01-17 22:48:51 INFO::Fitting model to feature number 148, Eubacteriales_unclassified_SGB15145
2025-01-17 22:48:51 INFO::Fitting model to feature number 149, GGB80011_SGB15265
2025-01-17 22:48:51 INFO::Fitting model to feature number 150, GGB2998_SGB3988
2025-01-17 22:48:51 INFO::Fitting model to feature number 151, GGB9614_SGB15049
2025-01-17 22:48:51 INFO::Fitting model to feature number 152, Rheinheimera_SGB14999
2025-01-17 22:48:51 INFO::Fitting model to feature number 153, Vescimonas_coprocola
2025-01-17 22:48:51 INFO::Fitting model to feature number 154, Flavonifractor_plautii
2025-01-17 22:48:51 INFO::Fitting model to feature number 155, Collinsella_SGB4121
2025-01-17 22:48:51 INFO::Fitting model to feature number 156, GGB9616_SGB15051
2025-01-17 22:48:51 INFO::Fitting model to feature number 157, Anaerotruncus_colihominis
2025-01-17 22:48:51 INFO::Fitting model to feature number 158, Rothia_mucilaginosa
2025-01-17 22:48:51 INFO::Fitting model to feature number 159, Veillonella_parvula
2025-01-17 22:48:51 INFO::Fitting model to feature number 160, Phocaeicola_SGB6473
2025-01-17 22:48:51 INFO::Fitting model to feature number 161, Dysosmobacter_welbionis
2025-01-17 22:48:51 INFO::Fitting model to feature number 162, Clostridium_leptum
2025-01-17 22:48:51 INFO::Fitting model to feature number 163, Eggerthella_lenta
2025-01-17 22:48:51 INFO::Fitting model to feature number 164, Bifidobacterium_pseudocatenulatum
2025-01-17 22:48:51 INFO::Fitting model to feature number 165, GGB3278_SGB4328
2025-01-17 22:48:51 INFO::Fitting model to feature number 166, Phocaeicola_plebeius
2025-01-17 22:48:51 INFO::Fitting model to feature number 167, Anaerobutyricum_soehngenii
2025-01-17 22:48:51 INFO::Fitting model to feature number 168, GGB51647_SGB4348
2025-01-17 22:48:51 INFO::Fitting model to feature number 169, GGB3109_SGB4119
2025-01-17 22:48:51 INFO::Fitting model to feature number 170, Lawsonibacter_asaccharolyticus
2025-01-17 22:48:51 INFO::Fitting model to feature number 171, GGB6569_SGB9281
2025-01-17 22:48:51 INFO::Fitting model to feature number 172, Dysosmobacter_sp_NSJ_60
2025-01-17 22:48:51 INFO::Fitting model to feature number 173, Intestinimonas_butyriciproducens
2025-01-17 22:48:51 INFO::Fitting model to feature number 174, Enterocloster_citroniae
2025-01-17 22:48:51 INFO::Fitting model to feature number 175, Hungatella_hathewayi
2025-01-17 22:48:51 INFO::Fitting model to feature number 176, GGB9708_SGB15234
2025-01-17 22:48:51 INFO::Fitting model to feature number 177, Enterococcus_faecium
2025-01-17 22:48:51 INFO::Fitting model to feature number 178, Clostridium_sp_NSJ_42
2025-01-17 22:48:52 INFO::Fitting model to feature number 179, GGB9524_SGB14924
2025-01-17 22:48:52 INFO::Fitting model to feature number 180, GGB3321_SGB4394
2025-01-17 22:48:52 INFO::Fitting model to feature number 181, Streptococcus_mitis
2025-01-17 22:48:52 INFO::Fitting model to feature number 182, Enterocloster_aldenensis
2025-01-17 22:48:52 INFO::Fitting model to feature number 183, GGB9534_SGB14937
2025-01-17 22:48:52 INFO::Fitting model to feature number 184, Streptococcus_australis
2025-01-17 22:48:52 INFO::Fitting model to feature number 185, Ruthenibacterium_lactatiformans
2025-01-17 22:48:52 INFO::Fitting model to feature number 186, Enterocloster_bolteae
2025-01-17 22:48:52 INFO::Fitting model to feature number 187, Clostridium_butyricum
2025-01-17 22:48:52 INFO::Fitting model to feature number 188, GGB9770_SGB15390
2025-01-17 22:48:52 INFO::Fitting model to feature number 189, Streptococcus_anginosus
2025-01-17 22:48:52 INFO::Fitting model to feature number 190, Clostridium_symbiosum
2025-01-17 22:48:52 INFO::Fitting model to feature number 191, Eisenbergiella_tayi
2025-01-17 22:48:52 INFO::Fitting model to feature number 192, Granulicatella_SGB8255
2025-01-17 22:48:52 INFO::Fitting model to feature number 193, Clostridium_scindens
2025-01-17 22:48:52 INFO::Fitting model to feature number 194, GGB9719_SGB15272
2025-01-17 22:48:52 INFO::Fitting model to feature number 195, Clostridium_SGB6179
2025-01-17 22:48:52 INFO::Fitting model to feature number 196, Bacteroides_nordii
2025-01-17 22:48:52 INFO::Fitting model to feature number 197, Erysipelatoclostridium_ramosum
2025-01-17 22:48:52 INFO::Fitting model to feature number 198, GGB9593_SGB15015
2025-01-17 22:48:52 INFO::Fitting model to feature number 199, Anaeromassilibacillus_sp_An250
2025-01-17 22:48:52 INFO::Fitting model to feature number 200, Ruminococcus_sp_BSD2780120874_150323_B10
2025-01-17 22:48:52 INFO::Fitting model to feature number 201, GGB3175_SGB4191
2025-01-17 22:48:52 INFO::Fitting model to feature number 202, Eubacterium_sp_AF34_35BH
2025-01-17 22:48:52 INFO::Fitting model to feature number 203, Parabacteroides_goldsteinii
2025-01-17 22:48:52 INFO::Fitting model to feature number 204, Blautia_faecicola
2025-01-17 22:48:52 INFO::Fitting model to feature number 205, Adlercreutzia_equolifaciens
2025-01-17 22:48:52 INFO::Fitting model to feature number 206, Alistipes_sp_AF17_16
2025-01-17 22:48:52 INFO::Fitting model to feature number 207, Alistipes_finegoldii
2025-01-17 22:48:52 INFO::Fitting model to feature number 208, Evtepia_gabavorous
2025-01-17 22:48:52 INFO::Fitting model to feature number 209, Ruminococcus_gnavus
2025-01-17 22:48:52 INFO::Fitting model to feature number 210, Holdemania_filiformis
2025-01-17 22:48:52 INFO::Fitting model to feature number 211, Mediterraneibacter_glycyrrhizinilyticus
2025-01-17 22:48:52 INFO::Fitting model to feature number 212, Methylobacterium_SGB15164
2025-01-17 22:48:52 INFO::Fitting model to feature number 213, Clostridiaceae_bacterium_Marseille_Q3526
2025-01-17 22:48:52 INFO::Fitting model to feature number 214, Clostridium_sp_AT4
2025-01-17 22:48:52 INFO::Fitting model to feature number 215, Eisenbergiella_massiliensis
2025-01-17 22:48:52 INFO::Fitting model to feature number 216, Clostridia_bacterium_UC5_1_1D1
2025-01-17 22:48:52 INFO::Fitting model to feature number 217, Butyricimonas_SGB15260
2025-01-17 22:48:52 INFO::Fitting model to feature number 218, Phocaeicola_coprocola
2025-01-17 22:48:52 INFO::Fitting model to feature number 219, Tyzzerella_nexilis
2025-01-17 22:48:52 INFO::Fitting model to feature number 220, GGB3363_SGB4448
2025-01-17 22:48:52 INFO::Fitting model to feature number 221, Blautia_stercoris
2025-01-17 22:48:52 INFO::Fitting model to feature number 222, GGB3490_SGB4664
2025-01-17 22:48:52 INFO::Fitting model to feature number 223, Bacteroides_intestinalis
2025-01-17 22:48:52 INFO::Fitting model to feature number 224, Clostridiaceae_unclassified_SGB15090
2025-01-17 22:48:52 INFO::Fitting model to feature number 225, Enterobacter_hormaechei
2025-01-17 22:48:52 INFO::Fitting model to feature number 226, Parabacteroides_johnsonii
2025-01-17 22:48:52 INFO::Fitting model to feature number 227, Sanguibacter_SGB15121
2025-01-17 22:48:52 INFO::Fitting model to feature number 228, Alistipes_dispar
2025-01-17 22:48:52 INFO::Fitting model to feature number 229, GGB3363_SGB4447
2025-01-17 22:48:52 INFO::Fitting model to feature number 230, Longicatena_caecimuris
2025-01-17 22:48:52 INFO::Fitting model to feature number 231, Monoglobus_pectinilyticus
2025-01-17 22:48:52 INFO::Fitting model to feature number 232, Anaerostipes_caccae
2025-01-17 22:48:52 INFO::Fitting model to feature number 233, GGB33512_SGB15201
2025-01-17 22:48:52 INFO::Fitting model to feature number 234, Megamonas_funiformis
2025-01-17 22:48:52 INFO::Fitting model to feature number 235, Mesosutterella_multiformis
2025-01-17 22:48:52 INFO::Fitting model to feature number 236, Ruminococcus_sp_AF13_28
2025-01-17 22:48:52 INFO::Fitting model to feature number 237, Megasphaera_micronuciformis
2025-01-17 22:48:52 INFO::Fitting model to feature number 238, Clostridium_sp_AM42_4
2025-01-17 22:48:52 INFO::Fitting model to feature number 239, Eubacterium_sp_NSJ_61
2025-01-17 22:48:52 INFO::Fitting model to feature number 240, Klebsiella_variicola
2025-01-17 22:48:52 INFO::Counting total values for each feature
2025-01-17 22:48:52 INFO::Writing residuals to file G:/deeplearning/CRC/benchmarker/code/Meta_iTL/Result/feature//TL/Meta_iTL/FR-CRC_AT-CRC_ITA-CRC_JPN-CRC_US-CRC-2_US-CRC-3_CHN_SH-CRC-2_CHN_SH-CRC-3_CHN_WF-CRC/S0.3/CHN_SH-CRC-3_MaAslin/residuals.rds
2025-01-17 22:48:52 INFO::Writing fitted values to file G:/deeplearning/CRC/benchmarker/code/Meta_iTL/Result/feature//TL/Meta_iTL/FR-CRC_AT-CRC_ITA-CRC_JPN-CRC_US-CRC-2_US-CRC-3_CHN_SH-CRC-2_CHN_SH-CRC-3_CHN_WF-CRC/S0.3/CHN_SH-CRC-3_MaAslin/fitted.rds
2025-01-17 22:48:52 INFO::Writing all results to file (ordered by increasing q-values): G:/deeplearning/CRC/benchmarker/code/Meta_iTL/Result/feature//TL/Meta_iTL/FR-CRC_AT-CRC_ITA-CRC_JPN-CRC_US-CRC-2_US-CRC-3_CHN_SH-CRC-2_CHN_SH-CRC-3_CHN_WF-CRC/S0.3/CHN_SH-CRC-3_MaAslin/all_results.tsv
2025-01-17 22:48:52 INFO::Writing the significant results (those which are less than or equal to the threshold of 0.250000 ) to file (ordered by increasing q-values): G:/deeplearning/CRC/benchmarker/code/Meta_iTL/Result/feature//TL/Meta_iTL/FR-CRC_AT-CRC_ITA-CRC_JPN-CRC_US-CRC-2_US-CRC-3_CHN_SH-CRC-2_CHN_SH-CRC-3_CHN_WF-CRC/S0.3/CHN_SH-CRC-3_MaAslin/significant_results.tsv
2025-01-17 22:48:52 INFO::Writing heatmap of significant results to file: G:/deeplearning/CRC/benchmarker/code/Meta_iTL/Result/feature//TL/Meta_iTL/FR-CRC_AT-CRC_ITA-CRC_JPN-CRC_US-CRC-2_US-CRC-3_CHN_SH-CRC-2_CHN_SH-CRC-3_CHN_WF-CRC/S0.3/CHN_SH-CRC-3_MaAslin/heatmap.pdf
2025-01-17 22:48:52 INFO::Writing association plots (one for each significant association) to output folder: G:/deeplearning/CRC/benchmarker/code/Meta_iTL/Result/feature//TL/Meta_iTL/FR-CRC_AT-CRC_ITA-CRC_JPN-CRC_US-CRC-2_US-CRC-3_CHN_SH-CRC-2_CHN_SH-CRC-3_CHN_WF-CRC/S0.3/CHN_SH-CRC-3_MaAslin
