2025-01-17 22:50:41 INFO::Writing function arguments to log file
2025-01-17 22:50:41 DEBUG::Function arguments
2025-01-17 22:50:41 DEBUG::Output folder: G:/deeplearning/CRC/benchmarker/code/Meta_iTL/Result/feature//TL/Meta_iTL/FR-CRC_AT-CRC_ITA-CRC_JPN-CRC_US-CRC-2_US-CRC-3_CHN_SH-CRC-2_CHN_SH-CRC-3_CHN_WF-CRC/S0.4/US-CRC-3_MaAslin
2025-01-17 22:50:41 DEBUG::Min Abundance: 0.000000
2025-01-17 22:50:41 DEBUG::Min Prevalence: 0.000000
2025-01-17 22:50:41 DEBUG::Normalization: NONE
2025-01-17 22:50:41 DEBUG::Transform: LOG
2025-01-17 22:50:41 DEBUG::Analysis method: LM
2025-01-17 22:50:41 DEBUG::Max significance: 0.250000
2025-01-17 22:50:41 DEBUG::Random effects:
2025-01-17 22:50:41 DEBUG::Fixed effects: Group
2025-01-17 22:50:41 DEBUG::Correction method: BH
2025-01-17 22:50:41 DEBUG::Standardize: TRUE
2025-01-17 22:50:41 DEBUG::Cores: 1
2025-01-17 22:50:41 INFO::Verifying options selected are valid
2025-01-17 22:50:41 INFO::Determining format of input files
2025-01-17 22:50:41 INFO::Input format is data samples as rows and metadata samples as rows
2025-01-17 22:50:41 DEBUG::A total of 13 samples were found in both the data and metadata
2025-01-17 22:50:41 DEBUG::Reordering data/metadata to use same sample ordering
2025-01-17 22:50:41 INFO::Formula for fixed effects: expr ~  Group
2025-01-17 22:50:41 INFO::Filter data based on min abundance and min prevalence
2025-01-17 22:50:41 INFO::Total samples in data: 13
2025-01-17 22:50:41 INFO::Min samples required with min abundance for a feature not to be filtered: 0.000000
2025-01-17 22:50:41 INFO::Total filtered features: 97
2025-01-17 22:50:41 INFO::Filtered feature names from abundance and prevalence filtering:
2025-01-17 22:50:41 INFO::Total filtered features with variance filtering: 0
2025-01-17 22:50:41 INFO::Filtered feature names from variance filtering:
2025-01-17 22:50:41 INFO::Running selected normalization method: NONE
2025-01-17 22:50:41 INFO::Applying z-score to standardize continuous metadata
2025-01-17 22:50:41 INFO::Running selected transform method: LOG
2025-01-17 22:50:41 INFO::Running selected analysis method: LM
2025-01-17 22:50:41 INFO::Fitting model to feature number 1, Ruminococcus_bromii
2025-01-17 22:50:41 INFO::Fitting model to feature number 2, Coprococcus_eutactus
2025-01-17 22:50:41 INFO::Fitting model to feature number 3, Dialister_invisus
2025-01-17 22:50:41 INFO::Fitting model to feature number 4, Eubacterium_rectale
2025-01-17 22:50:41 INFO::Fitting model to feature number 5, Phocaeicola_vulgatus
2025-01-17 22:50:41 INFO::Fitting model to feature number 6, Bacteroides_uniformis
2025-01-17 22:50:41 INFO::Fitting model to feature number 7, GGB3619_SGB4894
2025-01-17 22:50:41 INFO::Fitting model to feature number 8, Bacteroides_cellulosilyticus
2025-01-17 22:50:41 INFO::Fitting model to feature number 9, Phocaeicola_massiliensis
2025-01-17 22:50:41 INFO::Fitting model to feature number 10, GGB4684_SGB6478
2025-01-17 22:50:41 INFO::Fitting model to feature number 11, Clostridium_sp_1001270H_150608_G6
2025-01-17 22:50:41 INFO::Fitting model to feature number 12, Akkermansia_muciniphila
2025-01-17 22:50:41 INFO::Fitting model to feature number 13, GGB3277_SGB4327
2025-01-17 22:50:41 INFO::Fitting model to feature number 14, Alistipes_putredinis
2025-01-17 22:50:41 INFO::Fitting model to feature number 15, Enterocloster_SGB14313
2025-01-17 22:50:41 INFO::Fitting model to feature number 16, GGB9758_SGB15368
2025-01-17 22:50:41 INFO::Fitting model to feature number 17, Roseburia_inulinivorans
2025-01-17 22:50:41 INFO::Fitting model to feature number 18, Ruminococcus_lactaris
2025-01-17 22:50:41 INFO::Fitting model to feature number 19, Bacteroides_xylanisolvens
2025-01-17 22:50:41 INFO::Fitting model to feature number 20, Clostridium_sp_AM49_4BH
2025-01-17 22:50:41 INFO::Fitting model to feature number 21, Lachnospira_sp_NSJ_43
2025-01-17 22:50:41 INFO::Fitting model to feature number 22, GGB3256_SGB4303
2025-01-17 22:50:41 INFO::Fitting model to feature number 23, Paraprevotella_clara
2025-01-17 22:50:41 INFO::Fitting model to feature number 24, Eubacterium_SGB6276
2025-01-17 22:50:41 INFO::Fitting model to feature number 25, Clostridium_SGB4648
2025-01-17 22:50:41 INFO::Fitting model to feature number 26, Eubacterium_ventriosum
2025-01-17 22:50:41 INFO::Fitting model to feature number 27, Odoribacter_splanchnicus
2025-01-17 22:50:41 INFO::Fitting model to feature number 28, Dorea_longicatena
2025-01-17 22:50:41 INFO::Fitting model to feature number 29, Parabacteroides_distasonis
2025-01-17 22:50:41 INFO::Fitting model to feature number 30, Faecalibacterium_prausnitzii
2025-01-17 22:50:41 INFO::Fitting model to feature number 31, Roseburia_faecis
2025-01-17 22:50:41 INFO::Fitting model to feature number 32, Coprococcus_comes
2025-01-17 22:50:41 INFO::Fitting model to feature number 33, Bacteroides_faecis
2025-01-17 22:50:41 INFO::Fitting model to feature number 34, Barnesiella_intestinihominis
2025-01-17 22:50:41 INFO::Fitting model to feature number 35, GGB3746_SGB5089
2025-01-17 22:50:41 INFO::Fitting model to feature number 36, Desulfovibrio_SGB5077
2025-01-17 22:50:41 INFO::Fitting model to feature number 37, Firmicutes_bacterium_AF16_15
2025-01-17 22:50:41 INFO::Fitting model to feature number 38, Bacteroides_caccae
2025-01-17 22:50:41 INFO::Fitting model to feature number 39, Ruminococcus_torques
2025-01-17 22:50:41 INFO::Fitting model to feature number 40, GGB9342_SGB14306
2025-01-17 22:50:41 INFO::Fitting model to feature number 41, Bacteroides_finegoldii
2025-01-17 22:50:41 INFO::Fitting model to feature number 42, Dorea_formicigenerans
2025-01-17 22:50:41 INFO::Fitting model to feature number 43, Phocaeicola_dorei
2025-01-17 22:50:41 INFO::Fitting model to feature number 44, Ruminococcus_bicirculans
2025-01-17 22:50:41 INFO::Fitting model to feature number 45, Bacteroides_ovatus
2025-01-17 22:50:41 INFO::Fitting model to feature number 46, Lachnospiraceae_bacterium
2025-01-17 22:50:41 INFO::Fitting model to feature number 47, Faecalibacillus_intestinalis
2025-01-17 22:50:41 INFO::Fitting model to feature number 48, GGB3612_SGB4882
2025-01-17 22:50:41 INFO::Fitting model to feature number 49, Blautia_wexlerae
2025-01-17 22:50:41 INFO::Fitting model to feature number 50, Eubacterium_siraeum
2025-01-17 22:50:41 INFO::Fitting model to feature number 51, Eubacteriaceae_bacterium
2025-01-17 22:50:41 INFO::Fitting model to feature number 52, GGB3653_SGB4964
2025-01-17 22:50:41 INFO::Fitting model to feature number 53, Staphylococcus_SGB6340
2025-01-17 22:50:41 INFO::Fitting model to feature number 54, Parabacteroides_merdae
2025-01-17 22:50:42 INFO::Fitting model to feature number 55, Phascolarctobacterium_faecium
2025-01-17 22:50:42 INFO::Fitting model to feature number 56, Clostridiaceae_bacterium
2025-01-17 22:50:42 INFO::Fitting model to feature number 57, Faecalicatena_fissicatena
2025-01-17 22:50:42 INFO::Fitting model to feature number 58, Blautia_sp_Marseille_P3087
2025-01-17 22:50:42 INFO::Fitting model to feature number 59, Butyricimonas_virosa
2025-01-17 22:50:42 INFO::Fitting model to feature number 60, Bacteroides_stercoris
2025-01-17 22:50:42 INFO::Fitting model to feature number 61, GGB9747_SGB15356
2025-01-17 22:50:42 INFO::Fitting model to feature number 62, Clostridiales_bacterium_KLE1615
2025-01-17 22:50:42 INFO::Fitting model to feature number 63, Blautia_faecis
2025-01-17 22:50:42 INFO::Fitting model to feature number 64, GGB9512_SGB14909
2025-01-17 22:50:42 INFO::Fitting model to feature number 65, Candidatus_Cibionibacter_quicibialis
2025-01-17 22:50:42 INFO::Fitting model to feature number 66, Blautia_obeum
2025-01-17 22:50:42 INFO::Fitting model to feature number 67, GGB9635_SGB15106
2025-01-17 22:50:42 INFO::Fitting model to feature number 68, Coprobacter_secundus
2025-01-17 22:50:42 INFO::Fitting model to feature number 69, Anaerostipes_hadrus
2025-01-17 22:50:42 INFO::Fitting model to feature number 70, Lachnospiraceae_bacterium_AM48_27BH
2025-01-17 22:50:42 INFO::Fitting model to feature number 71, Bacteroides_salyersiae
2025-01-17 22:50:42 INFO::Fitting model to feature number 72, Fusicatenibacter_saccharivorans
2025-01-17 22:50:42 INFO::Fitting model to feature number 73, Anaerobutyricum_hallii
2025-01-17 22:50:42 INFO::Fitting model to feature number 74, Clostridium_fessum
2025-01-17 22:50:42 INFO::Fitting model to feature number 75, Lachnospira_eligens
2025-01-17 22:50:42 INFO::Fitting model to feature number 76, Clostridium_sp_AF34_10BH
2025-01-17 22:50:42 INFO::Fitting model to feature number 77, Lachnospiraceae_bacterium_BX3
2025-01-17 22:50:42 INFO::Fitting model to feature number 78, Streptococcus_salivarius
2025-01-17 22:50:42 INFO::Fitting model to feature number 79, Clostridiaceae_unclassified_SGB4771
2025-01-17 22:50:42 INFO::Fitting model to feature number 80, Haemophilus_parainfluenzae
2025-01-17 22:50:42 INFO::Fitting model to feature number 81, Roseburia_hominis
2025-01-17 22:50:42 INFO::Fitting model to feature number 82, Blautia_SGB4815
2025-01-17 22:50:42 INFO::Fitting model to feature number 83, Parasutterella_excrementihominis
2025-01-17 22:50:42 INFO::Fitting model to feature number 84, Clostridium_sp_AF20_17LB
2025-01-17 22:50:42 INFO::Fitting model to feature number 85, Clostridium_sp_AM22_11AC
2025-01-17 22:50:42 INFO::Fitting model to feature number 86, Clostridiaceae_bacterium_AF18_31LB
2025-01-17 22:50:43 INFO::Fitting model to feature number 87, Clostridiaceae_bacterium_Marseille_Q4149
2025-01-17 22:50:43 INFO::Fitting model to feature number 88, Collinsella_SGB14861
2025-01-17 22:50:43 INFO::Fitting model to feature number 89, Lacrimispora_celerecrescens
2025-01-17 22:50:43 INFO::Fitting model to feature number 90, Roseburia_sp_AM16_25
2025-01-17 22:50:43 INFO::Fitting model to feature number 91, Clostridium_sp_AF36_4
2025-01-17 22:50:43 INFO::Fitting model to feature number 92, Oscillospiraceae_bacterium_Marseille_Q3528
2025-01-17 22:50:43 INFO::Fitting model to feature number 93, Dysosmobacter_sp_BX15
2025-01-17 22:50:43 INFO::Fitting model to feature number 94, Coprobacter_fastidiosus
2025-01-17 22:50:43 INFO::Fitting model to feature number 95, Coprococcus_catus
2025-01-17 22:50:43 INFO::Fitting model to feature number 96, Butyricicoccus_sp_AM29_23AC
2025-01-17 22:50:43 INFO::Fitting model to feature number 97, Dorea_sp_AF24_7LB
2025-01-17 22:50:43 INFO::Fitting model to feature number 98, Coprococcus_SGB4669
2025-01-17 22:50:43 INFO::Fitting model to feature number 99, Faecalibacterium_SGB15346
2025-01-17 22:50:43 INFO::Fitting model to feature number 100, Catenibacterium_SGB4425
2025-01-17 22:50:43 INFO::Fitting model to feature number 101, Clostridium_sp_AF34_13
2025-01-17 22:50:43 INFO::Fitting model to feature number 102, Eubacterium_ramulus
2025-01-17 22:50:43 INFO::Fitting model to feature number 103, Alistipes_shahii
2025-01-17 22:50:43 INFO::Fitting model to feature number 104, GGB80011_SGB15267
2025-01-17 22:50:43 INFO::Fitting model to feature number 105, GGB2653_SGB3574
2025-01-17 22:50:43 INFO::Fitting model to feature number 106, Clostridium_sp_AM33_3
2025-01-17 22:50:43 INFO::Fitting model to feature number 107, Blautia_massiliensis
2025-01-17 22:50:43 INFO::Fitting model to feature number 108, GGB9708_SGB15233
2025-01-17 22:50:43 INFO::Fitting model to feature number 109, Lacrimispora_amygdalina
2025-01-17 22:50:43 INFO::Fitting model to feature number 110, Blautia_glucerasea
2025-01-17 22:50:43 INFO::Fitting model to feature number 111, Bifidobacterium_catenulatum
2025-01-17 22:50:43 INFO::Fitting model to feature number 112, Agathobaculum_butyriciproducens
2025-01-17 22:50:43 INFO::Fitting model to feature number 113, Alistipes_onderdonkii
2025-01-17 22:50:43 INFO::Fitting model to feature number 114, GGB80140_SGB15224
2025-01-17 22:50:43 INFO::Fitting model to feature number 115, Clostridiaceae_bacterium_Marseille_Q4143
2025-01-17 22:50:43 INFO::Fitting model to feature number 116, Parasutterella_SGB9260
2025-01-17 22:50:43 INFO::Fitting model to feature number 117, GGB33469_SGB15236
2025-01-17 22:50:43 INFO::Fitting model to feature number 118, Turicibacter_bilis
2025-01-17 22:50:44 INFO::Fitting model to feature number 119, GGB79734_SGB15291
2025-01-17 22:50:44 INFO::Fitting model to feature number 120, Hydrogenoanaerobacterium_saccharovorans
2025-01-17 22:50:44 INFO::Fitting model to feature number 121, Desulfovibrio_piger
2025-01-17 22:50:44 INFO::Fitting model to feature number 122, Blautia_luti
2025-01-17 22:50:44 INFO::Fitting model to feature number 123, Oscillibacter_sp_ER4
2025-01-17 22:50:44 INFO::Fitting model to feature number 124, Clostridiaceae_bacterium_Marseille_Q4145
2025-01-17 22:50:44 INFO::Fitting model to feature number 125, Clostridiales_Family_XIII_bacterium_BX16
2025-01-17 22:50:44 INFO::Fitting model to feature number 126, GGB9713_SGB15249
2025-01-17 22:50:44 INFO::Fitting model to feature number 127, Klebsiella_pneumoniae
2025-01-17 22:50:44 INFO::Fitting model to feature number 128, Oscillospiraceae_unclassified_SGB15256
2025-01-17 22:50:44 INFO::Fitting model to feature number 129, Roseburia_sp_AF02_12
2025-01-17 22:50:44 INFO::Fitting model to feature number 130, Waltera_intestinalis
2025-01-17 22:50:44 INFO::Fitting model to feature number 131, Dorea_sp_AF36_15AT
2025-01-17 22:50:44 INFO::Fitting model to feature number 132, Bilophila_wadsworthia
2025-01-17 22:50:44 INFO::Fitting model to feature number 133, Romboutsia_timonensis
2025-01-17 22:50:44 INFO::Fitting model to feature number 134, Lachnospiraceae_bacterium_Marseille_Q4251
2025-01-17 22:50:44 INFO::Fitting model to feature number 135, Bifidobacterium_longum
2025-01-17 22:50:44 INFO::Fitting model to feature number 136, Negativibacillus_massiliensis
2025-01-17 22:50:44 INFO::Fitting model to feature number 137, GGB9699_SGB15216
2025-01-17 22:50:44 INFO::Fitting model to feature number 138, Sutterella_wadsworthensis
2025-01-17 22:50:44 INFO::Fitting model to feature number 139, Clostridium_sp_AF27_2AA
2025-01-17 22:50:44 INFO::Fitting model to feature number 140, Lachnospiraceae_bacterium_OM04_12BH
2025-01-17 22:50:44 INFO::Fitting model to feature number 141, GGB9634_SGB15093
2025-01-17 22:50:44 INFO::Fitting model to feature number 142, Clostridium_SGB4750
2025-01-17 22:50:44 INFO::Fitting model to feature number 143, GGB9707_SGB15229
2025-01-17 22:50:44 INFO::Fitting model to feature number 144, Roseburia_intestinalis
2025-01-17 22:50:44 INFO::Fitting model to feature number 145, Oscillospiraceae_bacterium
2025-01-17 22:50:44 INFO::Fitting model to feature number 146, GGB9760_SGB15374
2025-01-17 22:50:44 INFO::Fitting model to feature number 147, Butyricimonas_paravirosa
2025-01-17 22:50:44 INFO::Fitting model to feature number 148, Alistipes_communis
2025-01-17 22:50:44 INFO::Fitting model to feature number 149, Bifidobacterium_adolescentis
2025-01-17 22:50:44 INFO::Fitting model to feature number 150, Prevotella_copri_clade_C
2025-01-17 22:50:44 INFO::Fitting model to feature number 151, Bifidobacterium_bifidum
2025-01-17 22:50:44 INFO::Fitting model to feature number 152, Ruminococcus_callidus
2025-01-17 22:50:44 INFO::Fitting model to feature number 153, Prevotella_copri_clade_A
2025-01-17 22:50:44 INFO::Fitting model to feature number 154, Collinsella_aerofaciens
2025-01-17 22:50:44 INFO::Fitting model to feature number 155, Gemmiger_formicilis
2025-01-17 22:50:44 INFO::Fitting model to feature number 156, Bacteroides_thetaiotaomicron
2025-01-17 22:50:44 INFO::Fitting model to feature number 157, Bacteroides_fragilis
2025-01-17 22:50:44 INFO::Fitting model to feature number 158, Holdemanella_porci
2025-01-17 22:50:44 INFO::Fitting model to feature number 159, GGB9760_SGB15373
2025-01-17 22:50:44 INFO::Fitting model to feature number 160, Anaerotignum_faecicola
2025-01-17 22:50:44 INFO::Fitting model to feature number 161, GGB9642_SGB15119
2025-01-17 22:50:44 INFO::Fitting model to feature number 162, Senegalimassilia_anaerobia
2025-01-17 22:50:44 INFO::Fitting model to feature number 163, GGB34797_SGB14322
2025-01-17 22:50:44 INFO::Fitting model to feature number 164, Holdemanella_biformis
2025-01-17 22:50:44 INFO::Fitting model to feature number 165, Alistipes_senegalensis
2025-01-17 22:50:44 INFO::Fitting model to feature number 166, Desulfovibrio_SGB5076
2025-01-17 22:50:44 INFO::Fitting model to feature number 167, GGB33928_SGB15225
2025-01-17 22:50:44 INFO::Fitting model to feature number 168, Alistipes_indistinctus
2025-01-17 22:50:44 INFO::Fitting model to feature number 169, Ruminococcus_sp_AF41_9
2025-01-17 22:50:44 INFO::Fitting model to feature number 170, Clostridiales_bacterium
2025-01-17 22:50:44 INFO::Fitting model to feature number 171, Eubacteriales_unclassified_SGB15145
2025-01-17 22:50:44 INFO::Fitting model to feature number 172, GGB9614_SGB15049
2025-01-17 22:50:44 INFO::Fitting model to feature number 173, Rheinheimera_SGB14999
2025-01-17 22:50:44 INFO::Fitting model to feature number 174, Vescimonas_coprocola
2025-01-17 22:50:44 INFO::Fitting model to feature number 175, Flavonifractor_plautii
2025-01-17 22:50:44 INFO::Fitting model to feature number 176, Collinsella_SGB4121
2025-01-17 22:50:44 INFO::Fitting model to feature number 177, Faecalibacterium_SGB15315
2025-01-17 22:50:44 INFO::Fitting model to feature number 178, Gemmiger_SGB15295
2025-01-17 22:50:44 INFO::Fitting model to feature number 179, Dysosmobacter_welbionis
2025-01-17 22:50:44 INFO::Fitting model to feature number 180, Clostridium_leptum
2025-01-17 22:50:44 INFO::Fitting model to feature number 181, Eggerthella_lenta
2025-01-17 22:50:44 INFO::Fitting model to feature number 182, Bifidobacterium_pseudocatenulatum
2025-01-17 22:50:44 INFO::Fitting model to feature number 183, GGB3278_SGB4328
2025-01-17 22:50:44 INFO::Fitting model to feature number 184, Prevotella_stercorea
2025-01-17 22:50:44 INFO::Fitting model to feature number 185, Phascolarctobacterium_succinatutens
2025-01-17 22:50:44 INFO::Fitting model to feature number 186, Lachnospira_pectinoschiza
2025-01-17 22:50:44 INFO::Fitting model to feature number 187, Anaerobutyricum_soehngenii
2025-01-17 22:50:44 INFO::Fitting model to feature number 188, GGB51647_SGB4348
2025-01-17 22:50:44 INFO::Fitting model to feature number 189, Butyricimonas_faecihominis
2025-01-17 22:50:44 INFO::Fitting model to feature number 190, Lawsonibacter_asaccharolyticus
2025-01-17 22:50:44 INFO::Fitting model to feature number 191, Dysosmobacter_sp_NSJ_60
2025-01-17 22:50:44 INFO::Fitting model to feature number 192, Intestinimonas_butyriciproducens
2025-01-17 22:50:44 INFO::Fitting model to feature number 193, GGB9708_SGB15234
2025-01-17 22:50:44 INFO::Fitting model to feature number 194, Faecalibacillus_faecis
2025-01-17 22:50:44 INFO::Fitting model to feature number 195, GGB9524_SGB14924
2025-01-17 22:50:44 INFO::Fitting model to feature number 196, GGB3321_SGB4394
2025-01-17 22:50:44 INFO::Fitting model to feature number 197, Enterocloster_aldenensis
2025-01-17 22:50:44 INFO::Fitting model to feature number 198, GGB9534_SGB14937
2025-01-17 22:50:44 INFO::Fitting model to feature number 199, Ruthenibacterium_lactatiformans
2025-01-17 22:50:44 INFO::Fitting model to feature number 200, Enterocloster_bolteae
2025-01-17 22:50:44 INFO::Fitting model to feature number 201, GGB9770_SGB15390
2025-01-17 22:50:44 INFO::Fitting model to feature number 202, GGB47687_SGB2286
2025-01-17 22:50:44 INFO::Fitting model to feature number 203, GGB9619_SGB15067
2025-01-17 22:50:44 INFO::Fitting model to feature number 204, Clostridium_scindens
2025-01-17 22:50:44 INFO::Fitting model to feature number 205, Clostridium_SGB6179
2025-01-17 22:50:44 INFO::Fitting model to feature number 206, Erysipelatoclostridium_ramosum
2025-01-17 22:50:44 INFO::Fitting model to feature number 207, GGB9593_SGB15015
2025-01-17 22:50:44 INFO::Fitting model to feature number 208, GGB9453_SGB14845
2025-01-17 22:50:45 INFO::Fitting model to feature number 209, Bifidobacterium_dentium
2025-01-17 22:50:45 INFO::Fitting model to feature number 210, Ruminococcus_sp_BSD2780120874_150323_B10
2025-01-17 22:50:45 INFO::Fitting model to feature number 211, GGB3175_SGB4191
2025-01-17 22:50:45 INFO::Fitting model to feature number 212, GGB4566_SGB6305
2025-01-17 22:50:45 INFO::Fitting model to feature number 213, Eubacterium_sp_AF34_35BH
2025-01-17 22:50:45 INFO::Fitting model to feature number 214, Parabacteroides_goldsteinii
2025-01-17 22:50:45 INFO::Fitting model to feature number 215, Blautia_faecicola
2025-01-17 22:50:45 INFO::Fitting model to feature number 216, Adlercreutzia_equolifaciens
2025-01-17 22:50:45 INFO::Fitting model to feature number 217, Alistipes_sp_AF17_16
2025-01-17 22:50:45 INFO::Fitting model to feature number 218, Alistipes_finegoldii
2025-01-17 22:50:45 INFO::Fitting model to feature number 219, Alistipes_ihumii
2025-01-17 22:50:45 INFO::Fitting model to feature number 220, Evtepia_gabavorous
2025-01-17 22:50:45 INFO::Fitting model to feature number 221, Ruminococcus_gnavus
2025-01-17 22:50:45 INFO::Fitting model to feature number 222, GGB3005_SGB3996
2025-01-17 22:50:45 INFO::Fitting model to feature number 223, Mediterraneibacter_glycyrrhizinilyticus
2025-01-17 22:50:45 INFO::Fitting model to feature number 224, Methylobacterium_SGB15164
2025-01-17 22:50:45 INFO::Fitting model to feature number 225, Clostridiaceae_bacterium_Marseille_Q3526
2025-01-17 22:50:45 INFO::Fitting model to feature number 226, Clostridium_sp_AT4
2025-01-17 22:50:45 INFO::Fitting model to feature number 227, Eisenbergiella_massiliensis
2025-01-17 22:50:45 INFO::Fitting model to feature number 228, Blautia_caecimuris
2025-01-17 22:50:45 INFO::Fitting model to feature number 229, Clostridia_bacterium
2025-01-17 22:50:45 INFO::Fitting model to feature number 230, GGB3819_SGB5184
2025-01-17 22:50:45 INFO::Fitting model to feature number 231, Butyricimonas_SGB15260
2025-01-17 22:50:45 INFO::Fitting model to feature number 232, Tyzzerella_nexilis
2025-01-17 22:50:45 INFO::Fitting model to feature number 233, Bacteroides_eggerthii
2025-01-17 22:50:45 INFO::Fitting model to feature number 234, Blautia_stercoris
2025-01-17 22:50:45 INFO::Fitting model to feature number 235, Bacteroides_intestinalis
2025-01-17 22:50:45 INFO::Fitting model to feature number 236, GGB79973_SGB14341
2025-01-17 22:50:45 INFO::Fitting model to feature number 237, Clostridiaceae_unclassified_SGB15090
2025-01-17 22:50:45 INFO::Fitting model to feature number 238, GGB42994_SGB4746
2025-01-17 22:50:45 INFO::Fitting model to feature number 239, Parabacteroides_johnsonii
2025-01-17 22:50:45 INFO::Fitting model to feature number 240, Sanguibacter_SGB15121
2025-01-17 22:50:45 INFO::Fitting model to feature number 241, Vescimonas_SGB15087
2025-01-17 22:50:45 INFO::Fitting model to feature number 242, Clostridiales_bacterium_Choco116
2025-01-17 22:50:45 INFO::Fitting model to feature number 243, Sellimonas_intestinalis
2025-01-17 22:50:45 INFO::Fitting model to feature number 244, GGB9453_SGB14844
2025-01-17 22:50:45 INFO::Fitting model to feature number 245, Alistipes_dispar
2025-01-17 22:50:45 INFO::Fitting model to feature number 246, GGB3363_SGB4447
2025-01-17 22:50:45 INFO::Fitting model to feature number 247, Longicatena_caecimuris
2025-01-17 22:50:45 INFO::Fitting model to feature number 248, Blautia_hansenii
2025-01-17 22:50:45 INFO::Fitting model to feature number 249, Clostridia_bacterium_UC5_1_1E11
2025-01-17 22:50:45 INFO::Fitting model to feature number 250, Blautia_producta
2025-01-17 22:50:45 INFO::Fitting model to feature number 251, Monoglobus_pectinilyticus
2025-01-17 22:50:45 INFO::Fitting model to feature number 252, Anaerostipes_caccae
2025-01-17 22:50:45 INFO::Fitting model to feature number 253, Ruminococcus_SGB4421
2025-01-17 22:50:45 INFO::Fitting model to feature number 254, Dialister_hominis
2025-01-17 22:50:45 INFO::Fitting model to feature number 255, Faecalimonas_umbilicata
2025-01-17 22:50:45 INFO::Fitting model to feature number 256, Enterocloster_clostridioformis
2025-01-17 22:50:45 INFO::Fitting model to feature number 257, Mesosutterella_multiformis
2025-01-17 22:50:45 INFO::Counting total values for each feature
2025-01-17 22:50:45 INFO::Writing residuals to file G:/deeplearning/CRC/benchmarker/code/Meta_iTL/Result/feature//TL/Meta_iTL/FR-CRC_AT-CRC_ITA-CRC_JPN-CRC_US-CRC-2_US-CRC-3_CHN_SH-CRC-2_CHN_SH-CRC-3_CHN_WF-CRC/S0.4/US-CRC-3_MaAslin/residuals.rds
2025-01-17 22:50:45 INFO::Writing fitted values to file G:/deeplearning/CRC/benchmarker/code/Meta_iTL/Result/feature//TL/Meta_iTL/FR-CRC_AT-CRC_ITA-CRC_JPN-CRC_US-CRC-2_US-CRC-3_CHN_SH-CRC-2_CHN_SH-CRC-3_CHN_WF-CRC/S0.4/US-CRC-3_MaAslin/fitted.rds
2025-01-17 22:50:45 INFO::Writing all results to file (ordered by increasing q-values): G:/deeplearning/CRC/benchmarker/code/Meta_iTL/Result/feature//TL/Meta_iTL/FR-CRC_AT-CRC_ITA-CRC_JPN-CRC_US-CRC-2_US-CRC-3_CHN_SH-CRC-2_CHN_SH-CRC-3_CHN_WF-CRC/S0.4/US-CRC-3_MaAslin/all_results.tsv
2025-01-17 22:50:45 INFO::Writing the significant results (those which are less than or equal to the threshold of 0.250000 ) to file (ordered by increasing q-values): G:/deeplearning/CRC/benchmarker/code/Meta_iTL/Result/feature//TL/Meta_iTL/FR-CRC_AT-CRC_ITA-CRC_JPN-CRC_US-CRC-2_US-CRC-3_CHN_SH-CRC-2_CHN_SH-CRC-3_CHN_WF-CRC/S0.4/US-CRC-3_MaAslin/significant_results.tsv
2025-01-17 22:50:46 INFO::Writing heatmap of significant results to file: G:/deeplearning/CRC/benchmarker/code/Meta_iTL/Result/feature//TL/Meta_iTL/FR-CRC_AT-CRC_ITA-CRC_JPN-CRC_US-CRC-2_US-CRC-3_CHN_SH-CRC-2_CHN_SH-CRC-3_CHN_WF-CRC/S0.4/US-CRC-3_MaAslin/heatmap.pdf
2025-01-17 22:50:46 INFO::Writing association plots (one for each significant association) to output folder: G:/deeplearning/CRC/benchmarker/code/Meta_iTL/Result/feature//TL/Meta_iTL/FR-CRC_AT-CRC_ITA-CRC_JPN-CRC_US-CRC-2_US-CRC-3_CHN_SH-CRC-2_CHN_SH-CRC-3_CHN_WF-CRC/S0.4/US-CRC-3_MaAslin
2025-01-17 22:50:46 INFO::Plotting associations from most to least significant, grouped by metadata
2025-01-17 22:50:46 INFO::Plotting data for metadata number 1, Group
2025-01-17 22:50:46 INFO::Creating boxplot for categorical data, Group vs Eubacterium_sp_AF34_35BH
2025-01-17 22:50:46 INFO::Creating boxplot for categorical data, Group vs Staphylococcus_SGB6340
2025-01-17 22:50:46 INFO::Creating boxplot for categorical data, Group vs Faecalibacillus_intestinalis
2025-01-17 22:50:46 INFO::Creating boxplot for categorical data, Group vs GGB9453_SGB14844
2025-01-17 22:50:46 INFO::Creating boxplot for categorical data, Group vs Lachnospiraceae_bacterium
2025-01-17 22:50:47 INFO::Creating boxplot for categorical data, Group vs Adlercreutzia_equolifaciens
2025-01-17 22:50:47 INFO::Creating boxplot for categorical data, Group vs Eubacterium_ventriosum
2025-01-17 22:50:47 INFO::Creating boxplot for categorical data, Group vs Oscillospiraceae_bacterium_Marseille_Q3528
2025-01-17 22:50:47 INFO::Creating boxplot for categorical data, Group vs GGB2653_SGB3574
2025-01-17 22:50:47 INFO::Creating boxplot for categorical data, Group vs Blautia_glucerasea
2025-01-17 22:50:47 INFO::Creating boxplot for categorical data, Group vs Bifidobacterium_catenulatum
2025-01-17 22:50:48 INFO::Creating boxplot for categorical data, Group vs Blautia_luti
2025-01-17 22:50:48 INFO::Creating boxplot for categorical data, Group vs Klebsiella_pneumoniae
2025-01-17 22:50:48 INFO::Creating boxplot for categorical data, Group vs Ruminococcus_callidus
2025-01-17 22:50:48 INFO::Creating boxplot for categorical data, Group vs Ruminococcus_sp_AF41_9
2025-01-17 22:50:48 INFO::Creating boxplot for categorical data, Group vs GGB9770_SGB15390
2025-01-17 22:50:48 INFO::Creating boxplot for categorical data, Group vs GGB9619_SGB15067
2025-01-17 22:50:49 INFO::Creating boxplot for categorical data, Group vs GGB9453_SGB14845
2025-01-17 22:50:49 INFO::Creating boxplot for categorical data, Group vs GGB4566_SGB6305
2025-01-17 22:50:49 INFO::Creating boxplot for categorical data, Group vs Blautia_faecicola
2025-01-17 22:50:49 INFO::Creating boxplot for categorical data, Group vs Alistipes_ihumii
2025-01-17 22:50:49 INFO::Creating boxplot for categorical data, Group vs Vescimonas_SGB15087
2025-01-17 22:50:49 INFO::Creating boxplot for categorical data, Group vs GGB9708_SGB15234
2025-01-17 22:50:50 INFO::Creating boxplot for categorical data, Group vs GGB3612_SGB4882
2025-01-17 22:50:50 INFO::Creating boxplot for categorical data, Group vs Faecalicatena_fissicatena
2025-01-17 22:50:50 INFO::Creating boxplot for categorical data, Group vs GGB9760_SGB15373
2025-01-17 22:50:50 INFO::Creating boxplot for categorical data, Group vs Bacteroides_cellulosilyticus
2025-01-17 22:50:50 INFO::Creating boxplot for categorical data, Group vs Gemmiger_SGB15295
2025-01-17 22:50:51 INFO::Creating boxplot for categorical data, Group vs Clostridiales_bacterium_KLE1615
