2025-01-17 22:50:54 INFO::Writing function arguments to log file
2025-01-17 22:50:54 DEBUG::Function arguments
2025-01-17 22:50:54 DEBUG::Output folder: G:/deeplearning/CRC/benchmarker/code/Meta_iTL/Result/feature//TL/Meta_iTL/FR-CRC_AT-CRC_ITA-CRC_JPN-CRC_US-CRC-2_US-CRC-3_CHN_SH-CRC-2_CHN_SH-CRC-3_CHN_WF-CRC/S0.4/CHN_SH-CRC-2_MaAslin
2025-01-17 22:50:54 DEBUG::Min Abundance: 0.000000
2025-01-17 22:50:54 DEBUG::Min Prevalence: 0.000000
2025-01-17 22:50:54 DEBUG::Normalization: NONE
2025-01-17 22:50:54 DEBUG::Transform: LOG
2025-01-17 22:50:54 DEBUG::Analysis method: LM
2025-01-17 22:50:54 DEBUG::Max significance: 0.250000
2025-01-17 22:50:54 DEBUG::Random effects:
2025-01-17 22:50:54 DEBUG::Fixed effects: Group
2025-01-17 22:50:54 DEBUG::Correction method: BH
2025-01-17 22:50:54 DEBUG::Standardize: TRUE
2025-01-17 22:50:54 DEBUG::Cores: 1
2025-01-17 22:50:54 INFO::Verifying options selected are valid
2025-01-17 22:50:54 INFO::Determining format of input files
2025-01-17 22:50:54 INFO::Input format is data samples as rows and metadata samples as rows
2025-01-17 22:50:54 DEBUG::A total of 5 samples were found in both the data and metadata
2025-01-17 22:50:54 DEBUG::Reordering data/metadata to use same sample ordering
2025-01-17 22:50:54 INFO::Formula for fixed effects: expr ~  Group
2025-01-17 22:50:54 INFO::Filter data based on min abundance and min prevalence
2025-01-17 22:50:54 INFO::Total samples in data: 5
2025-01-17 22:50:54 INFO::Min samples required with min abundance for a feature not to be filtered: 0.000000
2025-01-17 22:50:54 INFO::Total filtered features: 76
2025-01-17 22:50:54 INFO::Filtered feature names from abundance and prevalence filtering:
2025-01-17 22:50:54 INFO::Total filtered features with variance filtering: 0
2025-01-17 22:50:54 INFO::Filtered feature names from variance filtering:
2025-01-17 22:50:54 INFO::Running selected normalization method: NONE
2025-01-17 22:50:54 INFO::Applying z-score to standardize continuous metadata
2025-01-17 22:50:54 INFO::Running selected transform method: LOG
2025-01-17 22:50:54 INFO::Running selected analysis method: LM
2025-01-17 22:50:54 INFO::Fitting model to feature number 1, Ruminococcus_bromii
2025-01-17 22:50:54 WARNING::Fitting problem for feature 1 returning NA
2025-01-17 22:50:54 INFO::Fitting model to feature number 2, Coprococcus_eutactus
2025-01-17 22:50:55 WARNING::Fitting problem for feature 2 returning NA
2025-01-17 22:50:55 INFO::Fitting model to feature number 3, Dialister_invisus
2025-01-17 22:50:55 WARNING::Fitting problem for feature 3 returning NA
2025-01-17 22:50:55 INFO::Fitting model to feature number 4, Eubacterium_rectale
2025-01-17 22:50:55 WARNING::Fitting problem for feature 4 returning NA
2025-01-17 22:50:55 INFO::Fitting model to feature number 5, Phocaeicola_vulgatus
2025-01-17 22:50:55 WARNING::Fitting problem for feature 5 returning NA
2025-01-17 22:50:55 INFO::Fitting model to feature number 6, Bacteroides_uniformis
2025-01-17 22:50:55 WARNING::Fitting problem for feature 6 returning NA
2025-01-17 22:50:55 INFO::Fitting model to feature number 7, GGB3619_SGB4894
2025-01-17 22:50:55 WARNING::Fitting problem for feature 7 returning NA
2025-01-17 22:50:55 INFO::Fitting model to feature number 8, Bacteroides_cellulosilyticus
2025-01-17 22:50:55 WARNING::Fitting problem for feature 8 returning NA
2025-01-17 22:50:55 INFO::Fitting model to feature number 9, Phocaeicola_massiliensis
2025-01-17 22:50:55 WARNING::Fitting problem for feature 9 returning NA
2025-01-17 22:50:55 INFO::Fitting model to feature number 10, GGB4684_SGB6478
2025-01-17 22:50:55 WARNING::Fitting problem for feature 10 returning NA
2025-01-17 22:50:55 INFO::Fitting model to feature number 11, Clostridium_sp_1001270H_150608_G6
2025-01-17 22:50:55 WARNING::Fitting problem for feature 11 returning NA
2025-01-17 22:50:55 INFO::Fitting model to feature number 12, Akkermansia_muciniphila
2025-01-17 22:50:55 WARNING::Fitting problem for feature 12 returning NA
2025-01-17 22:50:55 INFO::Fitting model to feature number 13, GGB3277_SGB4327
2025-01-17 22:50:55 WARNING::Fitting problem for feature 13 returning NA
2025-01-17 22:50:55 INFO::Fitting model to feature number 14, Alistipes_putredinis
2025-01-17 22:50:55 WARNING::Fitting problem for feature 14 returning NA
2025-01-17 22:50:55 INFO::Fitting model to feature number 15, Enterocloster_SGB14313
2025-01-17 22:50:55 WARNING::Fitting problem for feature 15 returning NA
2025-01-17 22:50:55 INFO::Fitting model to feature number 16, GGB9758_SGB15368
2025-01-17 22:50:55 WARNING::Fitting problem for feature 16 returning NA
2025-01-17 22:50:55 INFO::Fitting model to feature number 17, Roseburia_inulinivorans
2025-01-17 22:50:55 WARNING::Fitting problem for feature 17 returning NA
2025-01-17 22:50:55 INFO::Fitting model to feature number 18, Ruminococcus_lactaris
2025-01-17 22:50:55 WARNING::Fitting problem for feature 18 returning NA
2025-01-17 22:50:55 INFO::Fitting model to feature number 19, Bacteroides_xylanisolvens
2025-01-17 22:50:55 WARNING::Fitting problem for feature 19 returning NA
2025-01-17 22:50:55 INFO::Fitting model to feature number 20, Clostridium_sp_AM49_4BH
2025-01-17 22:50:55 WARNING::Fitting problem for feature 20 returning NA
2025-01-17 22:50:55 INFO::Fitting model to feature number 21, Lachnospira_sp_NSJ_43
2025-01-17 22:50:55 WARNING::Fitting problem for feature 21 returning NA
2025-01-17 22:50:55 INFO::Fitting model to feature number 22, GGB3256_SGB4303
2025-01-17 22:50:55 WARNING::Fitting problem for feature 22 returning NA
2025-01-17 22:50:55 INFO::Fitting model to feature number 23, Paraprevotella_clara
2025-01-17 22:50:55 WARNING::Fitting problem for feature 23 returning NA
2025-01-17 22:50:55 INFO::Fitting model to feature number 24, Eubacterium_SGB6276
2025-01-17 22:50:55 WARNING::Fitting problem for feature 24 returning NA
2025-01-17 22:50:55 INFO::Fitting model to feature number 25, Eubacterium_ventriosum
2025-01-17 22:50:55 WARNING::Fitting problem for feature 25 returning NA
2025-01-17 22:50:55 INFO::Fitting model to feature number 26, GGB9345_SGB14311
2025-01-17 22:50:55 WARNING::Fitting problem for feature 26 returning NA
2025-01-17 22:50:55 INFO::Fitting model to feature number 27, Odoribacter_splanchnicus
2025-01-17 22:50:55 WARNING::Fitting problem for feature 27 returning NA
2025-01-17 22:50:55 INFO::Fitting model to feature number 28, Dorea_longicatena
2025-01-17 22:50:55 WARNING::Fitting problem for feature 28 returning NA
2025-01-17 22:50:55 INFO::Fitting model to feature number 29, Parabacteroides_distasonis
2025-01-17 22:50:55 WARNING::Fitting problem for feature 29 returning NA
2025-01-17 22:50:55 INFO::Fitting model to feature number 30, Faecalibacterium_prausnitzii
2025-01-17 22:50:55 WARNING::Fitting problem for feature 30 returning NA
2025-01-17 22:50:55 INFO::Fitting model to feature number 31, Roseburia_faecis
2025-01-17 22:50:55 WARNING::Fitting problem for feature 31 returning NA
2025-01-17 22:50:55 INFO::Fitting model to feature number 32, Coprococcus_comes
2025-01-17 22:50:55 WARNING::Fitting problem for feature 32 returning NA
2025-01-17 22:50:55 INFO::Fitting model to feature number 33, Barnesiella_intestinihominis
2025-01-17 22:50:55 WARNING::Fitting problem for feature 33 returning NA
2025-01-17 22:50:55 INFO::Fitting model to feature number 34, GGB3746_SGB5089
2025-01-17 22:50:55 WARNING::Fitting problem for feature 34 returning NA
2025-01-17 22:50:55 INFO::Fitting model to feature number 35, Intestinibacter_bartlettii
2025-01-17 22:50:55 WARNING::Fitting problem for feature 35 returning NA
2025-01-17 22:50:55 INFO::Fitting model to feature number 36, Desulfovibrio_SGB5077
2025-01-17 22:50:55 WARNING::Fitting problem for feature 36 returning NA
2025-01-17 22:50:55 INFO::Fitting model to feature number 37, Firmicutes_bacterium_AF16_15
2025-01-17 22:50:55 WARNING::Fitting problem for feature 37 returning NA
2025-01-17 22:50:55 INFO::Fitting model to feature number 38, Bacteroides_caccae
2025-01-17 22:50:55 WARNING::Fitting problem for feature 38 returning NA
2025-01-17 22:50:55 INFO::Fitting model to feature number 39, Ruminococcus_torques
2025-01-17 22:50:55 WARNING::Fitting problem for feature 39 returning NA
2025-01-17 22:50:55 INFO::Fitting model to feature number 40, GGB9342_SGB14306
2025-01-17 22:50:55 WARNING::Fitting problem for feature 40 returning NA
2025-01-17 22:50:55 INFO::Fitting model to feature number 41, Clostridium_sp_AF12_28
2025-01-17 22:50:55 WARNING::Fitting problem for feature 41 returning NA
2025-01-17 22:50:55 INFO::Fitting model to feature number 42, Bacteroides_finegoldii
2025-01-17 22:50:55 WARNING::Fitting problem for feature 42 returning NA
2025-01-17 22:50:55 INFO::Fitting model to feature number 43, Dorea_formicigenerans
2025-01-17 22:50:55 WARNING::Fitting problem for feature 43 returning NA
2025-01-17 22:50:55 INFO::Fitting model to feature number 44, Veillonella_rogosae
2025-01-17 22:50:55 WARNING::Fitting problem for feature 44 returning NA
2025-01-17 22:50:55 INFO::Fitting model to feature number 45, Clostridium_sp_1001270J_160509_D11
2025-01-17 22:50:55 WARNING::Fitting problem for feature 45 returning NA
2025-01-17 22:50:55 INFO::Fitting model to feature number 46, Phocaeicola_dorei
2025-01-17 22:50:55 WARNING::Fitting problem for feature 46 returning NA
2025-01-17 22:50:55 INFO::Fitting model to feature number 47, Ruminococcus_bicirculans
2025-01-17 22:50:55 WARNING::Fitting problem for feature 47 returning NA
2025-01-17 22:50:55 INFO::Fitting model to feature number 48, Bacteroides_ovatus
2025-01-17 22:50:55 WARNING::Fitting problem for feature 48 returning NA
2025-01-17 22:50:55 INFO::Fitting model to feature number 49, Lachnospiraceae_bacterium
2025-01-17 22:50:55 WARNING::Fitting problem for feature 49 returning NA
2025-01-17 22:50:55 INFO::Fitting model to feature number 50, Faecalibacillus_intestinalis
2025-01-17 22:50:55 WARNING::Fitting problem for feature 50 returning NA
2025-01-17 22:50:55 INFO::Fitting model to feature number 51, Blautia_wexlerae
2025-01-17 22:50:55 WARNING::Fitting problem for feature 51 returning NA
2025-01-17 22:50:55 INFO::Fitting model to feature number 52, Eubacterium_siraeum
2025-01-17 22:50:55 WARNING::Fitting problem for feature 52 returning NA
2025-01-17 22:50:55 INFO::Fitting model to feature number 53, Eubacteriaceae_bacterium
2025-01-17 22:50:55 WARNING::Fitting problem for feature 53 returning NA
2025-01-17 22:50:55 INFO::Fitting model to feature number 54, GGB3653_SGB4964
2025-01-17 22:50:55 WARNING::Fitting problem for feature 54 returning NA
2025-01-17 22:50:55 INFO::Fitting model to feature number 55, Staphylococcus_SGB6340
2025-01-17 22:50:55 WARNING::Fitting problem for feature 55 returning NA
2025-01-17 22:50:55 INFO::Fitting model to feature number 56, Parabacteroides_merdae
2025-01-17 22:50:55 WARNING::Fitting problem for feature 56 returning NA
2025-01-17 22:50:55 INFO::Fitting model to feature number 57, Phascolarctobacterium_faecium
2025-01-17 22:50:55 WARNING::Fitting problem for feature 57 returning NA
2025-01-17 22:50:55 INFO::Fitting model to feature number 58, Clostridiaceae_bacterium
2025-01-17 22:50:55 WARNING::Fitting problem for feature 58 returning NA
2025-01-17 22:50:55 INFO::Fitting model to feature number 59, Faecalicatena_fissicatena
2025-01-17 22:50:55 WARNING::Fitting problem for feature 59 returning NA
2025-01-17 22:50:55 INFO::Fitting model to feature number 60, GGB51269_SGB5062
2025-01-17 22:50:56 WARNING::Fitting problem for feature 60 returning NA
2025-01-17 22:50:56 INFO::Fitting model to feature number 61, Blautia_sp_Marseille_P3087
2025-01-17 22:50:56 WARNING::Fitting problem for feature 61 returning NA
2025-01-17 22:50:56 INFO::Fitting model to feature number 62, Butyricimonas_virosa
2025-01-17 22:50:56 WARNING::Fitting problem for feature 62 returning NA
2025-01-17 22:50:56 INFO::Fitting model to feature number 63, Escherichia_coli
2025-01-17 22:50:56 WARNING::Fitting problem for feature 63 returning NA
2025-01-17 22:50:56 INFO::Fitting model to feature number 64, Bacteroides_stercoris
2025-01-17 22:50:56 WARNING::Fitting problem for feature 64 returning NA
2025-01-17 22:50:56 INFO::Fitting model to feature number 65, GGB9747_SGB15356
2025-01-17 22:50:56 WARNING::Fitting problem for feature 65 returning NA
2025-01-17 22:50:56 INFO::Fitting model to feature number 66, Clostridiales_bacterium_KLE1615
2025-01-17 22:50:56 WARNING::Fitting problem for feature 66 returning NA
2025-01-17 22:50:56 INFO::Fitting model to feature number 67, Blautia_faecis
2025-01-17 22:50:56 WARNING::Fitting problem for feature 67 returning NA
2025-01-17 22:50:56 INFO::Fitting model to feature number 68, GGB9512_SGB14909
2025-01-17 22:50:56 WARNING::Fitting problem for feature 68 returning NA
2025-01-17 22:50:56 INFO::Fitting model to feature number 69, Candidatus_Cibionibacter_quicibialis
2025-01-17 22:50:56 WARNING::Fitting problem for feature 69 returning NA
2025-01-17 22:50:56 INFO::Fitting model to feature number 70, Blautia_obeum
2025-01-17 22:50:56 WARNING::Fitting problem for feature 70 returning NA
2025-01-17 22:50:56 INFO::Fitting model to feature number 71, Anaerostipes_hadrus
2025-01-17 22:50:56 WARNING::Fitting problem for feature 71 returning NA
2025-01-17 22:50:56 INFO::Fitting model to feature number 72, Lachnospiraceae_bacterium_AM48_27BH
2025-01-17 22:50:56 WARNING::Fitting problem for feature 72 returning NA
2025-01-17 22:50:56 INFO::Fitting model to feature number 73, Bacteroides_salyersiae
2025-01-17 22:50:56 WARNING::Fitting problem for feature 73 returning NA
2025-01-17 22:50:56 INFO::Fitting model to feature number 74, Fusicatenibacter_saccharivorans
2025-01-17 22:50:56 WARNING::Fitting problem for feature 74 returning NA
2025-01-17 22:50:56 INFO::Fitting model to feature number 75, Anaerobutyricum_hallii
2025-01-17 22:50:56 WARNING::Fitting problem for feature 75 returning NA
2025-01-17 22:50:56 INFO::Fitting model to feature number 76, Clostridium_fessum
2025-01-17 22:50:56 WARNING::Fitting problem for feature 76 returning NA
2025-01-17 22:50:56 INFO::Fitting model to feature number 77, Lachnospira_eligens
2025-01-17 22:50:56 WARNING::Fitting problem for feature 77 returning NA
2025-01-17 22:50:56 INFO::Fitting model to feature number 78, Clostridium_sp_AF34_10BH
2025-01-17 22:50:56 WARNING::Fitting problem for feature 78 returning NA
2025-01-17 22:50:56 INFO::Fitting model to feature number 79, Eubacterium_sp_AF16_48
2025-01-17 22:50:56 WARNING::Fitting problem for feature 79 returning NA
2025-01-17 22:50:56 INFO::Fitting model to feature number 80, Lachnospiraceae_bacterium_BX3
2025-01-17 22:50:56 WARNING::Fitting problem for feature 80 returning NA
2025-01-17 22:50:56 INFO::Fitting model to feature number 81, Streptococcus_salivarius
2025-01-17 22:50:56 WARNING::Fitting problem for feature 81 returning NA
2025-01-17 22:50:56 INFO::Fitting model to feature number 82, Clostridiaceae_unclassified_SGB4771
2025-01-17 22:50:56 WARNING::Fitting problem for feature 82 returning NA
2025-01-17 22:50:56 INFO::Fitting model to feature number 83, Haemophilus_parainfluenzae
2025-01-17 22:50:56 WARNING::Fitting problem for feature 83 returning NA
2025-01-17 22:50:56 INFO::Fitting model to feature number 84, Bacteroides_clarus
2025-01-17 22:50:56 WARNING::Fitting problem for feature 84 returning NA
2025-01-17 22:50:56 INFO::Fitting model to feature number 85, Roseburia_hominis
2025-01-17 22:50:56 WARNING::Fitting problem for feature 85 returning NA
2025-01-17 22:50:56 INFO::Fitting model to feature number 86, Blautia_SGB4815
2025-01-17 22:50:56 WARNING::Fitting problem for feature 86 returning NA
2025-01-17 22:50:56 INFO::Fitting model to feature number 87, Parasutterella_excrementihominis
2025-01-17 22:50:56 WARNING::Fitting problem for feature 87 returning NA
2025-01-17 22:50:56 INFO::Fitting model to feature number 88, GGB9712_SGB15244
2025-01-17 22:50:56 WARNING::Fitting problem for feature 88 returning NA
2025-01-17 22:50:56 INFO::Fitting model to feature number 89, Clostridium_sp_AF20_17LB
2025-01-17 22:50:56 WARNING::Fitting problem for feature 89 returning NA
2025-01-17 22:50:56 INFO::Fitting model to feature number 90, Clostridium_sp_AM22_11AC
2025-01-17 22:50:56 WARNING::Fitting problem for feature 90 returning NA
2025-01-17 22:50:56 INFO::Fitting model to feature number 91, Clostridiaceae_bacterium_AF18_31LB
2025-01-17 22:50:57 WARNING::Fitting problem for feature 91 returning NA
2025-01-17 22:50:57 INFO::Fitting model to feature number 92, Clostridiaceae_bacterium_Marseille_Q4149
2025-01-17 22:50:57 WARNING::Fitting problem for feature 92 returning NA
2025-01-17 22:50:57 INFO::Fitting model to feature number 93, Collinsella_SGB14861
2025-01-17 22:50:57 WARNING::Fitting problem for feature 93 returning NA
2025-01-17 22:50:57 INFO::Fitting model to feature number 94, Lacrimispora_celerecrescens
2025-01-17 22:50:57 WARNING::Fitting problem for feature 94 returning NA
2025-01-17 22:50:57 INFO::Fitting model to feature number 95, Roseburia_sp_AM16_25
2025-01-17 22:50:57 WARNING::Fitting problem for feature 95 returning NA
2025-01-17 22:50:57 INFO::Fitting model to feature number 96, Clostridium_sp_AF36_4
2025-01-17 22:50:57 WARNING::Fitting problem for feature 96 returning NA
2025-01-17 22:50:57 INFO::Fitting model to feature number 97, Oscillospiraceae_bacterium_Marseille_Q3528
2025-01-17 22:50:57 WARNING::Fitting problem for feature 97 returning NA
2025-01-17 22:50:57 INFO::Fitting model to feature number 98, Dysosmobacter_sp_BX15
2025-01-17 22:50:57 WARNING::Fitting problem for feature 98 returning NA
2025-01-17 22:50:57 INFO::Fitting model to feature number 99, Coprobacter_fastidiosus
2025-01-17 22:50:57 WARNING::Fitting problem for feature 99 returning NA
2025-01-17 22:50:57 INFO::Fitting model to feature number 100, Coprococcus_catus
2025-01-17 22:50:57 WARNING::Fitting problem for feature 100 returning NA
2025-01-17 22:50:57 INFO::Fitting model to feature number 101, Butyricicoccus_sp_AM29_23AC
2025-01-17 22:50:57 WARNING::Fitting problem for feature 101 returning NA
2025-01-17 22:50:57 INFO::Fitting model to feature number 102, Dorea_sp_AF24_7LB
2025-01-17 22:50:57 WARNING::Fitting problem for feature 102 returning NA
2025-01-17 22:50:57 INFO::Fitting model to feature number 103, GGB2982_SGB3964
2025-01-17 22:50:57 WARNING::Fitting problem for feature 103 returning NA
2025-01-17 22:50:57 INFO::Fitting model to feature number 104, Faecalibacterium_SGB15346
2025-01-17 22:50:57 WARNING::Fitting problem for feature 104 returning NA
2025-01-17 22:50:57 INFO::Fitting model to feature number 105, Catenibacterium_SGB4425
2025-01-17 22:50:57 WARNING::Fitting problem for feature 105 returning NA
2025-01-17 22:50:57 INFO::Fitting model to feature number 106, Clostridium_sp_AF34_13
2025-01-17 22:50:57 WARNING::Fitting problem for feature 106 returning NA
2025-01-17 22:50:57 INFO::Fitting model to feature number 107, Eubacterium_ramulus
2025-01-17 22:50:57 WARNING::Fitting problem for feature 107 returning NA
2025-01-17 22:50:57 INFO::Fitting model to feature number 108, Alistipes_shahii
2025-01-17 22:50:57 WARNING::Fitting problem for feature 108 returning NA
2025-01-17 22:50:57 INFO::Fitting model to feature number 109, GGB80011_SGB15267
2025-01-17 22:50:57 WARNING::Fitting problem for feature 109 returning NA
2025-01-17 22:50:57 INFO::Fitting model to feature number 110, GGB2653_SGB3574
2025-01-17 22:50:57 WARNING::Fitting problem for feature 110 returning NA
2025-01-17 22:50:57 INFO::Fitting model to feature number 111, Clostridium_sp_AM33_3
2025-01-17 22:50:57 WARNING::Fitting problem for feature 111 returning NA
2025-01-17 22:50:57 INFO::Fitting model to feature number 112, Blautia_massiliensis
2025-01-17 22:50:57 WARNING::Fitting problem for feature 112 returning NA
2025-01-17 22:50:57 INFO::Fitting model to feature number 113, GGB9708_SGB15233
2025-01-17 22:50:57 WARNING::Fitting problem for feature 113 returning NA
2025-01-17 22:50:57 INFO::Fitting model to feature number 114, Lacrimispora_amygdalina
2025-01-17 22:50:57 WARNING::Fitting problem for feature 114 returning NA
2025-01-17 22:50:57 INFO::Fitting model to feature number 115, Blautia_glucerasea
2025-01-17 22:50:57 WARNING::Fitting problem for feature 115 returning NA
2025-01-17 22:50:57 INFO::Fitting model to feature number 116, Agathobaculum_butyriciproducens
2025-01-17 22:50:57 WARNING::Fitting problem for feature 116 returning NA
2025-01-17 22:50:57 INFO::Fitting model to feature number 117, Alistipes_onderdonkii
2025-01-17 22:50:57 WARNING::Fitting problem for feature 117 returning NA
2025-01-17 22:50:57 INFO::Fitting model to feature number 118, Clostridiaceae_bacterium_Marseille_Q4143
2025-01-17 22:50:57 WARNING::Fitting problem for feature 118 returning NA
2025-01-17 22:50:57 INFO::Fitting model to feature number 119, GGB33469_SGB15236
2025-01-17 22:50:57 WARNING::Fitting problem for feature 119 returning NA
2025-01-17 22:50:57 INFO::Fitting model to feature number 120, Turicibacter_bilis
2025-01-17 22:50:57 WARNING::Fitting problem for feature 120 returning NA
2025-01-17 22:50:57 INFO::Fitting model to feature number 121, GGB79734_SGB15291
2025-01-17 22:50:57 WARNING::Fitting problem for feature 121 returning NA
2025-01-17 22:50:57 INFO::Fitting model to feature number 122, Hydrogenoanaerobacterium_saccharovorans
2025-01-17 22:50:57 WARNING::Fitting problem for feature 122 returning NA
2025-01-17 22:50:57 INFO::Fitting model to feature number 123, Blautia_luti
2025-01-17 22:50:57 WARNING::Fitting problem for feature 123 returning NA
2025-01-17 22:50:57 INFO::Fitting model to feature number 124, Oscillibacter_sp_ER4
2025-01-17 22:50:57 WARNING::Fitting problem for feature 124 returning NA
2025-01-17 22:50:57 INFO::Fitting model to feature number 125, Clostridiaceae_bacterium_Marseille_Q4145
2025-01-17 22:50:57 WARNING::Fitting problem for feature 125 returning NA
2025-01-17 22:50:57 INFO::Fitting model to feature number 126, Clostridiales_Family_XIII_bacterium_BX16
2025-01-17 22:50:57 WARNING::Fitting problem for feature 126 returning NA
2025-01-17 22:50:57 INFO::Fitting model to feature number 127, GGB9713_SGB15249
2025-01-17 22:50:57 WARNING::Fitting problem for feature 127 returning NA
2025-01-17 22:50:57 INFO::Fitting model to feature number 128, Klebsiella_pneumoniae
2025-01-17 22:50:57 WARNING::Fitting problem for feature 128 returning NA
2025-01-17 22:50:57 INFO::Fitting model to feature number 129, Roseburia_sp_AF02_12
2025-01-17 22:50:57 WARNING::Fitting problem for feature 129 returning NA
2025-01-17 22:50:57 INFO::Fitting model to feature number 130, Waltera_intestinalis
2025-01-17 22:50:57 WARNING::Fitting problem for feature 130 returning NA
2025-01-17 22:50:57 INFO::Fitting model to feature number 131, Dorea_sp_AF36_15AT
2025-01-17 22:50:57 WARNING::Fitting problem for feature 131 returning NA
2025-01-17 22:50:57 INFO::Fitting model to feature number 132, Bilophila_wadsworthia
2025-01-17 22:50:57 WARNING::Fitting problem for feature 132 returning NA
2025-01-17 22:50:57 INFO::Fitting model to feature number 133, Romboutsia_timonensis
2025-01-17 22:50:57 WARNING::Fitting problem for feature 133 returning NA
2025-01-17 22:50:57 INFO::Fitting model to feature number 134, GGB9559_SGB14969
2025-01-17 22:50:57 WARNING::Fitting problem for feature 134 returning NA
2025-01-17 22:50:57 INFO::Fitting model to feature number 135, Clostridium_SGB4751
2025-01-17 22:50:57 WARNING::Fitting problem for feature 135 returning NA
2025-01-17 22:50:57 INFO::Fitting model to feature number 136, Lachnospiraceae_bacterium_Marseille_Q4251
2025-01-17 22:50:57 WARNING::Fitting problem for feature 136 returning NA
2025-01-17 22:50:57 INFO::Fitting model to feature number 137, Bifidobacterium_longum
2025-01-17 22:50:57 WARNING::Fitting problem for feature 137 returning NA
2025-01-17 22:50:57 INFO::Fitting model to feature number 138, Negativibacillus_massiliensis
2025-01-17 22:50:57 WARNING::Fitting problem for feature 138 returning NA
2025-01-17 22:50:57 INFO::Fitting model to feature number 139, GGB9699_SGB15216
2025-01-17 22:50:57 WARNING::Fitting problem for feature 139 returning NA
2025-01-17 22:50:57 INFO::Fitting model to feature number 140, Sutterella_wadsworthensis
2025-01-17 22:50:57 WARNING::Fitting problem for feature 140 returning NA
2025-01-17 22:50:57 INFO::Fitting model to feature number 141, Lachnospiraceae_bacterium_OM04_12BH
2025-01-17 22:50:57 WARNING::Fitting problem for feature 141 returning NA
2025-01-17 22:50:57 INFO::Fitting model to feature number 142, GGB9293_SGB14250
2025-01-17 22:50:58 WARNING::Fitting problem for feature 142 returning NA
2025-01-17 22:50:58 INFO::Fitting model to feature number 143, Clostridium_SGB4750
2025-01-17 22:50:58 WARNING::Fitting problem for feature 143 returning NA
2025-01-17 22:50:58 INFO::Fitting model to feature number 144, GGB9707_SGB15229
2025-01-17 22:50:58 WARNING::Fitting problem for feature 144 returning NA
2025-01-17 22:50:58 INFO::Fitting model to feature number 145, Roseburia_intestinalis
2025-01-17 22:50:58 WARNING::Fitting problem for feature 145 returning NA
2025-01-17 22:50:58 INFO::Fitting model to feature number 146, GGB9608_SGB15041
2025-01-17 22:50:58 WARNING::Fitting problem for feature 146 returning NA
2025-01-17 22:50:58 INFO::Fitting model to feature number 147, GGB9760_SGB15374
2025-01-17 22:50:58 WARNING::Fitting problem for feature 147 returning NA
2025-01-17 22:50:58 INFO::Fitting model to feature number 148, Butyricimonas_paravirosa
2025-01-17 22:50:58 WARNING::Fitting problem for feature 148 returning NA
2025-01-17 22:50:58 INFO::Fitting model to feature number 149, Alistipes_communis
2025-01-17 22:50:58 WARNING::Fitting problem for feature 149 returning NA
2025-01-17 22:50:58 INFO::Fitting model to feature number 150, Bifidobacterium_adolescentis
2025-01-17 22:50:58 WARNING::Fitting problem for feature 150 returning NA
2025-01-17 22:50:58 INFO::Fitting model to feature number 151, Prevotella_copri_clade_C
2025-01-17 22:50:58 WARNING::Fitting problem for feature 151 returning NA
2025-01-17 22:50:58 INFO::Fitting model to feature number 152, Bifidobacterium_bifidum
2025-01-17 22:50:58 WARNING::Fitting problem for feature 152 returning NA
2025-01-17 22:50:58 INFO::Fitting model to feature number 153, Ruminococcus_callidus
2025-01-17 22:50:58 WARNING::Fitting problem for feature 153 returning NA
2025-01-17 22:50:58 INFO::Fitting model to feature number 154, Prevotella_copri_clade_A
2025-01-17 22:50:58 WARNING::Fitting problem for feature 154 returning NA
2025-01-17 22:50:58 INFO::Fitting model to feature number 155, Collinsella_aerofaciens
2025-01-17 22:50:58 WARNING::Fitting problem for feature 155 returning NA
2025-01-17 22:50:58 INFO::Fitting model to feature number 156, Gemmiger_formicilis
2025-01-17 22:50:58 WARNING::Fitting problem for feature 156 returning NA
2025-01-17 22:50:58 INFO::Fitting model to feature number 157, Bacteroides_thetaiotaomicron
2025-01-17 22:50:58 WARNING::Fitting problem for feature 157 returning NA
2025-01-17 22:50:58 INFO::Fitting model to feature number 158, Bacteroides_fragilis
2025-01-17 22:50:58 WARNING::Fitting problem for feature 158 returning NA
2025-01-17 22:50:58 INFO::Fitting model to feature number 159, GGB9760_SGB15373
2025-01-17 22:50:58 WARNING::Fitting problem for feature 159 returning NA
2025-01-17 22:50:58 INFO::Fitting model to feature number 160, Anaerotignum_faecicola
2025-01-17 22:50:58 WARNING::Fitting problem for feature 160 returning NA
2025-01-17 22:50:58 INFO::Fitting model to feature number 161, GGB13493_SGB15238
2025-01-17 22:50:58 WARNING::Fitting problem for feature 161 returning NA
2025-01-17 22:50:58 INFO::Fitting model to feature number 162, GGB9759_SGB15370
2025-01-17 22:50:58 WARNING::Fitting problem for feature 162 returning NA
2025-01-17 22:50:58 INFO::Fitting model to feature number 163, Alistipes_senegalensis
2025-01-17 22:50:58 WARNING::Fitting problem for feature 163 returning NA
2025-01-17 22:50:58 INFO::Fitting model to feature number 164, Desulfovibrio_SGB5076
2025-01-17 22:50:58 WARNING::Fitting problem for feature 164 returning NA
2025-01-17 22:50:58 INFO::Fitting model to feature number 165, GGB33928_SGB15225
2025-01-17 22:50:58 WARNING::Fitting problem for feature 165 returning NA
2025-01-17 22:50:58 INFO::Fitting model to feature number 166, Alistipes_indistinctus
2025-01-17 22:50:58 WARNING::Fitting problem for feature 166 returning NA
2025-01-17 22:50:58 INFO::Fitting model to feature number 167, Slackia_isoflavoniconvertens
2025-01-17 22:50:58 WARNING::Fitting problem for feature 167 returning NA
2025-01-17 22:50:58 INFO::Fitting model to feature number 168, Ruminococcus_sp_AF41_9
2025-01-17 22:50:58 WARNING::Fitting problem for feature 168 returning NA
2025-01-17 22:50:58 INFO::Fitting model to feature number 169, Streptococcus_parasanguinis
2025-01-17 22:50:58 WARNING::Fitting problem for feature 169 returning NA
2025-01-17 22:50:58 INFO::Fitting model to feature number 170, GGB9627_SGB15081
2025-01-17 22:50:58 WARNING::Fitting problem for feature 170 returning NA
2025-01-17 22:50:58 INFO::Fitting model to feature number 171, Clostridiales_bacterium
2025-01-17 22:50:58 WARNING::Fitting problem for feature 171 returning NA
2025-01-17 22:50:58 INFO::Fitting model to feature number 172, Eubacteriales_unclassified_SGB15145
2025-01-17 22:50:58 WARNING::Fitting problem for feature 172 returning NA
2025-01-17 22:50:58 INFO::Fitting model to feature number 173, GGB80011_SGB15265
2025-01-17 22:50:58 WARNING::Fitting problem for feature 173 returning NA
2025-01-17 22:50:58 INFO::Fitting model to feature number 174, GGB2998_SGB3988
2025-01-17 22:50:58 WARNING::Fitting problem for feature 174 returning NA
2025-01-17 22:50:58 INFO::Fitting model to feature number 175, GGB9614_SGB15049
2025-01-17 22:50:58 WARNING::Fitting problem for feature 175 returning NA
2025-01-17 22:50:58 INFO::Fitting model to feature number 176, Rheinheimera_SGB14999
2025-01-17 22:50:58 WARNING::Fitting problem for feature 176 returning NA
2025-01-17 22:50:58 INFO::Fitting model to feature number 177, Vescimonas_coprocola
2025-01-17 22:50:58 WARNING::Fitting problem for feature 177 returning NA
2025-01-17 22:50:58 INFO::Fitting model to feature number 178, Flavonifractor_plautii
2025-01-17 22:50:58 WARNING::Fitting problem for feature 178 returning NA
2025-01-17 22:50:58 INFO::Fitting model to feature number 179, Collinsella_SGB4121
2025-01-17 22:50:58 WARNING::Fitting problem for feature 179 returning NA
2025-01-17 22:50:58 INFO::Fitting model to feature number 180, Veillonella_dispar
2025-01-17 22:50:58 WARNING::Fitting problem for feature 180 returning NA
2025-01-17 22:50:58 INFO::Fitting model to feature number 181, GGB9616_SGB15051
2025-01-17 22:50:58 WARNING::Fitting problem for feature 181 returning NA
2025-01-17 22:50:58 INFO::Fitting model to feature number 182, Anaerotruncus_colihominis
2025-01-17 22:50:58 WARNING::Fitting problem for feature 182 returning NA
2025-01-17 22:50:58 INFO::Fitting model to feature number 183, Rothia_mucilaginosa
2025-01-17 22:50:58 WARNING::Fitting problem for feature 183 returning NA
2025-01-17 22:50:58 INFO::Fitting model to feature number 184, Veillonella_parvula
2025-01-17 22:50:58 WARNING::Fitting problem for feature 184 returning NA
2025-01-17 22:50:58 INFO::Fitting model to feature number 185, Gemmiger_SGB15295
2025-01-17 22:50:58 WARNING::Fitting problem for feature 185 returning NA
2025-01-17 22:50:58 INFO::Fitting model to feature number 186, Dysosmobacter_welbionis
2025-01-17 22:50:58 WARNING::Fitting problem for feature 186 returning NA
2025-01-17 22:50:58 INFO::Fitting model to feature number 187, Clostridium_leptum
2025-01-17 22:50:58 WARNING::Fitting problem for feature 187 returning NA
2025-01-17 22:50:58 INFO::Fitting model to feature number 188, Streptococcus_infantis
2025-01-17 22:50:58 WARNING::Fitting problem for feature 188 returning NA
2025-01-17 22:50:58 INFO::Fitting model to feature number 189, Veillonella_atypica
2025-01-17 22:50:58 WARNING::Fitting problem for feature 189 returning NA
2025-01-17 22:50:58 INFO::Fitting model to feature number 190, Eggerthella_lenta
2025-01-17 22:50:58 WARNING::Fitting problem for feature 190 returning NA
2025-01-17 22:50:58 INFO::Fitting model to feature number 191, Bifidobacterium_pseudocatenulatum
2025-01-17 22:50:58 WARNING::Fitting problem for feature 191 returning NA
2025-01-17 22:50:58 INFO::Fitting model to feature number 192, GGB3278_SGB4328
2025-01-17 22:50:58 WARNING::Fitting problem for feature 192 returning NA
2025-01-17 22:50:58 INFO::Fitting model to feature number 193, Prevotella_stercorea
2025-01-17 22:50:58 WARNING::Fitting problem for feature 193 returning NA
2025-01-17 22:50:58 INFO::Fitting model to feature number 194, GGB3304_SGB4367
2025-01-17 22:50:58 WARNING::Fitting problem for feature 194 returning NA
2025-01-17 22:50:58 INFO::Fitting model to feature number 195, Phocaeicola_plebeius
2025-01-17 22:50:58 WARNING::Fitting problem for feature 195 returning NA
2025-01-17 22:50:58 INFO::Fitting model to feature number 196, Lachnospira_pectinoschiza
2025-01-17 22:50:58 WARNING::Fitting problem for feature 196 returning NA
2025-01-17 22:50:58 INFO::Fitting model to feature number 197, GGB51647_SGB4348
2025-01-17 22:50:58 WARNING::Fitting problem for feature 197 returning NA
2025-01-17 22:50:58 INFO::Fitting model to feature number 198, Butyricimonas_faecihominis
2025-01-17 22:50:58 WARNING::Fitting problem for feature 198 returning NA
2025-01-17 22:50:58 INFO::Fitting model to feature number 199, GGB3109_SGB4119
2025-01-17 22:50:58 WARNING::Fitting problem for feature 199 returning NA
2025-01-17 22:50:58 INFO::Fitting model to feature number 200, Lawsonibacter_asaccharolyticus
2025-01-17 22:50:58 WARNING::Fitting problem for feature 200 returning NA
2025-01-17 22:50:59 INFO::Fitting model to feature number 201, GGB6569_SGB9281
2025-01-17 22:50:59 WARNING::Fitting problem for feature 201 returning NA
2025-01-17 22:50:59 INFO::Fitting model to feature number 202, Dysosmobacter_sp_NSJ_60
2025-01-17 22:50:59 WARNING::Fitting problem for feature 202 returning NA
2025-01-17 22:50:59 INFO::Fitting model to feature number 203, Intestinimonas_butyriciproducens
2025-01-17 22:50:59 WARNING::Fitting problem for feature 203 returning NA
2025-01-17 22:50:59 INFO::Fitting model to feature number 204, Enterocloster_citroniae
2025-01-17 22:50:59 WARNING::Fitting problem for feature 204 returning NA
2025-01-17 22:50:59 INFO::Fitting model to feature number 205, Hungatella_hathewayi
2025-01-17 22:50:59 WARNING::Fitting problem for feature 205 returning NA
2025-01-17 22:50:59 INFO::Fitting model to feature number 206, GGB9708_SGB15234
2025-01-17 22:50:59 WARNING::Fitting problem for feature 206 returning NA
2025-01-17 22:50:59 INFO::Fitting model to feature number 207, Faecalibacillus_faecis
2025-01-17 22:50:59 WARNING::Fitting problem for feature 207 returning NA
2025-01-17 22:50:59 INFO::Fitting model to feature number 208, Streptococcus_gordonii
2025-01-17 22:50:59 WARNING::Fitting problem for feature 208 returning NA
2025-01-17 22:50:59 INFO::Fitting model to feature number 209, GGB9524_SGB14924
2025-01-17 22:50:59 WARNING::Fitting problem for feature 209 returning NA
2025-01-17 22:50:59 INFO::Fitting model to feature number 210, GGB3321_SGB4394
2025-01-17 22:50:59 WARNING::Fitting problem for feature 210 returning NA
2025-01-17 22:50:59 INFO::Fitting model to feature number 211, Streptococcus_mitis
2025-01-17 22:50:59 WARNING::Fitting problem for feature 211 returning NA
2025-01-17 22:50:59 INFO::Fitting model to feature number 212, Enterocloster_aldenensis
2025-01-17 22:50:59 WARNING::Fitting problem for feature 212 returning NA
2025-01-17 22:50:59 INFO::Fitting model to feature number 213, GGB9534_SGB14937
2025-01-17 22:50:59 WARNING::Fitting problem for feature 213 returning NA
2025-01-17 22:50:59 INFO::Fitting model to feature number 214, Streptococcus_australis
2025-01-17 22:50:59 WARNING::Fitting problem for feature 214 returning NA
2025-01-17 22:50:59 INFO::Fitting model to feature number 215, Ruthenibacterium_lactatiformans
2025-01-17 22:50:59 WARNING::Fitting problem for feature 215 returning NA
2025-01-17 22:50:59 INFO::Fitting model to feature number 216, Enterocloster_bolteae
2025-01-17 22:50:59 WARNING::Fitting problem for feature 216 returning NA
2025-01-17 22:50:59 INFO::Fitting model to feature number 217, Clostridium_butyricum
2025-01-17 22:50:59 WARNING::Fitting problem for feature 217 returning NA
2025-01-17 22:50:59 INFO::Fitting model to feature number 218, Allisonella_histaminiformans
2025-01-17 22:50:59 WARNING::Fitting problem for feature 218 returning NA
2025-01-17 22:50:59 INFO::Fitting model to feature number 219, GGB9619_SGB15067
2025-01-17 22:50:59 WARNING::Fitting problem for feature 219 returning NA
2025-01-17 22:50:59 INFO::Fitting model to feature number 220, Streptococcus_anginosus
2025-01-17 22:50:59 WARNING::Fitting problem for feature 220 returning NA
2025-01-17 22:50:59 INFO::Fitting model to feature number 221, Clostridium_symbiosum
2025-01-17 22:50:59 WARNING::Fitting problem for feature 221 returning NA
2025-01-17 22:50:59 INFO::Fitting model to feature number 222, Eisenbergiella_tayi
2025-01-17 22:50:59 WARNING::Fitting problem for feature 222 returning NA
2025-01-17 22:50:59 INFO::Fitting model to feature number 223, Granulicatella_SGB8255
2025-01-17 22:50:59 WARNING::Fitting problem for feature 223 returning NA
2025-01-17 22:50:59 INFO::Fitting model to feature number 224, Clostridium_scindens
2025-01-17 22:50:59 WARNING::Fitting problem for feature 224 returning NA
2025-01-17 22:50:59 INFO::Fitting model to feature number 225, GGB9719_SGB15272
2025-01-17 22:50:59 WARNING::Fitting problem for feature 225 returning NA
2025-01-17 22:50:59 INFO::Fitting model to feature number 226, Clostridium_SGB6179
2025-01-17 22:50:59 WARNING::Fitting problem for feature 226 returning NA
2025-01-17 22:50:59 INFO::Fitting model to feature number 227, Bacteroides_nordii
2025-01-17 22:50:59 WARNING::Fitting problem for feature 227 returning NA
2025-01-17 22:50:59 INFO::Fitting model to feature number 228, Erysipelatoclostridium_ramosum
2025-01-17 22:50:59 WARNING::Fitting problem for feature 228 returning NA
2025-01-17 22:51:00 INFO::Fitting model to feature number 229, GGB9593_SGB15015
2025-01-17 22:51:00 WARNING::Fitting problem for feature 229 returning NA
2025-01-17 22:51:00 INFO::Fitting model to feature number 230, GGB9453_SGB14845
2025-01-17 22:51:00 WARNING::Fitting problem for feature 230 returning NA
2025-01-17 22:51:00 INFO::Fitting model to feature number 231, Anaeromassilibacillus_sp_An250
2025-01-17 22:51:00 WARNING::Fitting problem for feature 231 returning NA
2025-01-17 22:51:00 INFO::Fitting model to feature number 232, Bifidobacterium_dentium
2025-01-17 22:51:00 WARNING::Fitting problem for feature 232 returning NA
2025-01-17 22:51:00 INFO::Fitting model to feature number 233, Ruminococcus_sp_AF46_10NS
2025-01-17 22:51:00 WARNING::Fitting problem for feature 233 returning NA
2025-01-17 22:51:00 INFO::Fitting model to feature number 234, Ruminococcus_sp_BSD2780120874_150323_B10
2025-01-17 22:51:00 WARNING::Fitting problem for feature 234 returning NA
2025-01-17 22:51:00 INFO::Fitting model to feature number 235, Eubacterium_sp_AF34_35BH
2025-01-17 22:51:00 WARNING::Fitting problem for feature 235 returning NA
2025-01-17 22:51:00 INFO::Fitting model to feature number 236, Parabacteroides_goldsteinii
2025-01-17 22:51:00 WARNING::Fitting problem for feature 236 returning NA
2025-01-17 22:51:00 INFO::Fitting model to feature number 237, Adlercreutzia_equolifaciens
2025-01-17 22:51:00 WARNING::Fitting problem for feature 237 returning NA
2025-01-17 22:51:00 INFO::Fitting model to feature number 238, Alistipes_sp_AF17_16
2025-01-17 22:51:00 WARNING::Fitting problem for feature 238 returning NA
2025-01-17 22:51:00 INFO::Fitting model to feature number 239, Alistipes_finegoldii
2025-01-17 22:51:00 WARNING::Fitting problem for feature 239 returning NA
2025-01-17 22:51:00 INFO::Fitting model to feature number 240, Alistipes_ihumii
2025-01-17 22:51:00 WARNING::Fitting problem for feature 240 returning NA
2025-01-17 22:51:00 INFO::Fitting model to feature number 241, Evtepia_gabavorous
2025-01-17 22:51:00 WARNING::Fitting problem for feature 241 returning NA
2025-01-17 22:51:00 INFO::Fitting model to feature number 242, Ruminococcus_gnavus
2025-01-17 22:51:00 WARNING::Fitting problem for feature 242 returning NA
2025-01-17 22:51:00 INFO::Fitting model to feature number 243, Holdemania_filiformis
2025-01-17 22:51:00 WARNING::Fitting problem for feature 243 returning NA
2025-01-17 22:51:00 INFO::Fitting model to feature number 244, Mediterraneibacter_glycyrrhizinilyticus
2025-01-17 22:51:00 WARNING::Fitting problem for feature 244 returning NA
2025-01-17 22:51:00 INFO::Fitting model to feature number 245, Methylobacterium_SGB15164
2025-01-17 22:51:00 WARNING::Fitting problem for feature 245 returning NA
2025-01-17 22:51:00 INFO::Fitting model to feature number 246, Clostridium_sp_AT4
2025-01-17 22:51:00 WARNING::Fitting problem for feature 246 returning NA
2025-01-17 22:51:00 INFO::Fitting model to feature number 247, Eisenbergiella_massiliensis
2025-01-17 22:51:00 WARNING::Fitting problem for feature 247 returning NA
2025-01-17 22:51:00 INFO::Fitting model to feature number 248, Clostridia_bacterium_UC5_1_1D1
2025-01-17 22:51:00 WARNING::Fitting problem for feature 248 returning NA
2025-01-17 22:51:00 INFO::Fitting model to feature number 249, GGB1495_SGB2071
2025-01-17 22:51:00 WARNING::Fitting problem for feature 249 returning NA
2025-01-17 22:51:00 INFO::Fitting model to feature number 250, GGB3819_SGB5184
2025-01-17 22:51:00 WARNING::Fitting problem for feature 250 returning NA
2025-01-17 22:51:00 INFO::Fitting model to feature number 251, Butyricimonas_SGB15260
2025-01-17 22:51:00 WARNING::Fitting problem for feature 251 returning NA
2025-01-17 22:51:00 INFO::Fitting model to feature number 252, Phocaeicola_coprocola
2025-01-17 22:51:00 WARNING::Fitting problem for feature 252 returning NA
2025-01-17 22:51:00 INFO::Fitting model to feature number 253, Tyzzerella_nexilis
2025-01-17 22:51:00 WARNING::Fitting problem for feature 253 returning NA
2025-01-17 22:51:00 INFO::Fitting model to feature number 254, Bacteroides_eggerthii
2025-01-17 22:51:00 WARNING::Fitting problem for feature 254 returning NA
2025-01-17 22:51:00 INFO::Fitting model to feature number 255, Bacteroides_intestinalis
2025-01-17 22:51:00 WARNING::Fitting problem for feature 255 returning NA
2025-01-17 22:51:00 INFO::Fitting model to feature number 256, Butyricicoccus_SGB14990
2025-01-17 22:51:00 WARNING::Fitting problem for feature 256 returning NA
2025-01-17 22:51:00 INFO::Fitting model to feature number 257, Enterobacter_hormaechei
2025-01-17 22:51:00 WARNING::Fitting problem for feature 257 returning NA
2025-01-17 22:51:00 INFO::Fitting model to feature number 258, Parabacteroides_johnsonii
2025-01-17 22:51:00 WARNING::Fitting problem for feature 258 returning NA
2025-01-17 22:51:00 INFO::Fitting model to feature number 259, Sanguibacter_SGB15121
2025-01-17 22:51:00 WARNING::Fitting problem for feature 259 returning NA
2025-01-17 22:51:00 INFO::Fitting model to feature number 260, Vescimonas_SGB15087
2025-01-17 22:51:00 WARNING::Fitting problem for feature 260 returning NA
2025-01-17 22:51:00 INFO::Fitting model to feature number 261, Turicibacter_sanguinis
2025-01-17 22:51:00 WARNING::Fitting problem for feature 261 returning NA
2025-01-17 22:51:00 INFO::Fitting model to feature number 262, GGB9453_SGB14844
2025-01-17 22:51:00 WARNING::Fitting problem for feature 262 returning NA
2025-01-17 22:51:00 INFO::Fitting model to feature number 263, Merdimonas_faecis
2025-01-17 22:51:00 WARNING::Fitting problem for feature 263 returning NA
2025-01-17 22:51:00 INFO::Fitting model to feature number 264, Longicatena_caecimuris
2025-01-17 22:51:00 WARNING::Fitting problem for feature 264 returning NA
2025-01-17 22:51:00 INFO::Fitting model to feature number 265, Blautia_producta
2025-01-17 22:51:00 WARNING::Fitting problem for feature 265 returning NA
2025-01-17 22:51:00 INFO::Fitting model to feature number 266, Anaerostipes_caccae
2025-01-17 22:51:00 WARNING::Fitting problem for feature 266 returning NA
2025-01-17 22:51:00 INFO::Fitting model to feature number 267, Ruminococcus_SGB4421
2025-01-17 22:51:00 WARNING::Fitting problem for feature 267 returning NA
2025-01-17 22:51:00 INFO::Fitting model to feature number 268, GGB9697_SGB15213
2025-01-17 22:51:00 WARNING::Fitting problem for feature 268 returning NA
2025-01-17 22:51:00 INFO::Fitting model to feature number 269, Ligilactobacillus_salivarius
2025-01-17 22:51:00 WARNING::Fitting problem for feature 269 returning NA
2025-01-17 22:51:00 INFO::Fitting model to feature number 270, Megamonas_funiformis
2025-01-17 22:51:00 WARNING::Fitting problem for feature 270 returning NA
2025-01-17 22:51:00 INFO::Fitting model to feature number 271, Dialister_hominis
2025-01-17 22:51:00 WARNING::Fitting problem for feature 271 returning NA
2025-01-17 22:51:00 INFO::Fitting model to feature number 272, Veillonella_tobetsuensis
2025-01-17 22:51:00 WARNING::Fitting problem for feature 272 returning NA
2025-01-17 22:51:00 INFO::Fitting model to feature number 273, Citrobacter_freundii
2025-01-17 22:51:00 WARNING::Fitting problem for feature 273 returning NA
2025-01-17 22:51:00 INFO::Fitting model to feature number 274, Enterocloster_clostridioformis
2025-01-17 22:51:00 WARNING::Fitting problem for feature 274 returning NA
2025-01-17 22:51:00 INFO::Fitting model to feature number 275, Ruminococcus_sp_AF13_28
2025-01-17 22:51:00 WARNING::Fitting problem for feature 275 returning NA
2025-01-17 22:51:00 INFO::Fitting model to feature number 276, Megasphaera_micronuciformis
2025-01-17 22:51:00 WARNING::Fitting problem for feature 276 returning NA
2025-01-17 22:51:00 INFO::Fitting model to feature number 277, Clostridium_sp_AM42_4
2025-01-17 22:51:01 WARNING::Fitting problem for feature 277 returning NA
2025-01-17 22:51:01 INFO::Fitting model to feature number 278, Eubacterium_sp_NSJ_61
2025-01-17 22:51:01 WARNING::Fitting problem for feature 278 returning NA
2025-01-17 22:51:01 INFO::Counting total values for each feature
2025-01-17 22:51:01 INFO::Writing residuals to file G:/deeplearning/CRC/benchmarker/code/Meta_iTL/Result/feature//TL/Meta_iTL/FR-CRC_AT-CRC_ITA-CRC_JPN-CRC_US-CRC-2_US-CRC-3_CHN_SH-CRC-2_CHN_SH-CRC-3_CHN_WF-CRC/S0.4/CHN_SH-CRC-2_MaAslin/residuals.rds
2025-01-17 22:51:01 INFO::Writing fitted values to file G:/deeplearning/CRC/benchmarker/code/Meta_iTL/Result/feature//TL/Meta_iTL/FR-CRC_AT-CRC_ITA-CRC_JPN-CRC_US-CRC-2_US-CRC-3_CHN_SH-CRC-2_CHN_SH-CRC-3_CHN_WF-CRC/S0.4/CHN_SH-CRC-2_MaAslin/fitted.rds
2025-01-17 22:51:01 INFO::Writing all results to file (ordered by increasing q-values): G:/deeplearning/CRC/benchmarker/code/Meta_iTL/Result/feature//TL/Meta_iTL/FR-CRC_AT-CRC_ITA-CRC_JPN-CRC_US-CRC-2_US-CRC-3_CHN_SH-CRC-2_CHN_SH-CRC-3_CHN_WF-CRC/S0.4/CHN_SH-CRC-2_MaAslin/all_results.tsv
2025-01-17 22:51:01 INFO::Writing the significant results (those which are less than or equal to the threshold of 0.250000 ) to file (ordered by increasing q-values): G:/deeplearning/CRC/benchmarker/code/Meta_iTL/Result/feature//TL/Meta_iTL/FR-CRC_AT-CRC_ITA-CRC_JPN-CRC_US-CRC-2_US-CRC-3_CHN_SH-CRC-2_CHN_SH-CRC-3_CHN_WF-CRC/S0.4/CHN_SH-CRC-2_MaAslin/significant_results.tsv
2025-01-17 22:51:01 INFO::Writing heatmap of significant results to file: G:/deeplearning/CRC/benchmarker/code/Meta_iTL/Result/feature//TL/Meta_iTL/FR-CRC_AT-CRC_ITA-CRC_JPN-CRC_US-CRC-2_US-CRC-3_CHN_SH-CRC-2_CHN_SH-CRC-3_CHN_WF-CRC/S0.4/CHN_SH-CRC-2_MaAslin/heatmap.pdf
2025-01-17 22:51:01 INFO::Writing association plots (one for each significant association) to output folder: G:/deeplearning/CRC/benchmarker/code/Meta_iTL/Result/feature//TL/Meta_iTL/FR-CRC_AT-CRC_ITA-CRC_JPN-CRC_US-CRC-2_US-CRC-3_CHN_SH-CRC-2_CHN_SH-CRC-3_CHN_WF-CRC/S0.4/CHN_SH-CRC-2_MaAslin
